#
# A fatal error has been detected by the Java Runtime Environment:
#
#  Internal Error (jvmciRuntime.cpp:1609), pid=6173, tid=6188
#  fatal error: Fatal exception in JVMCI: Error calling jdk.vm.ci.services.Services.serializeSavedProperties
#
# JRE version: OpenJDK Runtime Environment GraalVM CE 22.3.0 (17.0.5+8) (build 17.0.5+8-jvmci-22.3-b08)
# Java VM: OpenJDK 64-Bit Server VM GraalVM CE 22.3.0 (17.0.5+8-jvmci-22.3-b08, mixed mode, sharing, tiered, jvmci, jvmci compiler, compressed oops, compressed class ptrs, parallel gc, linux-amd64)
# Problematic frame:
# V  [libjvm.so+0x972714]  JVMCIRuntime::fatal_exception(JVMCIEnv*, char const*)+0x74
#
# Core dump will be written. Default location: Core dumps may be processed with "/usr/share/apport/apport -p%p -s%s -c%c -d%d -P%P -u%u -g%g -- %E" (or dumping to /home/runner/Final-Project/core.6173)
#
# If you would like to submit a bug report, please visit:
#   https://github.com/oracle/graal/issues
#

---------------  S U M M A R Y ------------

Command Line: -XX:ThreadPriorityPolicy=1 -XX:+UnlockExperimentalVMOptions -XX:+EnableJVMCIProduct -XX:JVMCIThreadsPerNativeLibraryRuntime=1 -XX:-UnlockExperimentalVMOptions -Declipse.application=org.eclipse.jdt.ls.core.id1 -Dosgi.bundles.defaultStartLevel=4 -Declipse.product=org.eclipse.jdt.ls.core.product -Dlog.level=ALL -Xverify:none -XX:+UseParallelGC -XX:GCTimeRatio=4 -XX:AdaptiveSizePolicyWeight=90 -Dsun.zip.disableMemoryMapping=true -Xmx512m -Xms100m /nix/store/a7s9klvriqi68xz3qjc0qyfl5h86xc16-jdt-language-server-1.9.0/share/java/plugins/org.eclipse.equinox.launcher_1.6.400.v20210924-0641.jar --add-modules=ALL-SYSTEM --add-opens java.base/java.util=ALL-UNNAMED --add-opens java.base/java.lang=ALL-UNNAMED -configuration /home/runner/Final-Project/.cache/jdt-language-server/config -data /home/runner/Final-Project/.cache/jdt-language-server/data/home/runner/Final-Project

Host: Intel(R) Xeon(R) CPU @ 2.20GHz, 8 cores, 1G, Ubuntu 20.04.2 LTS
Time: Wed Dec 13 22:37:35 2023 UTC elapsed time: 1587.091269 seconds (0d 0h 26m 27s)

---------------  T H R E A D  ---------------

Current thread (0x00007f3fb00b1c80):  JavaThread "JVMCI-native CompilerThread0" daemon [_thread_in_vm, id=6188, stack(0x00007f3f94e1a000,0x00007f3f9501a000)]


Current CompileTask:
JVMCI-native:1587091 7883       4       java.util.concurrent.ConcurrentHashMap::putIfAbsent (8 bytes)

Stack: [0x00007f3f94e1a000,0x00007f3f9501a000],  sp=0x00007f3f95018380,  free space=2040k
Native frames: (J=compiled Java code, j=interpreted, Vv=VM code, C=native code)
V  [libjvm.so+0x972714]  JVMCIRuntime::fatal_exception(JVMCIEnv*, char const*)+0x74
V  [libjvm.so+0x93e2fe]  JVMCIEnv::copy_saved_properties()+0x14e
V  [libjvm.so+0x9732a9]  JVMCIRuntime::initialize(JVMCIEnv*)+0xb19
V  [libjvm.so+0x9738a2]  JVMCIRuntime::get_HotSpotJVMCIRuntime(JVMCIEnv*)+0x12
V  [libjvm.so+0x9749f2]  JVMCIRuntime::compile_method(JVMCIEnv*, JVMCICompiler*, methodHandle const&, int)+0xd2
V  [libjvm.so+0x5b0d20]  CompileBroker::invoke_compiler_on_method(CompileTask*)+0x1470
V  [libjvm.so+0x5b12e8]  CompileBroker::compiler_thread_loop()+0x528
V  [libjvm.so+0xd82460]  JavaThread::thread_main_inner()+0xd0
V  [libjvm.so+0xd85a40]  Thread::call_run()+0xc0
V  [libjvm.so+0xbdb1e1]  thread_native_entry(Thread*)+0xe1

Register to memory mapping:

RAX=0x00007f3fb4af3000 points into unknown readable memory: 0x0000000000000058 | 58 00 00 00 00 00 00 00
RBX=0x00007f3fb5bee398: <offset 0x0000000000ef5398> in /nix/store/gpxl5qgg8kicmcvivwmybwjlpf7wh20l-graalvm17-ce-22.3.0/lib/server/libjvm.so at 0x00007f3fb4cf9000
RCX=0x00007f3fb5ba61e8: <offset 0x0000000000ead1e8> in /nix/store/gpxl5qgg8kicmcvivwmybwjlpf7wh20l-graalvm17-ce-22.3.0/lib/server/libjvm.so at 0x00007f3fb4cf9000
RDX=0x0000000000000649 is an unknown value
RSP=0x00007f3f95018380 is pointing into the stack for thread: 0x00007f3fb00b1c80
RBP=0x00007f3f950183a0 is pointing into the stack for thread: 0x00007f3fb00b1c80
RSI=0x00007f3fb5beec48: <offset 0x0000000000ef5c48> in /nix/store/gpxl5qgg8kicmcvivwmybwjlpf7wh20l-graalvm17-ce-22.3.0/lib/server/libjvm.so at 0x00007f3fb4cf9000
RDI=0x00000000e0000000 is an oop: java.lang.String 
{0x00000000e0000000} - klass: 'java/lang/String'
 - string: "n1Dlkvt7D1rTdL4H/0ytbCEFGvX91tKQV3geMp88JHg="
R8 =0x00007f3fb5bee398: <offset 0x0000000000ef5398> in /nix/store/gpxl5qgg8kicmcvivwmybwjlpf7wh20l-graalvm17-ce-22.3.0/lib/server/libjvm.so at 0x00007f3fb4cf9000
R9 =0x0000000000000003 is an unknown value
R10=0x00007f3fb5f3fda0: <offset 0x0000000001246da0> in /nix/store/gpxl5qgg8kicmcvivwmybwjlpf7wh20l-graalvm17-ce-22.3.0/lib/server/libjvm.so at 0x00007f3fb4cf9000
R11=0x000000080044f048 is pointing into metadata
R12=0x0 is NULL
R13=0x00007f3fb00b1c80 is a thread
R14=0x00007f3fb0000b80 points into unknown readable memory: 0x00007f3fb5e1fa38 | 38 fa e1 b5 3f 7f 00 00
R15=0x00007f3fb5f2de40: <offset 0x0000000001234e40> in /nix/store/gpxl5qgg8kicmcvivwmybwjlpf7wh20l-graalvm17-ce-22.3.0/lib/server/libjvm.so at 0x00007f3fb4cf9000


Registers:
RAX=0x00007f3fb4af3000, RBX=0x00007f3fb5bee398, RCX=0x00007f3fb5ba61e8, RDX=0x0000000000000649
RSP=0x00007f3f95018380, RBP=0x00007f3f950183a0, RSI=0x00007f3fb5beec48, RDI=0x00000000e0000000
R8 =0x00007f3fb5bee398, R9 =0x0000000000000003, R10=0x00007f3fb5f3fda0, R11=0x000000080044f048
R12=0x0000000000000000, R13=0x00007f3fb00b1c80, R14=0x00007f3fb0000b80, R15=0x00007f3fb5f2de40
RIP=0x00007f3fb566b714, EFLAGS=0x0000000000010206, CSGSFS=0x002b000000000033, ERR=0x0000000000000006
  TRAPNO=0x000000000000000e

Top of Stack: (sp=0x00007f3f95018380)
0x00007f3f95018380:   00007f3f95018940 00007f3fb00b1c80
0x00007f3f95018390:   00007f3fb44848c8 0000000800c417a0
0x00007f3f950183a0:   00007f3f95018500 00007f3fb56372fe
0x00007f3f950183b0:   00007f3f950183e0 00007f3f95018440 

Instructions: (pc=0x00007f3fb566b714)
0x00007f3fb566b614:   30 e8 f6 cf e8 ff 4c 89 e7 e8 2e 48 d1 ff 84 db
0x00007f3fb566b624:   75 2a 4d 85 ed 74 04 4d 8b 6d 00 48 83 c4 08 44
0x00007f3fb566b634:   89 f9 4c 89 f2 4c 89 ee 5b 4c 89 e7 41 5c 41 5d
0x00007f3fb566b644:   41 5e 41 5f 5d e9 e2 47 d1 ff 66 90 48 83 c4 08
0x00007f3fb566b654:   5b 41 5c 41 5d 41 5e 41 5f 5d c3 90 31 d2 be 08
0x00007f3fb566b664:   00 00 00 4c 89 ff e8 b1 78 a3 ff 49 89 c5 e9 37
0x00007f3fb566b674:   ff ff ff 66 0f 1f 84 00 00 00 00 00 48 8b 7a 08
0x00007f3fb566b684:   e9 6d ff ff ff 0f 1f 80 00 00 00 00 e8 5b 48 0a
0x00007f3fb566b694:   00 84 c0 75 89 e9 6a ff ff ff 66 90 55 48 89 e5
0x00007f3fb566b6a4:   41 56 41 55 41 54 49 89 fc 53 48 89 f3 66 48 8d
0x00007f3fb566b6b4:   3d 27 5e 85 00 66 66 48 e8 df 43 8d ff 4c 8b 28
0x00007f3fb566b6c4:   8b 05 be 72 8a 00 85 c0 75 14 ba 01 00 00 00 48
0x00007f3fb566b6d4:   8d 0d ae 72 8a 00 f0 0f b1 11 85 c0 74 4e be c8
0x00007f3fb566b6e4:   00 00 00 4c 89 ef e8 01 0b 41 00 48 8d 05 12 ac
0x00007f3fb566b6f4:   85 00 49 89 d8 48 8d 0d e8 aa 53 00 ba 49 06 00
0x00007f3fb566b704:   00 48 8d 35 3c 35 58 00 bf 00 00 00 e0 48 8b 00
0x00007f3fb566b714:   c6 00 58 31 c0 e8 e2 91 c6 ff 5b 41 5c 41 5d 41
0x00007f3fb566b724:   5e 5d e9 55 34 26 00 0f 1f 44 00 00 48 8d 05 81
0x00007f3fb566b734:   a3 8b 00 48 89 df 4c 8b 30 e8 9e 43 8d ff 48 89
0x00007f3fb566b744:   de 48 89 c2 49 8b 06 4c 89 f7 ff 50 08 4c 89 f7
0x00007f3fb566b754:   e8 a7 5c 27 00 4d 85 e4 74 12 be 01 00 00 00 4c
0x00007f3fb566b764:   89 e7 e8 35 43 fc ff eb 82 0f 1f 00 be 01 00 00
0x00007f3fb566b774:   00 4c 89 ef e8 d3 fd ff ff e9 6d ff ff ff 66 66
0x00007f3fb566b784:   2e 0f 1f 84 00 00 00 00 00 0f 1f 00 55 48 89 e5
0x00007f3fb566b794:   41 57 41 56 41 55 41 54 53 48 81 ec 08 02 00 00
0x00007f3fb566b7a4:   64 48 8b 04 25 28 00 00 00 48 89 45 c8 8b 07 83
0x00007f3fb566b7b4:   f8 02 0f 84 11 04 00 00 4c 8b 6f 18 49 89 ff 49
0x00007f3fb566b7c4:   89 f4 4d 85 ed 74 14 4c 89 ef e8 5d 57 22 00 41
0x00007f3fb566b7d4:   8b 07 83 f8 02 0f 84 19 04 00 00 48 8d 1d 9a 06
0x00007f3fb566b7e4:   8a 00 4c 8d 35 0b 3c 58 00 eb 38 90 48 85 d2 7f
0x00007f3fb566b7f4:   0d 48 8d 05 b4 c0 85 00 48 83 38 00 7e 0e 41 8b
0x00007f3fb566b804:   77 2c 4c 89 f7 31 c0 e8 a0 b2 f7 ff 49 8b 7f 18 


Stack slot to memory mapping:
stack at sp + 0 slots: 0x00007f3f95018940 is pointing into the stack for thread: 0x00007f3fb00b1c80
stack at sp + 1 slots: 0x00007f3fb00b1c80 is a thread
stack at sp + 2 slots: 0x00007f3fb44848c8 points into unknown readable memory: 0x65730018052dffff | ff ff 2d 05 18 00 73 65
stack at sp + 3 slots: 0x0000000800c417a0 is a pointer to class: 
jdk.vm.ci.services.Services {0x0000000800c417a0}
 - instance size:     2
 - klass size:        65
 - access:            public final synchronized 
 - state:             fully_initialized
 - name:              'jdk/vm/ci/services/Services'
 - super:             'java/lang/Object'
 - sub:               
 - arrays:            NULL
 - methods:           Array<T>(0x00007f3f9583fbf8)
 - method ordering:   Array<T>(0x0000000800928960)
 - default_methods:   Array<T>(0x0000000000000000)
 - local interfaces:  Array<T>(0x00000008005ce810)
 - trans. interfaces: Array<T>(0x00000008005ce810)
 - constants:         constant pool [427] {0x00007f3f9583dc70} for 'jdk/vm/ci/services/Services' cache=0x00007f3f95841038
 - class loader data:  loader data: 0x00007f3fb0027d30 of 'bootstrap'
 - source file:       'Services.java'
 - class annotations:       Array<T>(0x0000000000000000)
 - class type annotations:  Array<T>(0x0000000000000000)
 - field annotations:       Array<T>(0x0000000000000000)
 - field type annotations:  Array<T>(0x0000000000000000)
 - inner classes:     Array<T>(0x00007f3f95840e98)
 - nest members:     Array<T>(0x00007f3f95840eb8)
 - permitted subclasses:     Array<T>(0x00000008005ce7a0)
 - java mirror:       a 'java/lang/Class'{0x00000000e02b9640} = 'jdk/vm/ci/services/Services'
 - vtable length      5  (start addr: 0x0000000800c41970)
 - itable length      2 (start addr: 0x0000000800c41998)
 - ---- static fields (3 words):
 - public static final 'IS_BUILDING_NATIVE_IMAGE' 'Z' @128 
 - public static final 'IS_IN_NATIVE_IMAGE' 'Z' @129 
 - private static volatile 'savedProperties' 'Ljava/util/Map;' @112 
 - static final 'JVMCI_ENABLED' 'Z' @130 
 - private static final 'servicesCache' 'Ljava/util/Map;' @116 
 - private static final 'MAX_UNICODE_IN_UTF8_LENGTH' 'I' @120 
 - private static final 'MAX_UTF8_PROPERTY_STRING_LENGTH' 'I' @124 
 - ---- non-static fields (0 words):
 - non-static oop maps: 
stack at sp + 4 slots: 0x00007f3f95018500 is pointing into the stack for thread: 0x00007f3fb00b1c80
stack at sp + 5 slots: 0x00007f3fb56372fe: <offset 0x000000000093e2fe> in /nix/store/gpxl5qgg8kicmcvivwmybwjlpf7wh20l-graalvm17-ce-22.3.0/lib/server/libjvm.so at 0x00007f3fb4cf9000
stack at sp + 6 slots: 0x00007f3f950183e0 is pointing into the stack for thread: 0x00007f3fb00b1c80
stack at sp + 7 slots: 0x00007f3f95018440 is pointing into the stack for thread: 0x00007f3fb00b1c80


---------------  P R O C E S S  ---------------

Threads class SMR info:
_java_thread_list=0x00007f3f14009650, length=30, elements={
0x00007f3fb0025fd0, 0x00007f3fb00a5f70, 0x00007f3fb00a73b0, 0x00007f3fb00adaf0,
0x00007f3fb00aeea0, 0x00007f3fb00b0290, 0x00007f3fb00b1c80, 0x00007f3fb00b3190,
0x00007f3fb00b45e0, 0x00007f3fb00df700, 0x00007f3fb0128410, 0x00007f3fb0306440,
0x00007f3fb034dfb0, 0x00007f3fb03510a0, 0x00007f3f44033e10, 0x00007f3f4441d950,
0x00007f3f340010d0, 0x00007f3f38000ff0, 0x00007f3f44621c90, 0x00007f3f446d8b40,
0x00007f3fb01f9880, 0x00007f3fb0405f20, 0x00007f3f20000ff0, 0x00007f3f1c1f08b0,
0x00007f3f1c1f1640, 0x00007f3f1c145f20, 0x00007f3f1c1a0fd0, 0x00007f3f1c1a0490,
0x00007f3f14006400, 0x00007f3f14008c50
}

Java Threads: ( => current thread )
  0x00007f3fb0025fd0 JavaThread "main" [_thread_blocked, id=6180, stack(0x00007f3fb4b14000,0x00007f3fb4c14000)]
  0x00007f3fb00a5f70 JavaThread "Reference Handler" daemon [_thread_blocked, id=6183, stack(0x00007f3f95700000,0x00007f3f95800000)]
  0x00007f3fb00a73b0 JavaThread "Finalizer" daemon [_thread_blocked, id=6184, stack(0x00007f3f95600000,0x00007f3f95700000)]
  0x00007f3fb00adaf0 JavaThread "Signal Dispatcher" daemon [_thread_blocked, id=6185, stack(0x00007f3f9521a000,0x00007f3f9531a000)]
  0x00007f3fb00aeea0 JavaThread "Service Thread" daemon [_thread_blocked, id=6186, stack(0x00007f3f9511a000,0x00007f3f9521a000)]
  0x00007f3fb00b0290 JavaThread "Monitor Deflation Thread" daemon [_thread_blocked, id=6187, stack(0x00007f3f9501a000,0x00007f3f9511a000)]
=>0x00007f3fb00b1c80 JavaThread "JVMCI-native CompilerThread0" daemon [_thread_in_vm, id=6188, stack(0x00007f3f94e1a000,0x00007f3f9501a000)]
  0x00007f3fb00b3190 JavaThread "C1 CompilerThread0" daemon [_thread_blocked, id=6189, stack(0x00007f3f94c1a000,0x00007f3f94e1a000)]
  0x00007f3fb00b45e0 JavaThread "Sweeper thread" daemon [_thread_blocked, id=6190, stack(0x00007f3f94b1a000,0x00007f3f94c1a000)]
  0x00007f3fb00df700 JavaThread "Common-Cleaner" daemon [_thread_blocked, id=6192, stack(0x00007f3f94a1a000,0x00007f3f94b1a000)]
  0x00007f3fb0128410 JavaThread "Notification Thread" daemon [_thread_blocked, id=6194, stack(0x00007f3f9491a000,0x00007f3f94a1a000)]
  0x00007f3fb0306440 JavaThread "Active Thread: Equinox Container: 781b0014-5cca-4520-b360-91ab5fc60504" [_thread_blocked, id=6207, stack(0x00007f3f94600000,0x00007f3f94700000)]
  0x00007f3fb034dfb0 JavaThread "Framework Event Dispatcher: Equinox Container: 781b0014-5cca-4520-b360-91ab5fc60504" daemon [_thread_blocked, id=6210, stack(0x00007f3f94400000,0x00007f3f94500000)]
  0x00007f3fb03510a0 JavaThread "Start Level: Equinox Container: 781b0014-5cca-4520-b360-91ab5fc60504" daemon [_thread_blocked, id=6212, stack(0x00007f3f94200000,0x00007f3f94300000)]
  0x00007f3f44033e10 JavaThread "SCR Component Actor" daemon [_thread_blocked, id=6216, stack(0x00007f3f94000000,0x00007f3f94100000)]
  0x00007f3f4441d950 JavaThread "Worker-JM" [_thread_blocked, id=6224, stack(0x00007f3f5c700000,0x00007f3f5c800000)]
  0x00007f3f340010d0 JavaThread "Worker-1: Java indexing... " [_thread_blocked, id=6228, stack(0x00007f3f5c300000,0x00007f3f5c400000)]
  0x00007f3f38000ff0 JavaThread "Worker-2" [_thread_blocked, id=6229, stack(0x00007f3f5c100000,0x00007f3f5c200000)]
  0x00007f3f44621c90 JavaThread "Java indexing" daemon [_thread_blocked, id=6234, stack(0x00007f3f5bf00000,0x00007f3f5c000000)]
  0x00007f3f446d8b40 JavaThread "Bundle File Closer" daemon [_thread_blocked, id=6252, stack(0x00007f3f5bd00000,0x00007f3f5be00000)]
  0x00007f3fb01f9880 JavaThread "pool-3-thread-1" [_thread_blocked, id=6263, stack(0x00007f3f5c900000,0x00007f3f5ca00000)]
  0x00007f3fb0405f20 JavaThread "pool-2-thread-1" [_thread_blocked, id=6267, stack(0x00007f3f5bb00000,0x00007f3f5bc00000)]
  0x00007f3f20000ff0 JavaThread "Worker-4: Periodic workspace save." [_thread_blocked, id=6272, stack(0x00007f3f5b700000,0x00007f3f5b800000)]
  0x00007f3f1c1f08b0 JavaThread "Thread-2" [_thread_blocked, id=6323, stack(0x00007f3f5b500000,0x00007f3f5b600000)]
  0x00007f3f1c1f1640 JavaThread "Thread-3" [_thread_blocked, id=6324, stack(0x00007f3f5b300000,0x00007f3f5b400000)]
  0x00007f3f1c145f20 JavaThread "Thread-21" [_thread_blocked, id=6396, stack(0x00007f3f5ab00000,0x00007f3f5ac00000)]
  0x00007f3f1c1a0fd0 JavaThread "Thread-27" [_thread_blocked, id=6473, stack(0x00007f3f5af00000,0x00007f3f5b000000)]
  0x00007f3f1c1a0490 JavaThread "Thread-31" [_thread_blocked, id=6533, stack(0x00007f3f5ad00000,0x00007f3f5ae00000)]
  0x00007f3f14006400 JavaThread "Worker-5" [_thread_blocked, id=8061, stack(0x00007f3f5b900000,0x00007f3f5ba00000)]
  0x00007f3f14008c50 JavaThread "ForkJoinPool-1-worker-1" daemon [_thread_blocked, id=10856, stack(0x00007f3f5c500000,0x00007f3f5c600000)]

Other Threads:
  0x00007f3fb00a16b0 VMThread "VM Thread" [stack: 0x00007f3f960b0000,0x00007f3f961b0000] [id=6182] _threads_hazard_ptr=0x00007f3f14009650
  0x00007f3fb0129db0 WatcherThread [stack: 0x00007f3f9481a000,0x00007f3f9491a000] [id=6195]
  0x00007f3fb003d8d0 GCTaskThread "GC Thread#0" [stack: 0x00007f3fb46d7000,0x00007f3fb47d7000] [id=6181]

Threads with active compile tasks:
JVMCI-native CompilerThread0  1587243 7883       4       java.util.concurrent.ConcurrentHashMap::putIfAbsent (8 bytes)

VM state: synchronizing (normal execution)

VM Mutex/Monitor currently owned by a thread:  ([mutex/lock_event])
[0x00007f3fb0023120] Threads_lock - owner thread: 0x00007f3fb00a16b0
[0x00007f3fb00238d0] Heap_lock - owner thread: 0x00007f3f44621c90

OutOfMemory and StackOverflow Exception counts:
OutOfMemoryError java_heap_errors=1
LinkageErrors=39

Heap address: 0x00000000e0000000, size: 512 MB, Compressed Oops mode: 32-bit

CDS archive(s) mapped at: [0x0000000800000000-0x0000000800bc8000-0x0000000800bc8000), size 12353536, SharedBaseAddress: 0x0000000800000000, ArchiveRelocationMode: 0.
Compressed class space mapped at: 0x0000000800c00000-0x0000000840c00000, reserved size: 1073741824
Narrow klass base: 0x0000000800000000, Narrow klass shift: 0, Narrow klass range: 0x100000000

GC Precious Log:
 CPUs: 8 total, 1 available
 Memory: 1024M
 Large Page Support: Disabled
 NUMA Support: Disabled
 Compressed Oops: Enabled (32-bit)
 Alignments: Space 512K, Generation 512K, Heap 2M
 Heap Min Capacity: 100M
 Heap Initial Capacity: 100M
 Heap Max Capacity: 512M
 Pre-touch: Disabled
 Parallel Workers: 1

Heap:
 PSYoungGen      total 32768K, used 24063K [0x00000000f5580000, 0x00000000f8200000, 0x0000000100000000)
  eden space 24064K, 99% used [0x00000000f5580000,0x00000000f6cffff8,0x00000000f6d00000)
  from space 8704K, 0% used [0x00000000f7980000,0x00000000f7980000,0x00000000f8200000)
  to   space 9728K, 0% used [0x00000000f6d00000,0x00000000f6d00000,0x00000000f7680000)
 ParOldGen       total 349696K, used 349695K [0x00000000e0000000, 0x00000000f5580000, 0x00000000f5580000)
  object space 349696K, 99% used [0x00000000e0000000,0x00000000f557fff8,0x00000000f5580000)
 Metaspace       used 51696K, committed 52608K, reserved 1097728K
  class space    used 4989K, committed 5440K, reserved 1048576K

Card table byte_map: [0x00007f3fb47d7000,0x00007f3fb48d8000] _byte_map_base: 0x00007f3fb40d7000

Marking Bits: (ParMarkBitMap*) 0x00007f3fb5f274c0
 Begin Bits: [0x00007f3f964b3000, 0x00007f3f96cb3000)
 End Bits:   [0x00007f3f96cb3000, 0x00007f3f974b3000)

Polling page: 0x00007f3fb4af1000

Metaspace:

Usage:
  Non-class:     45.61 MB used.
      Class:      4.87 MB used.
       Both:     50.48 MB used.

Virtual space:
  Non-class space:       48.00 MB reserved,      46.06 MB ( 96%) committed,  6 nodes.
      Class space:        1.00 GB reserved,       5.31 MB ( <1%) committed,  1 nodes.
             Both:        1.05 GB reserved,      51.38 MB (  5%) committed. 

Chunk freelists:
   Non-Class:  1.91 MB
       Class:  2.57 MB
        Both:  4.48 MB

MaxMetaspaceSize: unlimited
CompressedClassSpaceSize: 1.00 GB
Initial GC threshold: 21.00 MB
Current GC threshold: 85.56 MB
CDS: on
MetaspaceReclaimPolicy: balanced
 - commit_granule_bytes: 65536.
 - commit_granule_words: 8192.
 - virtual_space_node_default_size: 1048576.
 - enlarge_chunks_in_place: 1.
 - new_chunks_are_fully_committed: 0.
 - uncommit_free_chunks: 1.
 - use_allocation_guard: 0.
 - handle_deallocations: 1.


Internal statistics:

num_allocs_failed_limit: 8.
num_arena_births: 324.
num_arena_deaths: 56.
num_vsnodes_births: 7.
num_vsnodes_deaths: 0.
num_space_committed: 821.
num_space_uncommitted: 0.
num_chunks_returned_to_freelist: 76.
num_chunks_taken_from_freelist: 2423.
num_chunk_merges: 33.
num_chunk_splits: 1591.
num_chunks_enlarged: 999.
num_purges: 2.
num_inconsistent_stats: 0.

CodeHeap 'non-profiled nmethods': size=120036Kb used=2135Kb max_used=2192Kb free=117900Kb
 bounds [0x00007f3f9ef7a000, 0x00007f3f9f1ea000, 0x00007f3fa64b3000]
CodeHeap 'profiled nmethods': size=120032Kb used=13669Kb max_used=16007Kb free=106362Kb
 bounds [0x00007f3f97a42000, 0x00007f3f989f2000, 0x00007f3f9ef7a000]
CodeHeap 'non-nmethods': size=5692Kb used=1357Kb max_used=1364Kb free=4334Kb
 bounds [0x00007f3f974b3000, 0x00007f3f97723000, 0x00007f3f97a42000]
 total_blobs=6652 nmethods=5962 adapters=578
 compilation: enabled
              stopped_count=0, restarted_count=0
 full_count=0

JVMCI Events (20 events):
Event: 1310.966 Thread 0x00007f3fb00b1c80 destroyed JavaVM[9]@0x00007f3f2969e340 for JVMCI runtime 0
Event: 1310.966 Thread 0x00007f3fb00b1c80 compacted oop handles in JVMCI runtime 0 from 61 to 61
Event: 1310.966 Thread 0x00007f3fb00b1c80 releasing handles for JVMCI runtime 0: oop handles=61, metadata handles={total=96, live=95, blocks=34}
Event: 1310.966 Thread 0x00007f3fb00b1c80 detached from JVMCI runtime 0
Event: 1384.070 Thread 0x00007f3fb00b1c80 attached to JVMCI runtime 0
Event: 1384.072 Thread 0x00007f3fb00b1c80 created JavaVM[10]@0x00007f3f2969e340 for JVMCI runtime 0
Event: 1386.063 Thread 0x00007f3fb00b1c80 initializing JVMCI runtime 0
Event: 1386.063 Thread 0x00007f3fb00b1c80 done waiting for JavaVM references initialization in JVMCI runtime 0
Event: 1436.790 Thread 0x00007f3fb00b1c80 initialized JVMCI runtime 0
Event: 1456.369 Thread 0x00007f3fb00b1c80 detaching from JVMCI runtime 0: releasing idle compiler thread (0 other threads still attached)
Event: 1456.369 Thread 0x00007f3fb00b1c80 shutting down HotSpotJVMCIRuntime for JVMCI runtime 0
Event: 1458.154 Thread 0x00007f3fb00b1c80 shut down JVMCI runtime 0
Event: 1460.167 Thread 0x00007f3fb00b1c80 destroyed JavaVM[10]@0x00007f3f2969e340 for JVMCI runtime 0
Event: 1460.167 Thread 0x00007f3fb00b1c80 compacted oop handles in JVMCI runtime 0 from 43 to 43
Event: 1460.167 Thread 0x00007f3fb00b1c80 releasing handles for JVMCI runtime 0: oop handles=43, metadata handles={total=90, live=75, blocks=34}
Event: 1460.167 Thread 0x00007f3fb00b1c80 detached from JVMCI runtime 0
Event: 1534.784 Thread 0x00007f3fb00b1c80 attached to JVMCI runtime 0
Event: 1534.789 Thread 0x00007f3fb00b1c80 created JavaVM[11]@0x00007f3f2969e340 for JVMCI runtime 0
Event: 1536.663 Thread 0x00007f3fb00b1c80 initializing JVMCI runtime 0
Event: 1536.663 Thread 0x00007f3fb00b1c80 done waiting for JavaVM references initialization in JVMCI runtime 0

Compilation events (20 events):
Event: 1320.366 Thread 0x00007f3fb00b3190 nmethod 7870 0x00007f3f9f0f1290 code [0x00007f3f9f0f1420, 0x00007f3f9f0f14f0]
Event: 1331.657 Thread 0x00007f3fb00b3190 7871       3       java.util.concurrent.ScheduledThreadPoolExecutor$DelayedWorkQueue::setIndex (16 bytes)
Event: 1331.658 Thread 0x00007f3fb00b3190 nmethod 7871 0x00007f3f97c84510 code [0x00007f3f97c846c0, 0x00007f3f97c84c90]
Event: 1331.658 Thread 0x00007f3fb00b3190 7872       3       java.util.concurrent.locks.AbstractQueuedSynchronizer$ConditionObject::canReacquire (28 bytes)
Event: 1331.658 Thread 0x00007f3fb00b3190 nmethod 7872 0x00007f3f97b9d590 code [0x00007f3f97b9d740, 0x00007f3f97b9da90]
Event: 1380.258 Thread 0x00007f3fb00b3190 7875       3       java.util.concurrent.locks.AbstractQueuedSynchronizer$Node::clearStatus (12 bytes)
Event: 1382.197 Thread 0x00007f3fb00b3190 nmethod 7875 0x00007f3f97bc9010 code [0x00007f3f97bc91c0, 0x00007f3f97bc9320]
Event: 1384.070 Thread 0x00007f3fb00b1c80 7877       4       java.lang.invoke.MethodType::hashCode (53 bytes)
Event: 1412.910 Thread 0x00007f3fb00b3190 7878       3       java.util.concurrent.locks.LockSupport::parkNanos (29 bytes)
Event: 1417.072 Thread 0x00007f3fb00b3190 nmethod 7878 0x00007f3f97a93190 code [0x00007f3f97a93360, 0x00007f3f97a93560]
Event: 1454.657 Thread 0x00007f3fb00b1c80 nmethod 7877 0x00007f3f9f0f0690 code [0x00007f3f9f0f0820, 0x00007f3f9f0f0a18]
Event: 1534.784 Thread 0x00007f3fb00b1c80 7883       4       java.util.concurrent.ConcurrentHashMap::putIfAbsent (8 bytes)
Event: 1534.785 Thread 0x00007f3fb00b3190 7880       3       sun.invoke.util.Wrapper::isSubwordOrInt (20 bytes)
Event: 1534.786 Thread 0x00007f3fb00b3190 nmethod 7880 0x00007f3f97b10610 code [0x00007f3f97b107e0, 0x00007f3f97b10bf0]
Event: 1534.786 Thread 0x00007f3fb00b3190 7881       3       sun.invoke.util.Wrapper::isIntegral (23 bytes)
Event: 1534.786 Thread 0x00007f3fb00b3190 nmethod 7881 0x00007f3f97b8ea10 code [0x00007f3f97b8ebc0, 0x00007f3f97b8ee10]
Event: 1534.786 Thread 0x00007f3fb00b3190 7882       3       sun.invoke.util.Wrapper::isNumeric (16 bytes)
Event: 1534.786 Thread 0x00007f3fb00b3190 nmethod 7882 0x00007f3f980c0090 code [0x00007f3f980c0220, 0x00007f3f980c0390]
Event: 1536.663 Thread 0x00007f3fb00b3190 7884       3       java.util.concurrent.ScheduledThreadPoolExecutor$ScheduledFutureTask::getDelay (16 bytes)
Event: 1536.664 Thread 0x00007f3fb00b3190 nmethod 7884 0x00007f3f97bffc90 code [0x00007f3f97bffe40, 0x00007f3f97bfffc0]

GC Heap History (20 events):
Event: 1569.750 GC heap before
{Heap before GC invocations=812 (full 720):
 PSYoungGen      total 32768K, used 24063K [0x00000000f5580000, 0x00000000f8200000, 0x0000000100000000)
  eden space 24064K, 99% used [0x00000000f5580000,0x00000000f6cffee8,0x00000000f6d00000)
  from space 8704K, 0% used [0x00000000f7980000,0x00000000f7980000,0x00000000f8200000)
  to   space 9728K, 0% used [0x00000000f6d00000,0x00000000f6d00000,0x00000000f7680000)
 ParOldGen       total 349696K, used 349693K [0x00000000e0000000, 0x00000000f5580000, 0x00000000f5580000)
  object space 349696K, 99% used [0x00000000e0000000,0x00000000f557f6a8,0x00000000f5580000)
 Metaspace       used 51696K, committed 52608K, reserved 1097728K
  class space    used 4989K, committed 5440K, reserved 1048576K
}
Event: 1571.392 GC heap after
{Heap after GC invocations=812 (full 720):
 PSYoungGen      total 33792K, used 24063K [0x00000000f5580000, 0x00000000f8200000, 0x0000000100000000)
  eden space 24064K, 99% used [0x00000000f5580000,0x00000000f6cffe88,0x00000000f6d00000)
  from space 9728K, 0% used [0x00000000f6d00000,0x00000000f6d00000,0x00000000f7680000)
  to   space 8704K, 0% used [0x00000000f7980000,0x00000000f7980000,0x00000000f8200000)
 ParOldGen       total 349696K, used 349693K [0x00000000e0000000, 0x00000000f5580000, 0x00000000f5580000)
  object space 349696K, 99% used [0x00000000e0000000,0x00000000f557f6a8,0x00000000f5580000)
 Metaspace       used 51696K, committed 52608K, reserved 1097728K
  class space    used 4989K, committed 5440K, reserved 1048576K
}
Event: 1571.393 GC heap before
{Heap before GC invocations=813 (full 721):
 PSYoungGen      total 33792K, used 24063K [0x00000000f5580000, 0x00000000f8200000, 0x0000000100000000)
  eden space 24064K, 99% used [0x00000000f5580000,0x00000000f6cffff8,0x00000000f6d00000)
  from space 9728K, 0% used [0x00000000f6d00000,0x00000000f6d00000,0x00000000f7680000)
  to   space 8704K, 0% used [0x00000000f7980000,0x00000000f7980000,0x00000000f8200000)
 ParOldGen       total 349696K, used 349695K [0x00000000e0000000, 0x00000000f5580000, 0x00000000f5580000)
  object space 349696K, 99% used [0x00000000e0000000,0x00000000f557fc28,0x00000000f5580000)
 Metaspace       used 51696K, committed 52608K, reserved 1097728K
  class space    used 4989K, committed 5440K, reserved 1048576K
}
Event: 1573.249 GC heap after
{Heap after GC invocations=813 (full 721):
 PSYoungGen      total 32768K, used 24063K [0x00000000f5580000, 0x00000000f8200000, 0x0000000100000000)
  eden space 24064K, 99% used [0x00000000f5580000,0x00000000f6cffe80,0x00000000f6d00000)
  from space 8704K, 0% used [0x00000000f7980000,0x00000000f7980000,0x00000000f8200000)
  to   space 9728K, 0% used [0x00000000f6d00000,0x00000000f6d00000,0x00000000f7680000)
 ParOldGen       total 349696K, used 349694K [0x00000000e0000000, 0x00000000f5580000, 0x00000000f5580000)
  object space 349696K, 99% used [0x00000000e0000000,0x00000000f557fa00,0x00000000f5580000)
 Metaspace       used 51696K, committed 52608K, reserved 1097728K
  class space    used 4989K, committed 5440K, reserved 1048576K
}
Event: 1573.250 GC heap before
{Heap before GC invocations=814 (full 722):
 PSYoungGen      total 32768K, used 24063K [0x00000000f5580000, 0x00000000f8200000, 0x0000000100000000)
  eden space 24064K, 99% used [0x00000000f5580000,0x00000000f6cffff8,0x00000000f6d00000)
  from space 8704K, 0% used [0x00000000f7980000,0x00000000f7980000,0x00000000f8200000)
  to   space 9728K, 0% used [0x00000000f6d00000,0x00000000f6d00000,0x00000000f7680000)
 ParOldGen       total 349696K, used 349695K [0x00000000e0000000, 0x00000000f5580000, 0x00000000f5580000)
  object space 349696K, 99% used [0x00000000e0000000,0x00000000f557ffe8,0x00000000f5580000)
 Metaspace       used 51696K, committed 52608K, reserved 1097728K
  class space    used 4989K, committed 5440K, reserved 1048576K
}
Event: 1574.956 GC heap after
{Heap after GC invocations=814 (full 722):
 PSYoungGen      total 33792K, used 24063K [0x00000000f5580000, 0x00000000f8200000, 0x0000000100000000)
  eden space 24064K, 99% used [0x00000000f5580000,0x00000000f6cfff38,0x00000000f6d00000)
  from space 9728K, 0% used [0x00000000f6d00000,0x00000000f6d00000,0x00000000f7680000)
  to   space 8704K, 0% used [0x00000000f7980000,0x00000000f7980000,0x00000000f8200000)
 ParOldGen       total 349696K, used 349695K [0x00000000e0000000, 0x00000000f5580000, 0x00000000f5580000)
  object space 349696K, 99% used [0x00000000e0000000,0x00000000f557fe90,0x00000000f5580000)
 Metaspace       used 51696K, committed 52608K, reserved 1097728K
  class space    used 4989K, committed 5440K, reserved 1048576K
}
Event: 1574.957 GC heap before
{Heap before GC invocations=815 (full 723):
 PSYoungGen      total 33792K, used 24063K [0x00000000f5580000, 0x00000000f8200000, 0x0000000100000000)
  eden space 24064K, 99% used [0x00000000f5580000,0x00000000f6cffff8,0x00000000f6d00000)
  from space 9728K, 0% used [0x00000000f6d00000,0x00000000f6d00000,0x00000000f7680000)
  to   space 8704K, 0% used [0x00000000f7980000,0x00000000f7980000,0x00000000f8200000)
 ParOldGen       total 349696K, used 349695K [0x00000000e0000000, 0x00000000f5580000, 0x00000000f5580000)
  object space 349696K, 99% used [0x00000000e0000000,0x00000000f557fe90,0x00000000f5580000)
 Metaspace       used 51696K, committed 52608K, reserved 1097728K
  class space    used 4989K, committed 5440K, reserved 1048576K
}
Event: 1576.760 GC heap after
{Heap after GC invocations=815 (full 723):
 PSYoungGen      total 32768K, used 24063K [0x00000000f5580000, 0x00000000f8200000, 0x0000000100000000)
  eden space 24064K, 99% used [0x00000000f5580000,0x00000000f6cfff10,0x00000000f6d00000)
  from space 8704K, 0% used [0x00000000f7980000,0x00000000f7980000,0x00000000f8200000)
  to   space 9728K, 0% used [0x00000000f6d00000,0x00000000f6d00000,0x00000000f7680000)
 ParOldGen       total 349696K, used 349695K [0x00000000e0000000, 0x00000000f5580000, 0x00000000f5580000)
  object space 349696K, 99% used [0x00000000e0000000,0x00000000f557fc80,0x00000000f5580000)
 Metaspace       used 51696K, committed 52608K, reserved 1097728K
  class space    used 4989K, committed 5440K, reserved 1048576K
}
Event: 1576.761 GC heap before
{Heap before GC invocations=816 (full 724):
 PSYoungGen      total 32768K, used 24064K [0x00000000f5580000, 0x00000000f8200000, 0x0000000100000000)
  eden space 24064K, 100% used [0x00000000f5580000,0x00000000f6d00000,0x00000000f6d00000)
  from space 8704K, 0% used [0x00000000f7980000,0x00000000f7980000,0x00000000f8200000)
  to   space 9728K, 0% used [0x00000000f6d00000,0x00000000f6d00000,0x00000000f7680000)
 ParOldGen       total 349696K, used 349695K [0x00000000e0000000, 0x00000000f5580000, 0x00000000f5580000)
  object space 349696K, 99% used [0x00000000e0000000,0x00000000f557fc80,0x00000000f5580000)
 Metaspace       used 51696K, committed 52608K, reserved 1097728K
  class space    used 4989K, committed 5440K, reserved 1048576K
}
Event: 1578.300 GC heap after
{Heap after GC invocations=816 (full 724):
 PSYoungGen      total 33792K, used 24063K [0x00000000f5580000, 0x00000000f8200000, 0x0000000100000000)
  eden space 24064K, 99% used [0x00000000f5580000,0x00000000f6cfffc8,0x00000000f6d00000)
  from space 9728K, 0% used [0x00000000f6d00000,0x00000000f6d00000,0x00000000f7680000)
  to   space 8704K, 0% used [0x00000000f7980000,0x00000000f7980000,0x00000000f8200000)
 ParOldGen       total 349696K, used 349695K [0x00000000e0000000, 0x00000000f5580000, 0x00000000f5580000)
  object space 349696K, 99% used [0x00000000e0000000,0x00000000f557fc80,0x00000000f5580000)
 Metaspace       used 51696K, committed 52608K, reserved 1097728K
  class space    used 4989K, committed 5440K, reserved 1048576K
}
Event: 1578.301 GC heap before
{Heap before GC invocations=817 (full 725):
 PSYoungGen      total 33792K, used 24064K [0x00000000f5580000, 0x00000000f8200000, 0x0000000100000000)
  eden space 24064K, 100% used [0x00000000f5580000,0x00000000f6d00000,0x00000000f6d00000)
  from space 9728K, 0% used [0x00000000f6d00000,0x00000000f6d00000,0x00000000f7680000)
  to   space 8704K, 0% used [0x00000000f7980000,0x00000000f7980000,0x00000000f8200000)
 ParOldGen       total 349696K, used 349695K [0x00000000e0000000, 0x00000000f5580000, 0x00000000f5580000)
  object space 349696K, 99% used [0x00000000e0000000,0x00000000f557fc80,0x00000000f5580000)
 Metaspace       used 51696K, committed 52608K, reserved 1097728K
  class space    used 4989K, committed 5440K, reserved 1048576K
}
Event: 1580.072 GC heap after
{Heap after GC invocations=817 (full 725):
 PSYoungGen      total 32768K, used 24063K [0x00000000f5580000, 0x00000000f8200000, 0x0000000100000000)
  eden space 24064K, 99% used [0x00000000f5580000,0x00000000f6cfff30,0x00000000f6d00000)
  from space 8704K, 0% used [0x00000000f7980000,0x00000000f7980000,0x00000000f8200000)
  to   space 9728K, 0% used [0x00000000f6d00000,0x00000000f6d00000,0x00000000f7680000)
 ParOldGen       total 349696K, used 349695K [0x00000000e0000000, 0x00000000f5580000, 0x00000000f5580000)
  object space 349696K, 99% used [0x00000000e0000000,0x00000000f557fc20,0x00000000f5580000)
 Metaspace       used 51696K, committed 52608K, reserved 1097728K
  class space    used 4989K, committed 5440K, reserved 1048576K
}
Event: 1580.072 GC heap before
{Heap before GC invocations=818 (full 726):
 PSYoungGen      total 32768K, used 24063K [0x00000000f5580000, 0x00000000f8200000, 0x0000000100000000)
  eden space 24064K, 99% used [0x00000000f5580000,0x00000000f6cffff8,0x00000000f6d00000)
  from space 8704K, 0% used [0x00000000f7980000,0x00000000f7980000,0x00000000f8200000)
  to   space 9728K, 0% used [0x00000000f6d00000,0x00000000f6d00000,0x00000000f7680000)
 ParOldGen       total 349696K, used 349695K [0x00000000e0000000, 0x00000000f5580000, 0x00000000f5580000)
  object space 349696K, 99% used [0x00000000e0000000,0x00000000f557fc20,0x00000000f5580000)
 Metaspace       used 51696K, committed 52608K, reserved 1097728K
  class space    used 4989K, committed 5440K, reserved 1048576K
}
Event: 1581.765 GC heap after
{Heap after GC invocations=818 (full 726):
 PSYoungGen      total 33792K, used 24063K [0x00000000f5580000, 0x00000000f8200000, 0x0000000100000000)
  eden space 24064K, 99% used [0x00000000f5580000,0x00000000f6cfff68,0x00000000f6d00000)
  from space 9728K, 0% used [0x00000000f6d00000,0x00000000f6d00000,0x00000000f7680000)
  to   space 8704K, 0% used [0x00000000f7980000,0x00000000f7980000,0x00000000f8200000)
 ParOldGen       total 349696K, used 349695K [0x00000000e0000000, 0x00000000f5580000, 0x00000000f5580000)
  object space 349696K, 99% used [0x00000000e0000000,0x00000000f557fc00,0x00000000f5580000)
 Metaspace       used 51696K, committed 52608K, reserved 1097728K
  class space    used 4989K, committed 5440K, reserved 1048576K
}
Event: 1581.765 GC heap before
{Heap before GC invocations=819 (full 727):
 PSYoungGen      total 33792K, used 24063K [0x00000000f5580000, 0x00000000f8200000, 0x0000000100000000)
  eden space 24064K, 99% used [0x00000000f5580000,0x00000000f6cffff8,0x00000000f6d00000)
  from space 9728K, 0% used [0x00000000f6d00000,0x00000000f6d00000,0x00000000f7680000)
  to   space 8704K, 0% used [0x00000000f7980000,0x00000000f7980000,0x00000000f8200000)
 ParOldGen       total 349696K, used 349695K [0x00000000e0000000, 0x00000000f5580000, 0x00000000f5580000)
  object space 349696K, 99% used [0x00000000e0000000,0x00000000f557fc00,0x00000000f5580000)
 Metaspace       used 51696K, committed 52608K, reserved 1097728K
  class space    used 4989K, committed 5440K, reserved 1048576K
}
Event: 1583.570 GC heap after
{Heap after GC invocations=819 (full 727):
 PSYoungGen      total 32768K, used 24063K [0x00000000f5580000, 0x00000000f8200000, 0x0000000100000000)
  eden space 24064K, 99% used [0x00000000f5580000,0x00000000f6cfff68,0x00000000f6d00000)
  from space 8704K, 0% used [0x00000000f7980000,0x00000000f7980000,0x00000000f8200000)
  to   space 9728K, 0% used [0x00000000f6d00000,0x00000000f6d00000,0x00000000f7680000)
 ParOldGen       total 349696K, used 349695K [0x00000000e0000000, 0x00000000f5580000, 0x00000000f5580000)
  object space 349696K, 99% used [0x00000000e0000000,0x00000000f557fc00,0x00000000f5580000)
 Metaspace       used 51696K, committed 52608K, reserved 1097728K
  class space    used 4989K, committed 5440K, reserved 1048576K
}
Event: 1583.570 GC heap before
{Heap before GC invocations=820 (full 728):
 PSYoungGen      total 32768K, used 24063K [0x00000000f5580000, 0x00000000f8200000, 0x0000000100000000)
  eden space 24064K, 99% used [0x00000000f5580000,0x00000000f6cfffb8,0x00000000f6d00000)
  from space 8704K, 0% used [0x00000000f7980000,0x00000000f7980000,0x00000000f8200000)
  to   space 9728K, 0% used [0x00000000f6d00000,0x00000000f6d00000,0x00000000f7680000)
 ParOldGen       total 349696K, used 349695K [0x00000000e0000000, 0x00000000f5580000, 0x00000000f5580000)
  object space 349696K, 99% used [0x00000000e0000000,0x00000000f557fc00,0x00000000f5580000)
 Metaspace       used 51696K, committed 52608K, reserved 1097728K
  class space    used 4989K, committed 5440K, reserved 1048576K
}
Event: 1585.182 GC heap after
{Heap after GC invocations=820 (full 728):
 PSYoungGen      total 33792K, used 24063K [0x00000000f5580000, 0x00000000f8200000, 0x0000000100000000)
  eden space 24064K, 99% used [0x00000000f5580000,0x00000000f6cfff68,0x00000000f6d00000)
  from space 9728K, 0% used [0x00000000f6d00000,0x00000000f6d00000,0x00000000f7680000)
  to   space 8704K, 0% used [0x00000000f7980000,0x00000000f7980000,0x00000000f8200000)
 ParOldGen       total 349696K, used 349695K [0x00000000e0000000, 0x00000000f5580000, 0x00000000f5580000)
  object space 349696K, 99% used [0x00000000e0000000,0x00000000f557fc00,0x00000000f5580000)
 Metaspace       used 51696K, committed 52608K, reserved 1097728K
  class space    used 4989K, committed 5440K, reserved 1048576K
}
Event: 1585.182 GC heap before
{Heap before GC invocations=821 (full 729):
 PSYoungGen      total 33792K, used 24063K [0x00000000f5580000, 0x00000000f8200000, 0x0000000100000000)
  eden space 24064K, 99% used [0x00000000f5580000,0x00000000f6cfff68,0x00000000f6d00000)
  from space 9728K, 0% used [0x00000000f6d00000,0x00000000f6d00000,0x00000000f7680000)
  to   space 8704K, 0% used [0x00000000f7980000,0x00000000f7980000,0x00000000f8200000)
 ParOldGen       total 349696K, used 349695K [0x00000000e0000000, 0x00000000f5580000, 0x00000000f5580000)
  object space 349696K, 99% used [0x00000000e0000000,0x00000000f557fc00,0x00000000f5580000)
 Metaspace       used 51696K, committed 52608K, reserved 1097728K
  class space    used 4989K, committed 5440K, reserved 1048576K
}
Event: 1587.079 GC heap after
{Heap after GC invocations=821 (full 729):
 PSYoungGen      total 32768K, used 24063K [0x00000000f5580000, 0x00000000f8200000, 0x0000000100000000)
  eden space 24064K, 99% used [0x00000000f5580000,0x00000000f6cffe70,0x00000000f6d00000)
  from space 8704K, 0% used [0x00000000f7980000,0x00000000f7980000,0x00000000f8200000)
  to   space 9728K, 0% used [0x00000000f6d00000,0x00000000f6d00000,0x00000000f7680000)
 ParOldGen       total 349696K, used 349695K [0x00000000e0000000, 0x00000000f5580000, 0x00000000f5580000)
  object space 349696K, 99% used [0x00000000e0000000,0x00000000f557fc00,0x00000000f5580000)
 Metaspace       used 51696K, committed 52608K, reserved 1097728K
  class space    used 4989K, committed 5440K, reserved 1048576K
}

Dll operation events (8 events):
Event: 0.002 Loaded shared library /nix/store/gpxl5qgg8kicmcvivwmybwjlpf7wh20l-graalvm17-ce-22.3.0/lib/libjava.so
Event: 0.062 Loaded shared library /nix/store/gpxl5qgg8kicmcvivwmybwjlpf7wh20l-graalvm17-ce-22.3.0/lib/libjsvml.so
Event: 0.316 Loaded shared library /nix/store/gpxl5qgg8kicmcvivwmybwjlpf7wh20l-graalvm17-ce-22.3.0/lib/libnio.so
Event: 0.348 Loaded shared library /nix/store/gpxl5qgg8kicmcvivwmybwjlpf7wh20l-graalvm17-ce-22.3.0/lib/libzip.so
Event: 0.355 Loaded shared library /nix/store/gpxl5qgg8kicmcvivwmybwjlpf7wh20l-graalvm17-ce-22.3.0/lib/libjvmcicompiler.so
Event: 0.860 Loaded shared library /nix/store/gpxl5qgg8kicmcvivwmybwjlpf7wh20l-graalvm17-ce-22.3.0/lib/libjimage.so
Event: 3.056 Loaded shared library /nix/store/gpxl5qgg8kicmcvivwmybwjlpf7wh20l-graalvm17-ce-22.3.0/lib/libnet.so
Event: 5.058 Loaded shared library /home/runner/Final-Project/.cache/jdt-language-server/config/org.eclipse.equinox.launcher/org.eclipse.equinox.launcher.gtk.linux.x86_64_1.2.400.v20211117-0650/eclipse_11600.so

Deoptimization events (20 events):
Event: 109.268 Thread 0x00007f3f44621c90 DEOPT PACKING pc=0x00007f3f9802bddd sp=0x00007f3f5bffe530
Event: 109.268 Thread 0x00007f3f44621c90 DEOPT UNPACKING pc=0x00007f3f97505325 sp=0x00007f3f5bffda20 mode 0
Event: 109.271 Thread 0x00007f3f44621c90 DEOPT PACKING pc=0x00007f3f9802bddd sp=0x00007f3f5bffe530
Event: 109.271 Thread 0x00007f3f44621c90 DEOPT UNPACKING pc=0x00007f3f97505325 sp=0x00007f3f5bffda20 mode 0
Event: 109.273 Thread 0x00007f3f44621c90 DEOPT PACKING pc=0x00007f3f9802bddd sp=0x00007f3f5bffe530
Event: 109.273 Thread 0x00007f3f44621c90 DEOPT UNPACKING pc=0x00007f3f97505325 sp=0x00007f3f5bffda20 mode 0
Event: 109.357 Thread 0x00007f3f44621c90 DEOPT PACKING pc=0x00007f3f9802bddd sp=0x00007f3f5bffe530
Event: 109.357 Thread 0x00007f3f44621c90 DEOPT UNPACKING pc=0x00007f3f97505325 sp=0x00007f3f5bffda20 mode 0
Event: 109.368 Thread 0x00007f3f44621c90 DEOPT PACKING pc=0x00007f3f9802bddd sp=0x00007f3f5bffe530
Event: 109.368 Thread 0x00007f3f44621c90 DEOPT UNPACKING pc=0x00007f3f97505325 sp=0x00007f3f5bffda20 mode 0
Event: 109.373 Thread 0x00007f3f44621c90 DEOPT PACKING pc=0x00007f3f9802bddd sp=0x00007f3f5bffe530
Event: 109.373 Thread 0x00007f3f44621c90 DEOPT UNPACKING pc=0x00007f3f97505325 sp=0x00007f3f5bffda20 mode 0
Event: 109.376 Thread 0x00007f3f44621c90 DEOPT PACKING pc=0x00007f3f9802bddd sp=0x00007f3f5bffe530
Event: 109.376 Thread 0x00007f3f44621c90 DEOPT UNPACKING pc=0x00007f3f97505325 sp=0x00007f3f5bffda20 mode 0
Event: 109.378 Thread 0x00007f3f44621c90 DEOPT PACKING pc=0x00007f3f9802bddd sp=0x00007f3f5bffe530
Event: 109.378 Thread 0x00007f3f44621c90 DEOPT UNPACKING pc=0x00007f3f97505325 sp=0x00007f3f5bffda20 mode 0
Event: 497.073 Thread 0x00007f3fb0405f20 Uncommon trap: trap_request=0xffffffed fr.pc=0x00007f3f9f199e77 relative=0x0000000000000797
Event: 497.073 Thread 0x00007f3fb0405f20 Uncommon trap: reason=null_assert_or_unreached0 action=reinterpret pc=0x00007f3f9f199e77 method=org.eclipse.core.runtime.Path.computeLength()I @ 84 jvmci
Event: 497.073 Thread 0x00007f3fb0405f20 DEOPT PACKING pc=0x00007f3f9f199e77 sp=0x00007f3f5bbfd280
Event: 497.073 Thread 0x00007f3fb0405f20 DEOPT UNPACKING pc=0x00007f3f97505325 sp=0x00007f3f5bbfc690 mode 3

Classes unloaded (20 events):
Event: 125.502 Thread 0x00007f3fb00a16b0 Unloading class 0x0000000800d91400 'java/lang/invoke/LambdaForm$MH+0x0000000800d91400'
Event: 125.502 Thread 0x00007f3fb00a16b0 Unloading class 0x0000000800d91000 'java/lang/invoke/LambdaForm$MH+0x0000000800d91000'
Event: 125.502 Thread 0x00007f3fb00a16b0 Unloading class 0x0000000800d90c00 'java/lang/invoke/LambdaForm$MH+0x0000000800d90c00'
Event: 125.502 Thread 0x00007f3fb00a16b0 Unloading class 0x0000000800d90800 'java/lang/invoke/LambdaForm$MH+0x0000000800d90800'
Event: 125.502 Thread 0x00007f3fb00a16b0 Unloading class 0x0000000800d90400 'java/lang/invoke/LambdaForm$MH+0x0000000800d90400'
Event: 125.502 Thread 0x00007f3fb00a16b0 Unloading class 0x0000000800d90000 'java/lang/invoke/LambdaForm$MH+0x0000000800d90000'
Event: 125.502 Thread 0x00007f3fb00a16b0 Unloading class 0x0000000800cb2800 'java/lang/invoke/LambdaForm$MH+0x0000000800cb2800'
Event: 125.502 Thread 0x00007f3fb00a16b0 Unloading class 0x0000000800cb2000 'java/lang/invoke/LambdaForm$MH+0x0000000800cb2000'
Event: 125.502 Thread 0x00007f3fb00a16b0 Unloading class 0x0000000800cb1c00 'java/lang/invoke/LambdaForm$MH+0x0000000800cb1c00'
Event: 125.502 Thread 0x00007f3fb00a16b0 Unloading class 0x0000000800cb1800 'java/lang/invoke/LambdaForm$MH+0x0000000800cb1800'
Event: 125.502 Thread 0x00007f3fb00a16b0 Unloading class 0x0000000800cb1000 'java/lang/invoke/LambdaForm$MH+0x0000000800cb1000'
Event: 125.502 Thread 0x00007f3fb00a16b0 Unloading class 0x0000000800cb0c00 'java/lang/invoke/LambdaForm$MH+0x0000000800cb0c00'
Event: 125.502 Thread 0x00007f3fb00a16b0 Unloading class 0x0000000800cb0800 'java/lang/invoke/LambdaForm$MH+0x0000000800cb0800'
Event: 125.502 Thread 0x00007f3fb00a16b0 Unloading class 0x0000000800cb0000 'java/lang/invoke/LambdaForm$MH+0x0000000800cb0000'
Event: 125.502 Thread 0x00007f3fb00a16b0 Unloading class 0x0000000800c85000 'jdk/internal/reflect/GeneratedMethodAccessor5'
Event: 125.502 Thread 0x00007f3fb00a16b0 Unloading class 0x0000000800c84c00 'jdk/internal/reflect/GeneratedMethodAccessor4'
Event: 125.502 Thread 0x00007f3fb00a16b0 Unloading class 0x0000000800c84800 'jdk/internal/reflect/GeneratedMethodAccessor3'
Event: 125.502 Thread 0x00007f3fb00a16b0 Unloading class 0x0000000800c84400 'jdk/internal/reflect/GeneratedMethodAccessor2'
Event: 125.502 Thread 0x00007f3fb00a16b0 Unloading class 0x0000000800c84000 'jdk/internal/reflect/GeneratedMethodAccessor1'
Event: 125.502 Thread 0x00007f3fb00a16b0 Unloading class 0x0000000800c01c00 'java/lang/invoke/LambdaForm$DMH+0x0000000800c01c00'

Classes redefined (0 events):
No events

Internal exceptions (20 events):
Event: 49.350 Thread 0x00007f3f1c1f9a70 Exception <a 'java/lang/ArrayIndexOutOfBoundsException'{0x00000000f5b32b50}> (0x00000000f5b32b50) 
thrown [src/hotspot/share/runtime/sharedRuntime.cpp, line 628]
Event: 49.748 Thread 0x00007f3f1c1dc240 Exception <a 'java/lang/ArrayIndexOutOfBoundsException'{0x00000000f5844db0}> (0x00000000f5844db0) 
thrown [src/hotspot/share/runtime/sharedRuntime.cpp, line 628]
Event: 49.748 Thread 0x00007f3f1c1dc240 Exception <a 'java/lang/ArrayIndexOutOfBoundsException'{0x00000000f58451f0}> (0x00000000f58451f0) 
thrown [src/hotspot/share/runtime/sharedRuntime.cpp, line 628]
Event: 49.748 Thread 0x00007f3f1c1dc240 Exception <a 'java/lang/ArrayIndexOutOfBoundsException'{0x00000000f58455d0}> (0x00000000f58455d0) 
thrown [src/hotspot/share/runtime/sharedRuntime.cpp, line 628]
Event: 52.066 Thread 0x00007f3f1c1df0c0 Exception <a 'java/lang/ArrayIndexOutOfBoundsException'{0x00000000f5d5be38}> (0x00000000f5d5be38) 
thrown [src/hotspot/share/runtime/sharedRuntime.cpp, line 628]
Event: 52.066 Thread 0x00007f3f1c1df0c0 Exception <a 'java/lang/ArrayIndexOutOfBoundsException'{0x00000000f5d5c278}> (0x00000000f5d5c278) 
thrown [src/hotspot/share/runtime/sharedRuntime.cpp, line 628]
Event: 52.066 Thread 0x00007f3f1c1df0c0 Exception <a 'java/lang/ArrayIndexOutOfBoundsException'{0x00000000f5d5c658}> (0x00000000f5d5c658) 
thrown [src/hotspot/share/runtime/sharedRuntime.cpp, line 628]
Event: 52.778 Thread 0x00007f3f1c1df0c0 Exception <a 'java/lang/ArrayIndexOutOfBoundsException'{0x00000000f607b590}> (0x00000000f607b590) 
thrown [src/hotspot/share/runtime/sharedRuntime.cpp, line 628]
Event: 52.778 Thread 0x00007f3f1c1df0c0 Exception <a 'java/lang/ArrayIndexOutOfBoundsException'{0x00000000f607b9d0}> (0x00000000f607b9d0) 
thrown [src/hotspot/share/runtime/sharedRuntime.cpp, line 628]
Event: 52.778 Thread 0x00007f3f1c1df0c0 Exception <a 'java/lang/ArrayIndexOutOfBoundsException'{0x00000000f607bdb0}> (0x00000000f607bdb0) 
thrown [src/hotspot/share/runtime/sharedRuntime.cpp, line 628]
Event: 57.451 Thread 0x00007f3f1c1df0c0 Exception <a 'java/lang/ArrayIndexOutOfBoundsException'{0x00000000f56f3470}> (0x00000000f56f3470) 
thrown [src/hotspot/share/runtime/sharedRuntime.cpp, line 628]
Event: 57.451 Thread 0x00007f3f1c1df0c0 Exception <a 'java/lang/ArrayIndexOutOfBoundsException'{0x00000000f5700580}> (0x00000000f5700580) 
thrown [src/hotspot/share/runtime/sharedRuntime.cpp, line 628]
Event: 57.451 Thread 0x00007f3f1c1df0c0 Exception <a 'java/lang/ArrayIndexOutOfBoundsException'{0x00000000f5700960}> (0x00000000f5700960) 
thrown [src/hotspot/share/runtime/sharedRuntime.cpp, line 628]
Event: 57.558 Thread 0x00007f3f1c1df0c0 Exception <a 'java/lang/ArrayIndexOutOfBoundsException'{0x00000000f594b5c8}> (0x00000000f594b5c8) 
thrown [src/hotspot/share/runtime/sharedRuntime.cpp, line 628]
Event: 74.550 Thread 0x00007f3fb0405f20 Exception <a 'java/lang/ClassNotFoundException'{0x00000000f5885fd0}: sun/util/logging/resources/spi/loggingProvider> (0x00000000f5885fd0) 
thrown [src/hotspot/share/classfile/systemDictionary.cpp, line 256]
Event: 82.274 Thread 0x00007f3f1c1a0490 Exception <a 'java/lang/ArrayIndexOutOfBoundsException'{0x00000000f6daecc8}> (0x00000000f6daecc8) 
thrown [src/hotspot/share/runtime/sharedRuntime.cpp, line 628]
Event: 82.281 Thread 0x00007f3f1c1a0490 Exception <a 'java/lang/NoSuchMethodError'{0x00000000f6e80fa0}: 'void java.lang.invoke.DirectMethodHandle$Holder.invokeSpecial(java.lang.Object, java.lang.Object, java.lang.Object, java.lang.Object, java.lang.Object)'> (0x00000000f6e80fa0) 
thrown [src/hotspot/share/interpreter/linkResolver.cpp, line 758]
Event: 86.453 Thread 0x00007f3f44621c90 Implicit null exception at 0x00007f3f9f171f0f to 0x00007f3f9f1747d4
Event: 533.091 Thread 0x00007f3fb0405f20 Exception <a 'java/lang/reflect/InvocationTargetException'{0x00000000f553a7d8}> (0x00000000f553a7d8) 
thrown [src/hotspot/share/runtime/reflection.cpp, line 1119]
Event: 1587.080 Thread 0x00007f3fb00b1c80 Exception <a 'java/lang/OutOfMemoryError'{0x00000000e00cdc28}> (0x00000000e00cdc28) 
thrown [src/hotspot/share/gc/shared/memAllocator.cpp, line 136]

VM Operations (20 events):
Event: 1567.751 Executing VM operation: ParallelGCFailedAllocation
Event: 1569.750 Executing VM operation: ParallelGCFailedAllocation done
Event: 1569.750 Executing VM operation: ParallelGCFailedAllocation
Event: 1571.393 Executing VM operation: ParallelGCFailedAllocation done
Event: 1571.393 Executing VM operation: ParallelGCFailedAllocation
Event: 1573.249 Executing VM operation: ParallelGCFailedAllocation done
Event: 1573.250 Executing VM operation: ParallelGCFailedAllocation
Event: 1574.956 Executing VM operation: ParallelGCFailedAllocation done
Event: 1574.957 Executing VM operation: ParallelGCFailedAllocation
Event: 1576.760 Executing VM operation: ParallelGCFailedAllocation done
Event: 1576.760 Executing VM operation: ParallelGCFailedAllocation
Event: 1578.301 Executing VM operation: ParallelGCFailedAllocation done
Event: 1578.301 Executing VM operation: ParallelGCFailedAllocation
Event: 1580.072 Executing VM operation: ParallelGCFailedAllocation done
Event: 1580.072 Executing VM operation: ParallelGCFailedAllocation
Event: 1581.765 Executing VM operation: ParallelGCFailedAllocation done
Event: 1581.765 Executing VM operation: ParallelGCFailedAllocation
Event: 1583.570 Executing VM operation: ParallelGCFailedAllocation done
Event: 1583.570 Executing VM operation: ParallelGCFailedAllocation
Event: 1587.080 Executing VM operation: ParallelGCFailedAllocation done

Events (20 events):
Event: 99.955 Thread 0x00007f3fb00b45e0 flushing nmethod 0x00007f3f987e7910
Event: 99.962 Thread 0x00007f3fb00b45e0 flushing nmethod 0x00007f3f98829a10
Event: 99.963 Thread 0x00007f3fb00b45e0 flushing nmethod 0x00007f3f9885a810
Event: 99.963 Thread 0x00007f3fb00b45e0 flushing nmethod 0x00007f3f9885fa90
Event: 99.963 Thread 0x00007f3fb00b45e0 flushing nmethod 0x00007f3f98873910
Event: 99.963 Thread 0x00007f3fb00b45e0 flushing nmethod 0x00007f3f98895d10
Event: 99.963 Thread 0x00007f3fb00b45e0 flushing nmethod 0x00007f3f9889b210
Event: 99.963 Thread 0x00007f3fb00b45e0 flushing nmethod 0x00007f3f988a3110
Event: 99.964 Thread 0x00007f3fb00b45e0 flushing nmethod 0x00007f3f9895e490
Event: 99.964 Thread 0x00007f3fb00b45e0 flushing nmethod 0x00007f3f98966f10
Event: 150.004 Thread 0x00007f3f4449c5e0 Thread exited: 0x00007f3f4449c5e0
Event: 150.004 Thread 0x00007f3f38002f20 Thread exited: 0x00007f3f38002f20
Event: 595.335 Thread 0x00007f3f14006400 Thread added: 0x00007f3f14006400
Event: 595.336 Protecting memory [0x00007f3f5b900000,0x00007f3f5b904000] with protection modes 0
Event: 1489.989 loading class java/util/concurrent/ForkJoinTask$AdaptedCallable
Event: 1489.989 loading class java/util/concurrent/ForkJoinTask$AdaptedCallable done
Event: 1549.873 loading class java/util/concurrent/ForkJoinPool$DefaultForkJoinWorkerThreadFactory$1
Event: 1549.873 loading class java/util/concurrent/ForkJoinPool$DefaultForkJoinWorkerThreadFactory$1 done
Event: 1555.389 Thread 0x00007f3f14008c50 Thread added: 0x00007f3f14008c50
Event: 1555.389 Protecting memory [0x00007f3f5c500000,0x00007f3f5c504000] with protection modes 0


Dynamic libraries:
e0000000-f3180000 rw-p 00000000 00:00 0 
f3180000-f8200000 rw-p 00000000 00:00 0 
f8200000-100000000 ---p 00000000 00:00 0 
800000000-800449000 rw-p 00001000 00:67e 707969865                       /nix/store/gpxl5qgg8kicmcvivwmybwjlpf7wh20l-graalvm17-ce-22.3.0/lib/server/classes.jsa
800449000-800bc8000 r--p 0044a000 00:67e 707969865                       /nix/store/gpxl5qgg8kicmcvivwmybwjlpf7wh20l-graalvm17-ce-22.3.0/lib/server/classes.jsa
800bc8000-800c00000 ---p 00000000 00:00 0 
800c00000-800c10000 rw-p 00000000 00:00 0 
800c10000-800c30000 rw-p 00000000 00:00 0 
800c30000-800cb0000 rw-p 00000000 00:00 0 
800cb0000-800cf0000 rw-p 00000000 00:00 0 
800cf0000-800db0000 rw-p 00000000 00:00 0 
800db0000-800df0000 rw-p 00000000 00:00 0 
800df0000-801130000 rw-p 00000000 00:00 0 
801130000-801150000 rw-p 00000000 00:00 0 
801150000-840c00000 ---p 00000000 00:00 0 
5603796a1000-5603796a2000 r-xp 00000000 00:67e 672029940                 /nix/store/gpxl5qgg8kicmcvivwmybwjlpf7wh20l-graalvm17-ce-22.3.0/bin/.java-wrapped
5603796a3000-5603796a4000 r--p 00001000 00:67e 672029940                 /nix/store/gpxl5qgg8kicmcvivwmybwjlpf7wh20l-graalvm17-ce-22.3.0/bin/.java-wrapped
5603796a4000-5603796a5000 rw-p 00002000 00:67e 672029940                 /nix/store/gpxl5qgg8kicmcvivwmybwjlpf7wh20l-graalvm17-ce-22.3.0/bin/.java-wrapped
5603796a5000-5603796a6000 rw-p 00004000 00:67e 672029940                 /nix/store/gpxl5qgg8kicmcvivwmybwjlpf7wh20l-graalvm17-ce-22.3.0/bin/.java-wrapped
5603796a6000-5603796a7000 rw-p 00005000 00:67e 672029940                 /nix/store/gpxl5qgg8kicmcvivwmybwjlpf7wh20l-graalvm17-ce-22.3.0/bin/.java-wrapped
56037a258000-56037a2a0000 rw-p 00000000 00:00 0                          [heap]
7f3ef4000000-7f3ef4021000 rw-p 00000000 00:00 0 
7f3ef4021000-7f3ef8000000 ---p 00000000 00:00 0 
7f3ef8000000-7f3ef8021000 rw-p 00000000 00:00 0 
7f3ef8021000-7f3efc000000 ---p 00000000 00:00 0 
7f3efc000000-7f3efc07d000 rw-p 00000000 00:00 0 
7f3efc07d000-7f3f00000000 ---p 00000000 00:00 0 
7f3f00000000-7f3f00021000 rw-p 00000000 00:00 0 
7f3f00021000-7f3f04000000 ---p 00000000 00:00 0 
7f3f04000000-7f3f040cf000 rw-p 00000000 00:00 0 
7f3f040cf000-7f3f08000000 ---p 00000000 00:00 0 
7f3f0a4b3000-7f3f14000000 r--s 00000000 00:67e 707804677                 /nix/store/gpxl5qgg8kicmcvivwmybwjlpf7wh20l-graalvm17-ce-22.3.0/lib/modules
7f3f14000000-7f3f14021000 rw-p 00000000 00:00 0 
7f3f14021000-7f3f18000000 ---p 00000000 00:00 0 
7f3f18000000-7f3f18090000 rw-p 00000000 00:00 0 
7f3f18090000-7f3f1c000000 ---p 00000000 00:00 0 
7f3f1c000000-7f3f1c205000 rw-p 00000000 00:00 0 
7f3f1c205000-7f3f20000000 ---p 00000000 00:00 0 
7f3f20000000-7f3f200c2000 rw-p 00000000 00:00 0 
7f3f200c2000-7f3f24000000 ---p 00000000 00:00 0 
7f3f24000000-7f3f24021000 rw-p 00000000 00:00 0 
7f3f24021000-7f3f28000000 ---p 00000000 00:00 0 
7f3f28a00000-7f3f28b00000 ---p 00000000 00:00 0 
7f3f28b00000-7f3f290af000 r--p 01122000 00:67e 707802136                 /nix/store/gpxl5qgg8kicmcvivwmybwjlpf7wh20l-graalvm17-ce-22.3.0/lib/libjvmcicompiler.so
7f3f290af000-7f3f29200000 r--p 00000000 00:00 0 
7f3f29200000-7f3f2923d000 rw-p 00000000 00:00 0 
7f3f2923d000-7f3f2975d000 rw-p 0185f000 00:67e 707802136                 /nix/store/gpxl5qgg8kicmcvivwmybwjlpf7wh20l-graalvm17-ce-22.3.0/lib/libjvmcicompiler.so
7f3f2975d000-7f3f29b44000 r--p 01d7f000 00:67e 707802136                 /nix/store/gpxl5qgg8kicmcvivwmybwjlpf7wh20l-graalvm17-ce-22.3.0/lib/libjvmcicompiler.so
7f3f29c00000-7f3f2a220000 rw-p 00000000 00:00 0 
7f3f2a220000-7f3f2a400000 ---p 00000000 00:00 0 
7f3f2ac00000-7f3f2ae10000 rw-p 00000000 00:00 0 
7f3f2ae10000-7f3f2b3f0000 rw-p 00000000 00:00 0 
7f3f2b3f0000-7f3f2b5f0000 rw-p 00000000 00:00 0 
7f3f2b5f0000-7f3f2baf0000 rw-p 00000000 00:00 0 
7f3f2baf0000-7f3f2bbf0000 rw-p 00000000 00:00 0 
7f3f2bbf0000-7f3f2bc00000 ---p 00000000 00:00 0 
7f3f2c000000-7f3f2c042000 rw-p 00000000 00:00 0 
7f3f2c042000-7f3f30000000 ---p 00000000 00:00 0 
7f3f30000000-7f3f300ea000 rw-p 00000000 00:00 0 
7f3f300ea000-7f3f34000000 ---p 00000000 00:00 0 
7f3f34000000-7f3f34367000 rw-p 00000000 00:00 0 
7f3f34367000-7f3f38000000 ---p 00000000 00:00 0 
7f3f38000000-7f3f38040000 rw-p 00000000 00:00 0 
7f3f38040000-7f3f3c000000 ---p 00000000 00:00 0 
7f3f3c000000-7f3f3c021000 rw-p 00000000 00:00 0 
7f3f3c021000-7f3f40000000 ---p 00000000 00:00 0 
7f3f40000000-7f3f40021000 rw-p 00000000 00:00 0 
7f3f40021000-7f3f44000000 ---p 00000000 00:00 0 
7f3f44000000-7f3f4489c000 rw-p 00000000 00:00 0 
7f3f4489c000-7f3f48000000 ---p 00000000 00:00 0 
7f3f48000000-7f3f48021000 rw-p 00000000 00:00 0 
7f3f48021000-7f3f4c000000 ---p 00000000 00:00 0 
7f3f4c000000-7f3f4c021000 rw-p 00000000 00:00 0 
7f3f4c021000-7f3f50000000 ---p 00000000 00:00 0 
7f3f50000000-7f3f50021000 rw-p 00000000 00:00 0 
7f3f50021000-7f3f54000000 ---p 00000000 00:00 0 
7f3f54000000-7f3f54021000 rw-p 00000000 00:00 0 
7f3f54021000-7f3f58000000 ---p 00000000 00:00 0 
7f3f58800000-7f3f589f0000 rw-p 00000000 00:00 0 
7f3f589f0000-7f3f58ff0000 rw-p 00000000 00:00 0 
7f3f58ff0000-7f3f590f0000 rw-p 00000000 00:00 0 
7f3f590f0000-7f3f591f0000 rw-p 00000000 00:00 0 
7f3f591f0000-7f3f597f0000 rw-p 00000000 00:00 0 
7f3f597f0000-7f3f59800000 rw-p 00000000 00:00 0 
7f3f59a00000-7f3f59a10000 r-xp 00000000 00:677 310                       /home/runner/Final-Project/.cache/jdt-language-server/config/org.eclipse.equinox.launcher/org.eclipse.equinox.launcher.gtk.linux.x86_64_1.2.400.v20211117-0650/eclipse_11600.so
7f3f59a10000-7f3f59c0f000 ---p 00010000 00:677 310                       /home/runner/Final-Project/.cache/jdt-language-server/config/org.eclipse.equinox.launcher/org.eclipse.equinox.launcher.gtk.linux.x86_64_1.2.400.v20211117-0650/eclipse_11600.so
7f3f59c0f000-7f3f59c10000 r--p 0000f000 00:677 310                       /home/runner/Final-Project/.cache/jdt-language-server/config/org.eclipse.equinox.launcher/org.eclipse.equinox.launcher.gtk.linux.x86_64_1.2.400.v20211117-0650/eclipse_11600.so
7f3f59c10000-7f3f59c11000 rw-p 00010000 00:677 310                       /home/runner/Final-Project/.cache/jdt-language-server/config/org.eclipse.equinox.launcher/org.eclipse.equinox.launcher.gtk.linux.x86_64_1.2.400.v20211117-0650/eclipse_11600.so
7f3f5ab00000-7f3f5ab04000 ---p 00000000 00:00 0 
7f3f5ab04000-7f3f5ac00000 rw-p 00000000 00:00 0 
7f3f5ad00000-7f3f5ad04000 ---p 00000000 00:00 0 
7f3f5ad04000-7f3f5ae00000 rw-p 00000000 00:00 0 
7f3f5af00000-7f3f5af04000 ---p 00000000 00:00 0 
7f3f5af04000-7f3f5b000000 rw-p 00000000 00:00 0 
7f3f5b100000-7f3f5b104000 ---p 00000000 00:00 0 
7f3f5b104000-7f3f5b200000 rw-p 00000000 00:00 0 
7f3f5b300000-7f3f5b304000 ---p 00000000 00:00 0 
7f3f5b304000-7f3f5b400000 rw-p 00000000 00:00 0 
7f3f5b500000-7f3f5b504000 ---p 00000000 00:00 0 
7f3f5b504000-7f3f5b600000 rw-p 00000000 00:00 0 
7f3f5b700000-7f3f5b704000 ---p 00000000 00:00 0 
7f3f5b704000-7f3f5b800000 rw-p 00000000 00:00 0 
7f3f5b900000-7f3f5b904000 ---p 00000000 00:00 0 
7f3f5b904000-7f3f5ba00000 rw-p 00000000 00:00 0 
7f3f5bb00000-7f3f5bb04000 ---p 00000000 00:00 0 
7f3f5bb04000-7f3f5bc00000 rw-p 00000000 00:00 0 
7f3f5bd00000-7f3f5bd04000 ---p 00000000 00:00 0 
7f3f5bd04000-7f3f5be00000 rw-p 00000000 00:00 0 
7f3f5bf00000-7f3f5bf04000 ---p 00000000 00:00 0 
7f3f5bf04000-7f3f5c000000 rw-p 00000000 00:00 0 
7f3f5c100000-7f3f5c104000 ---p 00000000 00:00 0 
7f3f5c104000-7f3f5c200000 rw-p 00000000 00:00 0 
7f3f5c300000-7f3f5c304000 ---p 00000000 00:00 0 
7f3f5c304000-7f3f5c400000 rw-p 00000000 00:00 0 
7f3f5c500000-7f3f5c504000 ---p 00000000 00:00 0 
7f3f5c504000-7f3f5c600000 rw-p 00000000 00:00 0 
7f3f5c700000-7f3f5c704000 ---p 00000000 00:00 0 
7f3f5c704000-7f3f5c800000 rw-p 00000000 00:00 0 
7f3f5c900000-7f3f5c904000 ---p 00000000 00:00 0 
7f3f5c904000-7f3f5ca00000 rw-p 00000000 00:00 0 
7f3f5d668000-7f3f5db00000 rw-p 00000000 00:00 0 
7f3f5dc00000-7f3f5fd6a000 r-xp 00000000 00:67e 707802136                 /nix/store/gpxl5qgg8kicmcvivwmybwjlpf7wh20l-graalvm17-ce-22.3.0/lib/libjvmcicompiler.so
7f3f5fd6a000-7f3f5ff69000 ---p 0216a000 00:67e 707802136                 /nix/store/gpxl5qgg8kicmcvivwmybwjlpf7wh20l-graalvm17-ce-22.3.0/lib/libjvmcicompiler.so
7f3f5ff69000-7f3f5ff6a000 r--p 02169000 00:67e 707802136                 /nix/store/gpxl5qgg8kicmcvivwmybwjlpf7wh20l-graalvm17-ce-22.3.0/lib/libjvmcicompiler.so
7f3f5ff6a000-7f3f5ff6c000 rw-p 0216a000 00:67e 707802136                 /nix/store/gpxl5qgg8kicmcvivwmybwjlpf7wh20l-graalvm17-ce-22.3.0/lib/libjvmcicompiler.so
7f3f5ff6c000-7f3f5ff6d000 rw-p 00000000 00:00 0 
7f3f5ff6d000-7f3f5ff72000 rw-p 023c3000 00:67e 707802136                 /nix/store/gpxl5qgg8kicmcvivwmybwjlpf7wh20l-graalvm17-ce-22.3.0/lib/libjvmcicompiler.so
7f3f60000000-7f3f60021000 rw-p 00000000 00:00 0 
7f3f60021000-7f3f64000000 ---p 00000000 00:00 0 
7f3f64000000-7f3f64021000 rw-p 00000000 00:00 0 
7f3f64021000-7f3f68000000 ---p 00000000 00:00 0 
7f3f68000000-7f3f68021000 rw-p 00000000 00:00 0 
7f3f68021000-7f3f6c000000 ---p 00000000 00:00 0 
7f3f6c000000-7f3f6c021000 rw-p 00000000 00:00 0 
7f3f6c021000-7f3f70000000 ---p 00000000 00:00 0 
7f3f70000000-7f3f700d3000 rw-p 00000000 00:00 0 
7f3f700d3000-7f3f74000000 ---p 00000000 00:00 0 
7f3f74000000-7f3f74ace000 rw-p 00000000 00:00 0 
7f3f74ace000-7f3f78000000 ---p 00000000 00:00 0 
7f3f78000000-7f3f78021000 rw-p 00000000 00:00 0 
7f3f78021000-7f3f7c000000 ---p 00000000 00:00 0 
7f3f7c000000-7f3f7c021000 rw-p 00000000 00:00 0 
7f3f7c021000-7f3f80000000 ---p 00000000 00:00 0 
7f3f80000000-7f3f80021000 rw-p 00000000 00:00 0 
7f3f80021000-7f3f84000000 ---p 00000000 00:00 0 
7f3f84000000-7f3f84021000 rw-p 00000000 00:00 0 
7f3f84021000-7f3f88000000 ---p 00000000 00:00 0 
7f3f88000000-7f3f88021000 rw-p 00000000 00:00 0 
7f3f88021000-7f3f8c000000 ---p 00000000 00:00 0 
7f3f8c000000-7f3f8c021000 rw-p 00000000 00:00 0 
7f3f8c021000-7f3f90000000 ---p 00000000 00:00 0 
7f3f90000000-7f3f90059000 rw-p 00000000 00:00 0 
7f3f90059000-7f3f94000000 ---p 00000000 00:00 0 
7f3f94000000-7f3f94004000 ---p 00000000 00:00 0 
7f3f94004000-7f3f94100000 rw-p 00000000 00:00 0 
7f3f94200000-7f3f94204000 ---p 00000000 00:00 0 
7f3f94204000-7f3f94300000 rw-p 00000000 00:00 0 
7f3f94400000-7f3f94404000 ---p 00000000 00:00 0 
7f3f94404000-7f3f94500000 rw-p 00000000 00:00 0 
7f3f94600000-7f3f94604000 ---p 00000000 00:00 0 
7f3f94604000-7f3f94700000 rw-p 00000000 00:00 0 
7f3f94818000-7f3f94819000 ---p 00000000 00:00 0 
7f3f94819000-7f3f9491a000 rw-p 00000000 00:00 0 
7f3f9491a000-7f3f9491e000 ---p 00000000 00:00 0 
7f3f9491e000-7f3f94a1a000 rw-p 00000000 00:00 0 
7f3f94a1a000-7f3f94a1e000 ---p 00000000 00:00 0 
7f3f94a1e000-7f3f94b1a000 rw-p 00000000 00:00 0 
7f3f94b1a000-7f3f94b1e000 ---p 00000000 00:00 0 
7f3f94b1e000-7f3f94c1a000 rw-p 00000000 00:00 0 
7f3f94c1a000-7f3f94c1e000 ---p 00000000 00:00 0 
7f3f94c1e000-7f3f94e1a000 rw-p 00000000 00:00 0 
7f3f94e1a000-7f3f94e1e000 ---p 00000000 00:00 0 
7f3f94e1e000-7f3f9501a000 rw-p 00000000 00:00 0 
7f3f9501a000-7f3f9501e000 ---p 00000000 00:00 0 
7f3f9501e000-7f3f9511a000 rw-p 00000000 00:00 0 
7f3f9511a000-7f3f9511e000 ---p 00000000 00:00 0 
7f3f9511e000-7f3f9521a000 rw-p 00000000 00:00 0 
7f3f9521a000-7f3f9521e000 ---p 00000000 00:00 0 
7f3f9521e000-7f3f9531a000 rw-p 00000000 00:00 0 
7f3f9531a000-7f3f95600000 r--p 00000000 00:26b 28444448                  /usr/lib/locale/locale-archive
7f3f95600000-7f3f95604000 ---p 00000000 00:00 0 
7f3f95604000-7f3f95700000 rw-p 00000000 00:00 0 
7f3f95700000-7f3f95704000 ---p 00000000 00:00 0 
7f3f95704000-7f3f95bf0000 rw-p 00000000 00:00 0 
7f3f95bf0000-7f3f95ef0000 rw-p 00000000 00:00 0 
7f3f95ef0000-7f3f96000000 rw-p 00000000 00:00 0 
7f3f96071000-7f3f96075000 ---p 00000000 00:00 0 
7f3f96075000-7f3f96093000 rw-p 00000000 00:00 0 
7f3f96093000-7f3f960a8000 r-xp 00000000 00:67e 707804666                 /nix/store/gpxl5qgg8kicmcvivwmybwjlpf7wh20l-graalvm17-ce-22.3.0/lib/libnet.so
7f3f960a8000-7f3f960a9000 ---p 00015000 00:67e 707804666                 /nix/store/gpxl5qgg8kicmcvivwmybwjlpf7wh20l-graalvm17-ce-22.3.0/lib/libnet.so
7f3f960a9000-7f3f960aa000 r--p 00015000 00:67e 707804666                 /nix/store/gpxl5qgg8kicmcvivwmybwjlpf7wh20l-graalvm17-ce-22.3.0/lib/libnet.so
7f3f960aa000-7f3f960ab000 rw-p 00016000 00:67e 707804666                 /nix/store/gpxl5qgg8kicmcvivwmybwjlpf7wh20l-graalvm17-ce-22.3.0/lib/libnet.so
7f3f960ab000-7f3f960ae000 rw-p 0001b000 00:67e 707804666                 /nix/store/gpxl5qgg8kicmcvivwmybwjlpf7wh20l-graalvm17-ce-22.3.0/lib/libnet.so
7f3f960ae000-7f3f960af000 ---p 00000000 00:00 0 
7f3f960af000-7f3f974b3000 rw-p 00000000 00:00 0 
7f3f974b3000-7f3f97723000 rwxp 00000000 00:00 0 
7f3f97723000-7f3f97a42000 ---p 00000000 00:00 0 
7f3f97a42000-7f3f989f2000 rwxp 00000000 00:00 0 
7f3f989f2000-7f3f9ef7a000 ---p 00000000 00:00 0 
7f3f9ef7a000-7f3f9f1ea000 rwxp 00000000 00:00 0 
7f3f9f1ea000-7f3fa64b3000 ---p 00000000 00:00 0 
7f3fa64b3000-7f3fb0000000 r--s 00000000 00:67e 707804677                 /nix/store/gpxl5qgg8kicmcvivwmybwjlpf7wh20l-graalvm17-ce-22.3.0/lib/modules
7f3fb0000000-7f3fb041c000 rw-p 00000000 00:00 0 
7f3fb041c000-7f3fb4000000 ---p 00000000 00:00 0 
7f3fb400a000-7f3fb4011000 r-xp 00000000 00:67e 707804676                 /nix/store/gpxl5qgg8kicmcvivwmybwjlpf7wh20l-graalvm17-ce-22.3.0/lib/libzip.so
7f3fb4011000-7f3fb4012000 ---p 00007000 00:67e 707804676                 /nix/store/gpxl5qgg8kicmcvivwmybwjlpf7wh20l-graalvm17-ce-22.3.0/lib/libzip.so
7f3fb4012000-7f3fb4013000 r--p 00007000 00:67e 707804676                 /nix/store/gpxl5qgg8kicmcvivwmybwjlpf7wh20l-graalvm17-ce-22.3.0/lib/libzip.so
7f3fb4013000-7f3fb4014000 rw-p 00008000 00:67e 707804676                 /nix/store/gpxl5qgg8kicmcvivwmybwjlpf7wh20l-graalvm17-ce-22.3.0/lib/libzip.so
7f3fb4014000-7f3fb4016000 rw-p 0000b000 00:67e 707804676                 /nix/store/gpxl5qgg8kicmcvivwmybwjlpf7wh20l-graalvm17-ce-22.3.0/lib/libzip.so
7f3fb4016000-7f3fb4029000 r-xp 00000000 00:67e 707804667                 /nix/store/gpxl5qgg8kicmcvivwmybwjlpf7wh20l-graalvm17-ce-22.3.0/lib/libnio.so
7f3fb4029000-7f3fb402a000 r--p 00012000 00:67e 707804667                 /nix/store/gpxl5qgg8kicmcvivwmybwjlpf7wh20l-graalvm17-ce-22.3.0/lib/libnio.so
7f3fb402a000-7f3fb402b000 rw-p 00013000 00:67e 707804667                 /nix/store/gpxl5qgg8kicmcvivwmybwjlpf7wh20l-graalvm17-ce-22.3.0/lib/libnio.so
7f3fb402b000-7f3fb4030000 rw-p 00019000 00:67e 707804667                 /nix/store/gpxl5qgg8kicmcvivwmybwjlpf7wh20l-graalvm17-ce-22.3.0/lib/libnio.so
7f3fb4030000-7f3fb40fe000 r-xp 00000000 00:67e 707802132                 /nix/store/gpxl5qgg8kicmcvivwmybwjlpf7wh20l-graalvm17-ce-22.3.0/lib/libjsvml.so
7f3fb40fe000-7f3fb40ff000 r--p 000cd000 00:67e 707802132                 /nix/store/gpxl5qgg8kicmcvivwmybwjlpf7wh20l-graalvm17-ce-22.3.0/lib/libjsvml.so
7f3fb40ff000-7f3fb4100000 rw-p 000ce000 00:67e 707802132                 /nix/store/gpxl5qgg8kicmcvivwmybwjlpf7wh20l-graalvm17-ce-22.3.0/lib/libjsvml.so
7f3fb4100000-7f3fb46d5000 rw-p 00000000 00:00 0 
7f3fb46d5000-7f3fb46d6000 ---p 00000000 00:00 0 
7f3fb46d6000-7f3fb4870000 rw-p 00000000 00:00 0 
7f3fb4870000-7f3fb4898000 rw-p 00000000 00:00 0 
7f3fb4898000-7f3fb48d7000 ---p 00000000 00:00 0 
7f3fb48d7000-7f3fb48dd000 rw-p 00000000 00:00 0 
7f3fb48dd000-7f3fb49c3000 ---p 00000000 00:00 0 
7f3fb49c3000-7f3fb49e3000 rw-p 00000000 00:00 0 
7f3fb49e3000-7f3fb4aae000 ---p 00000000 00:00 0 
7f3fb4aae000-7f3fb4ab3000 rw-p 00000000 00:00 0 
7f3fb4ab3000-7f3fb4aba000 ---p 00000000 00:00 0 
7f3fb4aba000-7f3fb4ade000 r-xp 00000000 00:67e 707802124                 /nix/store/gpxl5qgg8kicmcvivwmybwjlpf7wh20l-graalvm17-ce-22.3.0/lib/libjava.so
7f3fb4ade000-7f3fb4adf000 ---p 00024000 00:67e 707802124                 /nix/store/gpxl5qgg8kicmcvivwmybwjlpf7wh20l-graalvm17-ce-22.3.0/lib/libjava.so
7f3fb4adf000-7f3fb4ae0000 r--p 00024000 00:67e 707802124                 /nix/store/gpxl5qgg8kicmcvivwmybwjlpf7wh20l-graalvm17-ce-22.3.0/lib/libjava.so
7f3fb4ae0000-7f3fb4ae1000 rw-p 00025000 00:67e 707802124                 /nix/store/gpxl5qgg8kicmcvivwmybwjlpf7wh20l-graalvm17-ce-22.3.0/lib/libjava.so
7f3fb4ae1000-7f3fb4ae2000 rw-p 00000000 00:00 0 
7f3fb4ae2000-7f3fb4ae9000 rw-p 0002f000 00:67e 707802124                 /nix/store/gpxl5qgg8kicmcvivwmybwjlpf7wh20l-graalvm17-ce-22.3.0/lib/libjava.so
7f3fb4ae9000-7f3fb4af1000 rw-s 00000000 00:4b 386                        /tmp/hsperfdata_runner/6173
7f3fb4af1000-7f3fb4af2000 ---p 00000000 00:00 0 
7f3fb4af2000-7f3fb4af3000 r--p 00000000 00:00 0 
7f3fb4af3000-7f3fb4af4000 rwxp 00000000 00:00 0 
7f3fb4af4000-7f3fb4b0f000 r-xp 00000000 00:67e 707802128                 /nix/store/gpxl5qgg8kicmcvivwmybwjlpf7wh20l-graalvm17-ce-22.3.0/lib/libjimage.so
7f3fb4b0f000-7f3fb4b10000 ---p 0001b000 00:67e 707802128                 /nix/store/gpxl5qgg8kicmcvivwmybwjlpf7wh20l-graalvm17-ce-22.3.0/lib/libjimage.so
7f3fb4b10000-7f3fb4b12000 r--p 0001b000 00:67e 707802128                 /nix/store/gpxl5qgg8kicmcvivwmybwjlpf7wh20l-graalvm17-ce-22.3.0/lib/libjimage.so
7f3fb4b12000-7f3fb4b13000 rw-p 0001d000 00:67e 707802128                 /nix/store/gpxl5qgg8kicmcvivwmybwjlpf7wh20l-graalvm17-ce-22.3.0/lib/libjimage.so
7f3fb4b13000-7f3fb4b14000 rw-p 00024000 00:67e 707802128                 /nix/store/gpxl5qgg8kicmcvivwmybwjlpf7wh20l-graalvm17-ce-22.3.0/lib/libjimage.so
7f3fb4b14000-7f3fb4b18000 ---p 00000000 00:00 0 
7f3fb4b18000-7f3fb4c14000 rw-p 00000000 00:00 0 
7f3fb4c14000-7f3fb4c22000 r--p 00000000 00:67e 600592023                 /nix/store/4nlgxhb09sdr51nc9hdm8az5b08vzkgx-glibc-2.35-163/lib/libm.so.6
7f3fb4c22000-7f3fb4c95000 r-xp 0000e000 00:67e 600592023                 /nix/store/4nlgxhb09sdr51nc9hdm8az5b08vzkgx-glibc-2.35-163/lib/libm.so.6
7f3fb4c95000-7f3fb4cf2000 r--p 00081000 00:67e 600592023                 /nix/store/4nlgxhb09sdr51nc9hdm8az5b08vzkgx-glibc-2.35-163/lib/libm.so.6
7f3fb4cf2000-7f3fb4cf3000 r--p 000dd000 00:67e 600592023                 /nix/store/4nlgxhb09sdr51nc9hdm8az5b08vzkgx-glibc-2.35-163/lib/libm.so.6
7f3fb4cf3000-7f3fb4cf4000 rw-p 000de000 00:67e 600592023                 /nix/store/4nlgxhb09sdr51nc9hdm8az5b08vzkgx-glibc-2.35-163/lib/libm.so.6
7f3fb4cf4000-7f3fb4cf5000 r--p 00000000 00:67e 600592042                 /nix/store/4nlgxhb09sdr51nc9hdm8az5b08vzkgx-glibc-2.35-163/lib/librt.so.1
7f3fb4cf5000-7f3fb4cf6000 r-xp 00001000 00:67e 600592042                 /nix/store/4nlgxhb09sdr51nc9hdm8az5b08vzkgx-glibc-2.35-163/lib/librt.so.1
7f3fb4cf6000-7f3fb4cf7000 r--p 00002000 00:67e 600592042                 /nix/store/4nlgxhb09sdr51nc9hdm8az5b08vzkgx-glibc-2.35-163/lib/librt.so.1
7f3fb4cf7000-7f3fb4cf8000 r--p 00002000 00:67e 600592042                 /nix/store/4nlgxhb09sdr51nc9hdm8az5b08vzkgx-glibc-2.35-163/lib/librt.so.1
7f3fb4cf8000-7f3fb4cf9000 rw-p 00003000 00:67e 600592042                 /nix/store/4nlgxhb09sdr51nc9hdm8az5b08vzkgx-glibc-2.35-163/lib/librt.so.1
7f3fb4cf9000-7f3fb5e0c000 r-xp 00000000 00:67e 707972962                 /nix/store/gpxl5qgg8kicmcvivwmybwjlpf7wh20l-graalvm17-ce-22.3.0/lib/server/libjvm.so
7f3fb5e0c000-7f3fb5e0d000 ---p 01113000 00:67e 707972962                 /nix/store/gpxl5qgg8kicmcvivwmybwjlpf7wh20l-graalvm17-ce-22.3.0/lib/server/libjvm.so
7f3fb5e0d000-7f3fb5ec2000 r--p 01113000 00:67e 707972962                 /nix/store/gpxl5qgg8kicmcvivwmybwjlpf7wh20l-graalvm17-ce-22.3.0/lib/server/libjvm.so
7f3fb5ec2000-7f3fb5ef6000 rw-p 011c8000 00:67e 707972962                 /nix/store/gpxl5qgg8kicmcvivwmybwjlpf7wh20l-graalvm17-ce-22.3.0/lib/server/libjvm.so
7f3fb5ef6000-7f3fb5f52000 rw-p 00000000 00:00 0 
7f3fb5f52000-7f3fb5f7a000 r--p 00000000 00:67e 600592014                 /nix/store/4nlgxhb09sdr51nc9hdm8az5b08vzkgx-glibc-2.35-163/lib/libc.so.6
7f3fb5f7a000-7f3fb60f0000 r-xp 00028000 00:67e 600592014                 /nix/store/4nlgxhb09sdr51nc9hdm8az5b08vzkgx-glibc-2.35-163/lib/libc.so.6
7f3fb60f0000-7f3fb6148000 r--p 0019e000 00:67e 600592014                 /nix/store/4nlgxhb09sdr51nc9hdm8az5b08vzkgx-glibc-2.35-163/lib/libc.so.6
7f3fb6148000-7f3fb614c000 r--p 001f6000 00:67e 600592014                 /nix/store/4nlgxhb09sdr51nc9hdm8az5b08vzkgx-glibc-2.35-163/lib/libc.so.6
7f3fb614c000-7f3fb614e000 rw-p 001fa000 00:67e 600592014                 /nix/store/4nlgxhb09sdr51nc9hdm8az5b08vzkgx-glibc-2.35-163/lib/libc.so.6
7f3fb614e000-7f3fb615d000 rw-p 00000000 00:00 0 
7f3fb615d000-7f3fb615e000 r--p 00000000 00:67e 600592019                 /nix/store/4nlgxhb09sdr51nc9hdm8az5b08vzkgx-glibc-2.35-163/lib/libdl.so.2
7f3fb615e000-7f3fb615f000 r-xp 00001000 00:67e 600592019                 /nix/store/4nlgxhb09sdr51nc9hdm8az5b08vzkgx-glibc-2.35-163/lib/libdl.so.2
7f3fb615f000-7f3fb6160000 r--p 00002000 00:67e 600592019                 /nix/store/4nlgxhb09sdr51nc9hdm8az5b08vzkgx-glibc-2.35-163/lib/libdl.so.2
7f3fb6160000-7f3fb6161000 r--p 00002000 00:67e 600592019                 /nix/store/4nlgxhb09sdr51nc9hdm8az5b08vzkgx-glibc-2.35-163/lib/libdl.so.2
7f3fb6161000-7f3fb6162000 rw-p 00003000 00:67e 600592019                 /nix/store/4nlgxhb09sdr51nc9hdm8az5b08vzkgx-glibc-2.35-163/lib/libdl.so.2
7f3fb6162000-7f3fb6163000 r--p 00000000 00:67e 600592038                 /nix/store/4nlgxhb09sdr51nc9hdm8az5b08vzkgx-glibc-2.35-163/lib/libpthread.so.0
7f3fb6163000-7f3fb6164000 r-xp 00001000 00:67e 600592038                 /nix/store/4nlgxhb09sdr51nc9hdm8az5b08vzkgx-glibc-2.35-163/lib/libpthread.so.0
7f3fb6164000-7f3fb6165000 r--p 00002000 00:67e 600592038                 /nix/store/4nlgxhb09sdr51nc9hdm8az5b08vzkgx-glibc-2.35-163/lib/libpthread.so.0
7f3fb6165000-7f3fb6166000 r--p 00002000 00:67e 600592038                 /nix/store/4nlgxhb09sdr51nc9hdm8az5b08vzkgx-glibc-2.35-163/lib/libpthread.so.0
7f3fb6166000-7f3fb6167000 rw-p 00003000 00:67e 600592038                 /nix/store/4nlgxhb09sdr51nc9hdm8az5b08vzkgx-glibc-2.35-163/lib/libpthread.so.0
7f3fb6167000-7f3fb6175000 r-xp 00000000 00:67e 707802129                 /nix/store/gpxl5qgg8kicmcvivwmybwjlpf7wh20l-graalvm17-ce-22.3.0/lib/libjli.so
7f3fb6175000-7f3fb6176000 ---p 0000e000 00:67e 707802129                 /nix/store/gpxl5qgg8kicmcvivwmybwjlpf7wh20l-graalvm17-ce-22.3.0/lib/libjli.so
7f3fb6176000-7f3fb6177000 r--p 0000e000 00:67e 707802129                 /nix/store/gpxl5qgg8kicmcvivwmybwjlpf7wh20l-graalvm17-ce-22.3.0/lib/libjli.so
7f3fb6177000-7f3fb6178000 rw-p 0000f000 00:67e 707802129                 /nix/store/gpxl5qgg8kicmcvivwmybwjlpf7wh20l-graalvm17-ce-22.3.0/lib/libjli.so
7f3fb6178000-7f3fb6179000 rw-p 00012000 00:67e 707802129                 /nix/store/gpxl5qgg8kicmcvivwmybwjlpf7wh20l-graalvm17-ce-22.3.0/lib/libjli.so
7f3fb6179000-7f3fb617c000 r--p 00000000 00:67e 678822167                 /nix/store/026hln0aq1hyshaxsdvhg0kmcm6yf45r-zlib-1.2.13/lib/libz.so.1.2.13
7f3fb617c000-7f3fb618e000 r-xp 00003000 00:67e 678822167                 /nix/store/026hln0aq1hyshaxsdvhg0kmcm6yf45r-zlib-1.2.13/lib/libz.so.1.2.13
7f3fb618e000-7f3fb6195000 r--p 00015000 00:67e 678822167                 /nix/store/026hln0aq1hyshaxsdvhg0kmcm6yf45r-zlib-1.2.13/lib/libz.so.1.2.13
7f3fb6195000-7f3fb6196000 r--p 0001b000 00:67e 678822167                 /nix/store/026hln0aq1hyshaxsdvhg0kmcm6yf45r-zlib-1.2.13/lib/libz.so.1.2.13
7f3fb6196000-7f3fb6197000 rw-p 0001c000 00:67e 678822167                 /nix/store/026hln0aq1hyshaxsdvhg0kmcm6yf45r-zlib-1.2.13/lib/libz.so.1.2.13
7f3fb6197000-7f3fb6199000 rw-p 00000000 00:00 0 
7f3fb6199000-7f3fb619b000 r--p 00000000 00:67e 600592008                 /nix/store/4nlgxhb09sdr51nc9hdm8az5b08vzkgx-glibc-2.35-163/lib/ld-linux-x86-64.so.2
7f3fb619b000-7f3fb61c2000 r-xp 00002000 00:67e 600592008                 /nix/store/4nlgxhb09sdr51nc9hdm8az5b08vzkgx-glibc-2.35-163/lib/ld-linux-x86-64.so.2
7f3fb61c2000-7f3fb61ce000 r--p 00029000 00:67e 600592008                 /nix/store/4nlgxhb09sdr51nc9hdm8az5b08vzkgx-glibc-2.35-163/lib/ld-linux-x86-64.so.2
7f3fb61ce000-7f3fb61d0000 r--p 00034000 00:67e 600592008                 /nix/store/4nlgxhb09sdr51nc9hdm8az5b08vzkgx-glibc-2.35-163/lib/ld-linux-x86-64.so.2
7f3fb61d0000-7f3fb61d2000 rw-p 00036000 00:67e 600592008                 /nix/store/4nlgxhb09sdr51nc9hdm8az5b08vzkgx-glibc-2.35-163/lib/ld-linux-x86-64.so.2
7fff85664000-7fff85688000 rw-p 00000000 00:00 0                          [stack]
7fff8571a000-7fff8571e000 r--p 00000000 00:00 0                          [vvar]
7fff8571e000-7fff85720000 r-xp 00000000 00:00 0                          [vdso]
ffffffffff600000-ffffffffff601000 --xp 00000000 00:00 0                  [vsyscall]


VM Arguments:
jvm_args: -XX:ThreadPriorityPolicy=1 -XX:+UnlockExperimentalVMOptions -XX:+EnableJVMCIProduct -XX:JVMCIThreadsPerNativeLibraryRuntime=1 -XX:-UnlockExperimentalVMOptions -Declipse.application=org.eclipse.jdt.ls.core.id1 -Dosgi.bundles.defaultStartLevel=4 -Declipse.product=org.eclipse.jdt.ls.core.product -Dlog.level=ALL -Xverify:none -XX:+UseParallelGC -XX:GCTimeRatio=4 -XX:AdaptiveSizePolicyWeight=90 -Dsun.zip.disableMemoryMapping=true -Xmx512m -Xms100m 
java_command: /nix/store/a7s9klvriqi68xz3qjc0qyfl5h86xc16-jdt-language-server-1.9.0/share/java/plugins/org.eclipse.equinox.launcher_1.6.400.v20210924-0641.jar --add-modules=ALL-SYSTEM --add-opens java.base/java.util=ALL-UNNAMED --add-opens java.base/java.lang=ALL-UNNAMED -configuration /home/runner/Final-Project/.cache/jdt-language-server/config -data /home/runner/Final-Project/.cache/jdt-language-server/data/home/runner/Final-Project
java_class_path (initial): /nix/store/a7s9klvriqi68xz3qjc0qyfl5h86xc16-jdt-language-server-1.9.0/share/java/plugins/org.eclipse.equinox.launcher_1.6.400.v20210924-0641.jar
Launcher Type: SUN_STANDARD

[Global flags]
    uintx AdaptiveSizePolicyWeight                 = 90                                        {product} {command line}
     intx CICompilerCount                          = 2                                         {product} {ergonomic}
     bool EnableJVMCIProduct                       = true                                {JVMCI product} {jimage}
    uintx GCTimeRatio                              = 4                                         {product} {command line}
   size_t InitialHeapSize                          = 104857600                                 {product} {command line}
     uint JVMCIThreadsPerNativeLibraryRuntime      = 1                                   {JVMCI product} {jimage}
   size_t MaxHeapSize                              = 536870912                                 {product} {command line}
   size_t MaxNewSize                               = 178782208                                 {product} {ergonomic}
   size_t MinHeapDeltaBytes                        = 524288                                    {product} {ergonomic}
   size_t MinHeapSize                              = 104857600                                 {product} {command line}
   size_t NewSize                                  = 34603008                                  {product} {ergonomic}
    uintx NonNMethodCodeHeapSize                   = 5826188                                {pd product} {ergonomic}
    uintx NonProfiledCodeHeapSize                  = 122916026                              {pd product} {ergonomic}
   size_t OldSize                                  = 70254592                                  {product} {ergonomic}
    uintx ProfiledCodeHeapSize                     = 122916026                              {pd product} {ergonomic}
    uintx ReservedCodeCacheSize                    = 251658240                              {pd product} {ergonomic}
     bool SegmentedCodeCache                       = true                                      {product} {ergonomic}
   size_t SoftMaxHeapSize                          = 536870912                              {manageable} {ergonomic}
     intx ThreadPriorityPolicy                     = 1                                         {product} {jimage}
     bool UseCompressedClassPointers               = true                           {product lp64_product} {ergonomic}
     bool UseCompressedOops                        = true                           {product lp64_product} {ergonomic}
     bool UseParallelGC                            = true                                      {product} {command line}

Logging:
Log output configuration:
 #0: stdout all=warning uptime,level,tags
 #1: stderr all=off uptime,level,tags

Environment Variables:
JAVA_HOME=/nix/store/gpxl5qgg8kicmcvivwmybwjlpf7wh20l-graalvm17-ce-22.3.0
PATH=/nix/store/1d6ian3r8kdzspw8hacjhl3xkp40g1lj-binutils-wrapper-2.39/bin:/nix/store/dq0xwmsk1g0i2ayg6pb7y87na2knzylh-gcc-wrapper-11.3.0/bin:/nix/store/bap4d0lpcrhpwmpb8ayjcgkmvfj62lnq-bash-interactive-5.1-p16/bin:/nix/store/pr5n59mb4jzmfx6kanwxly0l07p861fg-patchelf-0.15.0/bin:/nix/store/1gf2flfqnpqbr1b4p4qz2f72y42bs56r-gcc-11.3.0/bin:/nix/store/57xv61c5zi8pphjbcwxxjlgc34p61ic9-glibc-2.35-163-bin/bin:/nix/store/a7gvj343m05j2s32xcnwr35v31ynlypr-coreutils-9.1/bin:/nix/store/039g378vc3pc3dvi9dzdlrd0i4q93qwf-binutils-2.39/bin:/nix/store/gpxl5qgg8kicmcvivwmybwjlpf7wh20l-graalvm17-ce-22.3.0/bin:/nix/store/6z9ag3ihc8mq2hzsw48lhbznvzny65nz-apache-maven-3.8.6/bin:/nix/store/a7s9klvriqi68xz3qjc0qyfl5h86xc16-jdt-language-server-1.9.0/bin:/nix/store/48ifl2w60a3zp7yskbpnvn8jp9jdsb7k-java-debug/bin:/nix/store/mydc6f4k2z73xlcz7ilif3v2lcaiqvza-findutils-4.9.0/bin:/nix/store/j9p3g8472iijd50vhdprx0nmk2fqn5gv-diffutils-3.8/bin:/nix/store/89zs7rms6x00xfq4dq6m7mjnhkr8a6r4-gnused-4.8/bin:/nix/store/86bp03jkmsl6f92w0yzg4s59g5mhxwmy-gnugrep-3.7/bin:/nix/store/hwcdqw4jrjnd37wxqgsd47hd0j8bnj09-gawk-5.1.1/bin:/nix/store/cfbhw8r8ags41vwqaz47r583d0p4h4a1-gnutar-1.34/bin:/nix/store/p3m1ndl1lapwrlh698bnb5lvvxh67378-gzip-1.12/bin:/nix/store/a8mhcagrsly7c7mpjrpsnaahk4aax056-bzip2-1.0.8-bin/bin:/nix/store/mblgz65m3zv9x548a3d5m96fj2pbwr09-gnumake-4.3/bin:/nix/store/dsd5gz46hdbdk2rfdimqddhq6m8m8fqs-bash-5.1-p16/bin:/nix/store/v7ljksji50mg3w61dykaa3n3y79n6nil-patch-2.7.6/bin:/nix/store/zlcnmqq14jz5x9439jf937mvayyl63da-xz-5.2.7-bin/bin:/nix/store/y6aj732zm9m87c82fpvf103a1xb22blp-file-5.43/bin:/nix/store/yq0vlv3d2f5si3ibawpq5ay2pc6knixp-nix-2.18.0pre20230808_c0e6466/bin:/nix/store/i4kzir3m7mrisxmf5xvlnkw01x4qaqr4-prybar-elisp-0.0.0-e0d9a52/bin:/nix/store/lwwivxf6h7x3cvxp9zv8sj0mv7dak99r-prybar-lua-0.0.0-e0d9a52/bin:/nix/store/gxj28g1cg4hq3qanmjv07156h800qr58-prybar-python3-0.0.0-e0d9a52/bin:/nix/store/hshkjnxrgidigf8x75vg6lqng2xlx9i3-prybar-sqlite-0.0.0-e0d9a52/bin:/nix/store/c4w01bpjgyy5ixmwdk8m1pw87zq4sl
LD_LIBRARY_PATH=/nix/store/a4pff549sk2idnkpzk5nsfps3mdkdnvm-cups-2.4.2-lib/lib:/nix/store/72mqxxhh3cy5yifh92wh2yb8cl2hikyy-cairo-1.16.0/lib:/nix/store/2k366jrbsra97gjfxwvrhvixjfxdach5-glib-2.74.1/lib:/nix/store/2j2znigd8ak37rlwh9khz0ry3clqlw1l-gtk+3-3.24.34/lib:/nix/store/hisqvx32cd57apbpcsnkpx6k3549wql1-libglvnd-1.4.0/lib:/nix/store/p36pgcv991mq5srvg765b78yqpxvk3qs-mesa-21.3.3-drivers/lib:/nix/store/mav4251if1ahjq5vkpwycyyvnmy459c4-pulseaudio-14.2/lib
DISPLAY=:0
LANG=en_US.UTF-8

Signal Handlers:
   SIGSEGV: crash_handler in libjvm.so, mask=11100100010111111101111111111110, flags=SA_RESTART|SA_SIGINFO
    SIGBUS: crash_handler in libjvm.so, mask=11100100010111111101111111111110, flags=SA_RESTART|SA_SIGINFO
    SIGFPE: crash_handler in libjvm.so, mask=11100100010111111101111111111110, flags=SA_RESTART|SA_SIGINFO
   SIGPIPE: IsolateEnterStub_IgnoreSIGPIPEStartupHook_noopSignalHandler_8f19bff2f35b5f630d83b364d6b2339320d4ec70_216e8361c6bc87a8f89f58cc10d3b2fd4415bf87 in libjvmcicompiler.so, mask=00000000000000000000000000000000, flags=SA_RESTART
  *** Handler was modified!
  *** Expected: javaSignalHandler in libjvm.so, mask=11100100110111111111111111111110, flags=SA_RESTART|SA_SIGINFO
   SIGXFSZ: javaSignalHandler in libjvm.so, mask=11100100010111111101111111111110, flags=SA_RESTART|SA_SIGINFO
    SIGILL: crash_handler in libjvm.so, mask=11100100010111111101111111111110, flags=SA_RESTART|SA_SIGINFO
   SIGUSR2: SR_handler in libjvm.so, mask=00000000000000000000000000000000, flags=SA_RESTART|SA_SIGINFO
    SIGHUP: UserHandler in libjvm.so, mask=11100100010111111101111111111110, flags=SA_RESTART|SA_SIGINFO
    SIGINT: UserHandler in libjvm.so, mask=11100100010111111101111111111110, flags=SA_RESTART|SA_SIGINFO
   SIGTERM: UserHandler in libjvm.so, mask=11100100010111111101111111111110, flags=SA_RESTART|SA_SIGINFO
   SIGQUIT: UserHandler in libjvm.so, mask=11100100010111111101111111111110, flags=SA_RESTART|SA_SIGINFO
  *** Handler was modified!
  *** Expected: javaSignalHandler in libjvm.so, mask=11100100110111111111111111111110, flags=SA_RESTART|SA_SIGINFO
   SIGTRAP: crash_handler in libjvm.so, mask=11100100010111111101111111111110, flags=SA_RESTART|SA_SIGINFO


---------------  S Y S T E M  ---------------

OS:
DISTRIB_ID=Ubuntu
DISTRIB_RELEASE=20.04
DISTRIB_CODENAME=focal
DISTRIB_DESCRIPTION="Ubuntu 20.04.2 LTS"
uname: Linux 6.2.0-1019-gcp #21~22.04.1-Ubuntu SMP Thu Nov 16 18:18:34 UTC 2023 x86_64
OS uptime: 0 days 8:53 hours
libc: glibc 2.35 NPTL 2.35 
rlimit (soft/hard): STACK 8192k/infinity , CORE infinity/infinity , NPROC infinity/infinity , NOFILE 5242/5242 , AS infinity/infinity , CPU infinity/infinity , DATA infinity/infinity , FSIZE infinity/infinity , MEMLOCK 8192k/8192k
load average: 7.94 9.77 11.22

/proc/meminfo:
MemTotal:       65835928 kB
MemFree:        42816744 kB
MemAvailable:   54636656 kB
Buffers:         1937916 kB
Cached:          9623604 kB
SwapCached:            0 kB
Active:          6451512 kB
Inactive:       14615572 kB
Active(anon):       4768 kB
Inactive(anon):  9523952 kB
Active(file):    6446744 kB
Inactive(file):  5091620 kB
Unevictable:       28816 kB
Mlocked:           28816 kB
SwapTotal:             0 kB
SwapFree:              0 kB
Zswap:                 0 kB
Zswapped:              0 kB
Dirty:              2800 kB
Writeback:             0 kB
AnonPages:       9378060 kB
Mapped:          1341340 kB
Shmem:             14388 kB
KReclaimable:    1008000 kB
Slab:            1400680 kB
SReclaimable:    1008000 kB
SUnreclaim:       392680 kB
KernelStack:       77836 kB
PageTables:       140600 kB
SecPageTables:         0 kB
NFS_Unstable:          0 kB
Bounce:                0 kB
WritebackTmp:          0 kB
CommitLimit:    32917964 kB
Committed_AS:   28293804 kB
VmallocTotal:   34359738367 kB
VmallocUsed:      102896 kB
VmallocChunk:          0 kB
Percpu:            33440 kB
HardwareCorrupted:     0 kB
AnonHugePages:   1026048 kB
ShmemHugePages:        0 kB
ShmemPmdMapped:        0 kB
FileHugePages:         0 kB
FilePmdMapped:         0 kB
HugePages_Total:       0
HugePages_Free:        0
HugePages_Rsvd:        0
HugePages_Surp:        0
Hugepagesize:       2048 kB
Hugetlb:               0 kB
DirectMap4k:      269112 kB
DirectMap2M:    21747712 kB
DirectMap1G:    47185920 kB

/sys/kernel/mm/transparent_hugepage/enabled: always [madvise] never
/sys/kernel/mm/transparent_hugepage/defrag (defrag/compaction efforts parameter): always defer defer+madvise [madvise] never

Process Memory:
Virtual Size: 4647528K (peak: 4692912K)
Resident Set Size: 722044K (peak: 758468K) (anon: 525296K, file: 196748K, shmem: 0K)
Swapped out: 0K
C-Heap outstanding allocations: 37340K, retained: 9819K
glibc malloc tunables: (default)

/proc/sys/kernel/threads-max (system-wide limit on the number of threads): 514278
/proc/sys/vm/max_map_count (maximum number of memory map areas a process may have): 65530
/proc/sys/kernel/pid_max (system-wide limit on number of process identifiers): 4194304

container (cgroup) information:
container_type: cgroupv2
cpu_cpuset_cpus: not supported
cpu_memory_nodes: not supported
active_processor_count: 1
cpu_quota: 50000
cpu_period: 100000
cpu_shares: no shares
memory_limit_in_bytes: 1048576 k
memory_and_swap_limit_in_bytes: unlimited
memory_soft_limit_in_bytes: 524288 k
memory_usage_in_bytes: 582088 k
memory_max_usage_in_bytes: not supported
maximum number of tasks: not supported
current number of tasks: not supported

KVM virtualization detected
Steal ticks since vm start: 3957
Steal ticks percentage since vm start:  0.003

CPU: total 8 (initial active 1) (4 cores per cpu, 2 threads per core) family 6 model 79 stepping 0 microcode 0xffffffff, cx8, cmov, fxsr, ht, mmx, 3dnowpref, sse, sse2, sse3, ssse3, sse4.1, sse4.2, popcnt, lzcnt, tsc, tscinvbit, avx, avx2, aes, erms, clmul, bmi1, bmi2, rtm, adx, fma, vzeroupper, clflush, hv
CPU Model and flags from /proc/cpuinfo:
model name	: Intel(R) Xeon(R) CPU @ 2.20GHz
flags		: fpu vme de pse tsc msr pae mce cx8 apic sep mtrr pge mca cmov pat pse36 clflush mmx fxsr sse sse2 ss ht syscall nx pdpe1gb rdtscp lm constant_tsc rep_good nopl xtopology nonstop_tsc cpuid tsc_known_freq pni pclmulqdq ssse3 fma cx16 pcid sse4_1 sse4_2 x2apic movbe popcnt aes xsave avx f16c rdrand hypervisor lahf_lm abm 3dnowprefetch invpcid_single pti ssbd ibrs ibpb stibp fsgsbase tsc_adjust bmi1 hle avx2 smep bmi2 erms invpcid rtm rdseed adx smap xsaveopt arat md_clear arch_capabilities

Online cpus: 0-7
Offline cpus: 
BIOS frequency limitation: <Not Available>
Frequency switch latency (ns): <Not Available>
Available cpu frequencies: <Not Available>
Current governor: <Not Available>
Core performance/turbo boost: <Not Available>

Memory: 4k page, physical 1048576k(466484k free), swap 0k(0k free)
Page Sizes: 4k

vm_info: OpenJDK 64-Bit Server VM (17.0.5+8-jvmci-22.3-b08) for linux-amd64 JRE (17.0.5+8-jvmci-22.3-b08), built on Oct 19 2022 09:01:27 by "buildslave" with gcc 10.3.0

END.
