#
# A fatal error has been detected by the Java Runtime Environment:
#
#  Internal Error (jvmciRuntime.cpp:1609), pid=30, tid=52
#  fatal error: Fatal exception in JVMCI: Error calling jdk.vm.ci.services.Services.serializeSavedProperties
#
# JRE version: OpenJDK Runtime Environment GraalVM CE 22.3.0 (17.0.5+8) (build 17.0.5+8-jvmci-22.3-b08)
# Java VM: OpenJDK 64-Bit Server VM GraalVM CE 22.3.0 (17.0.5+8-jvmci-22.3-b08, mixed mode, sharing, tiered, jvmci, jvmci compiler, compressed oops, compressed class ptrs, parallel gc, linux-amd64)
# Problematic frame:
# V  [libjvm.so+0x972714]  JVMCIRuntime::fatal_exception(JVMCIEnv*, char const*)+0x74
#
# Core dump will be written. Default location: Core dumps may be processed with "/usr/share/apport/apport -p%p -s%s -c%c -d%d -P%P -u%u -g%g -- %E" (or dumping to /home/runner/Final-Project/core.30)
#
# If you would like to submit a bug report, please visit:
#   https://github.com/oracle/graal/issues
#

---------------  S U M M A R Y ------------

Command Line: -XX:ThreadPriorityPolicy=1 -XX:+UnlockExperimentalVMOptions -XX:+EnableJVMCIProduct -XX:JVMCIThreadsPerNativeLibraryRuntime=1 -XX:-UnlockExperimentalVMOptions -Declipse.application=org.eclipse.jdt.ls.core.id1 -Dosgi.bundles.defaultStartLevel=4 -Declipse.product=org.eclipse.jdt.ls.core.product -Dlog.level=ALL -Xverify:none -XX:+UseParallelGC -XX:GCTimeRatio=4 -XX:AdaptiveSizePolicyWeight=90 -Dsun.zip.disableMemoryMapping=true -Xmx512m -Xms100m /nix/store/a7s9klvriqi68xz3qjc0qyfl5h86xc16-jdt-language-server-1.9.0/share/java/plugins/org.eclipse.equinox.launcher_1.6.400.v20210924-0641.jar --add-modules=ALL-SYSTEM --add-opens java.base/java.util=ALL-UNNAMED --add-opens java.base/java.lang=ALL-UNNAMED -configuration /home/runner/Final-Project/.cache/jdt-language-server/config -data /home/runner/Final-Project/.cache/jdt-language-server/data/home/runner/Final-Project

Host: Intel(R) Xeon(R) CPU @ 2.20GHz, 8 cores, 1G, Ubuntu 20.04.2 LTS
Time: Wed Dec 13 22:11:07 2023 UTC elapsed time: 2464.011993 seconds (0d 0h 41m 4s)

---------------  T H R E A D  ---------------

Current thread (0x00007f2bf80b1c80):  JavaThread "JVMCI-native CompilerThread0" daemon [_thread_in_vm, id=52, stack(0x00007f2bfc31a000,0x00007f2bfc51a000)]


Current CompileTask:
JVMCI-native:2464012 7293       4       org.eclipse.core.internal.preferences.StringPool::add (59 bytes)

Stack: [0x00007f2bfc31a000,0x00007f2bfc51a000],  sp=0x00007f2bfc518380,  free space=2040k
Native frames: (J=compiled Java code, j=interpreted, Vv=VM code, C=native code)
V  [libjvm.so+0x972714]  JVMCIRuntime::fatal_exception(JVMCIEnv*, char const*)+0x74
V  [libjvm.so+0x93e2fe]  JVMCIEnv::copy_saved_properties()+0x14e
V  [libjvm.so+0x9732a9]  JVMCIRuntime::initialize(JVMCIEnv*)+0xb19
V  [libjvm.so+0x9738a2]  JVMCIRuntime::get_HotSpotJVMCIRuntime(JVMCIEnv*)+0x12
V  [libjvm.so+0x9749f2]  JVMCIRuntime::compile_method(JVMCIEnv*, JVMCICompiler*, methodHandle const&, int)+0xd2
V  [libjvm.so+0x5b0d20]  CompileBroker::invoke_compiler_on_method(CompileTask*)+0x1470
V  [libjvm.so+0x5b12e8]  CompileBroker::compiler_thread_loop()+0x528
V  [libjvm.so+0xd82460]  JavaThread::thread_main_inner()+0xd0
V  [libjvm.so+0xd85a40]  Thread::call_run()+0xc0
V  [libjvm.so+0xbdb1e1]  thread_native_entry(Thread*)+0xe1

Register to memory mapping:

RAX=0x00007f2bff441000 points into unknown readable memory: 0x0000000000000058 | 58 00 00 00 00 00 00 00
RBX=0x00007f2c0053c398: <offset 0x0000000000ef5398> in /nix/store/gpxl5qgg8kicmcvivwmybwjlpf7wh20l-graalvm17-ce-22.3.0/lib/server/libjvm.so at 0x00007f2bff647000
RCX=0x00007f2c004f41e8: <offset 0x0000000000ead1e8> in /nix/store/gpxl5qgg8kicmcvivwmybwjlpf7wh20l-graalvm17-ce-22.3.0/lib/server/libjvm.so at 0x00007f2bff647000
RDX=0x0000000000000649 is an unknown value
RSP=0x00007f2bfc518380 is pointing into the stack for thread: 0x00007f2bf80b1c80
RBP=0x00007f2bfc5183a0 is pointing into the stack for thread: 0x00007f2bf80b1c80
RSI=0x00007f2c0053cc48: <offset 0x0000000000ef5c48> in /nix/store/gpxl5qgg8kicmcvivwmybwjlpf7wh20l-graalvm17-ce-22.3.0/lib/server/libjvm.so at 0x00007f2bff647000
RDI=0x00000000e0000000 is an oop: [B 
{0x00000000e0000000} - klass: {type array byte}
 - length: 44
R8 =0x00007f2c0053c398: <offset 0x0000000000ef5398> in /nix/store/gpxl5qgg8kicmcvivwmybwjlpf7wh20l-graalvm17-ce-22.3.0/lib/server/libjvm.so at 0x00007f2bff647000
R9 =0x0000000000000003 is an unknown value
R10=0x00007f2c0088dda0: <offset 0x0000000001246da0> in /nix/store/gpxl5qgg8kicmcvivwmybwjlpf7wh20l-graalvm17-ce-22.3.0/lib/server/libjvm.so at 0x00007f2bff647000
R11=0x000000080044f048 is pointing into metadata
R12=0x0 is NULL
R13=0x00007f2bf80b1c80 is a thread
R14=0x00007f2bf8000b80 points into unknown readable memory: 0x00007f2c0076da38 | 38 da 76 00 2c 7f 00 00
R15=0x00007f2c0087be40: <offset 0x0000000001234e40> in /nix/store/gpxl5qgg8kicmcvivwmybwjlpf7wh20l-graalvm17-ce-22.3.0/lib/server/libjvm.so at 0x00007f2bff647000


Registers:
RAX=0x00007f2bff441000, RBX=0x00007f2c0053c398, RCX=0x00007f2c004f41e8, RDX=0x0000000000000649
RSP=0x00007f2bfc518380, RBP=0x00007f2bfc5183a0, RSI=0x00007f2c0053cc48, RDI=0x00000000e0000000
R8 =0x00007f2c0053c398, R9 =0x0000000000000003, R10=0x00007f2c0088dda0, R11=0x000000080044f048
R12=0x0000000000000000, R13=0x00007f2bf80b1c80, R14=0x00007f2bf8000b80, R15=0x00007f2c0087be40
RIP=0x00007f2bfffb9714, EFLAGS=0x0000000000010206, CSGSFS=0x002b000000000033, ERR=0x0000000000000006
  TRAPNO=0x000000000000000e

Top of Stack: (sp=0x00007f2bfc518380)
0x00007f2bfc518380:   00007f2bfc518940 00007f2bf80b1c80
0x00007f2bfc518390:   00007f2bfddd28c8 0000000800c417a0
0x00007f2bfc5183a0:   00007f2bfc518500 00007f2bfff852fe
0x00007f2bfc5183b0:   00007f2bfc5183e0 00007f2bfc518440 

Instructions: (pc=0x00007f2bfffb9714)
0x00007f2bfffb9614:   30 e8 f6 cf e8 ff 4c 89 e7 e8 2e 48 d1 ff 84 db
0x00007f2bfffb9624:   75 2a 4d 85 ed 74 04 4d 8b 6d 00 48 83 c4 08 44
0x00007f2bfffb9634:   89 f9 4c 89 f2 4c 89 ee 5b 4c 89 e7 41 5c 41 5d
0x00007f2bfffb9644:   41 5e 41 5f 5d e9 e2 47 d1 ff 66 90 48 83 c4 08
0x00007f2bfffb9654:   5b 41 5c 41 5d 41 5e 41 5f 5d c3 90 31 d2 be 08
0x00007f2bfffb9664:   00 00 00 4c 89 ff e8 b1 78 a3 ff 49 89 c5 e9 37
0x00007f2bfffb9674:   ff ff ff 66 0f 1f 84 00 00 00 00 00 48 8b 7a 08
0x00007f2bfffb9684:   e9 6d ff ff ff 0f 1f 80 00 00 00 00 e8 5b 48 0a
0x00007f2bfffb9694:   00 84 c0 75 89 e9 6a ff ff ff 66 90 55 48 89 e5
0x00007f2bfffb96a4:   41 56 41 55 41 54 49 89 fc 53 48 89 f3 66 48 8d
0x00007f2bfffb96b4:   3d 27 5e 85 00 66 66 48 e8 df 43 8d ff 4c 8b 28
0x00007f2bfffb96c4:   8b 05 be 72 8a 00 85 c0 75 14 ba 01 00 00 00 48
0x00007f2bfffb96d4:   8d 0d ae 72 8a 00 f0 0f b1 11 85 c0 74 4e be c8
0x00007f2bfffb96e4:   00 00 00 4c 89 ef e8 01 0b 41 00 48 8d 05 12 ac
0x00007f2bfffb96f4:   85 00 49 89 d8 48 8d 0d e8 aa 53 00 ba 49 06 00
0x00007f2bfffb9704:   00 48 8d 35 3c 35 58 00 bf 00 00 00 e0 48 8b 00
0x00007f2bfffb9714:   c6 00 58 31 c0 e8 e2 91 c6 ff 5b 41 5c 41 5d 41
0x00007f2bfffb9724:   5e 5d e9 55 34 26 00 0f 1f 44 00 00 48 8d 05 81
0x00007f2bfffb9734:   a3 8b 00 48 89 df 4c 8b 30 e8 9e 43 8d ff 48 89
0x00007f2bfffb9744:   de 48 89 c2 49 8b 06 4c 89 f7 ff 50 08 4c 89 f7
0x00007f2bfffb9754:   e8 a7 5c 27 00 4d 85 e4 74 12 be 01 00 00 00 4c
0x00007f2bfffb9764:   89 e7 e8 35 43 fc ff eb 82 0f 1f 00 be 01 00 00
0x00007f2bfffb9774:   00 4c 89 ef e8 d3 fd ff ff e9 6d ff ff ff 66 66
0x00007f2bfffb9784:   2e 0f 1f 84 00 00 00 00 00 0f 1f 00 55 48 89 e5
0x00007f2bfffb9794:   41 57 41 56 41 55 41 54 53 48 81 ec 08 02 00 00
0x00007f2bfffb97a4:   64 48 8b 04 25 28 00 00 00 48 89 45 c8 8b 07 83
0x00007f2bfffb97b4:   f8 02 0f 84 11 04 00 00 4c 8b 6f 18 49 89 ff 49
0x00007f2bfffb97c4:   89 f4 4d 85 ed 74 14 4c 89 ef e8 5d 57 22 00 41
0x00007f2bfffb97d4:   8b 07 83 f8 02 0f 84 19 04 00 00 48 8d 1d 9a 06
0x00007f2bfffb97e4:   8a 00 4c 8d 35 0b 3c 58 00 eb 38 90 48 85 d2 7f
0x00007f2bfffb97f4:   0d 48 8d 05 b4 c0 85 00 48 83 38 00 7e 0e 41 8b
0x00007f2bfffb9804:   77 2c 4c 89 f7 31 c0 e8 a0 b2 f7 ff 49 8b 7f 18 


Stack slot to memory mapping:
stack at sp + 0 slots: 0x00007f2bfc518940 is pointing into the stack for thread: 0x00007f2bf80b1c80
stack at sp + 1 slots: 0x00007f2bf80b1c80 is a thread
stack at sp + 2 slots: 0x00007f2bfddd28c8 points into unknown readable memory: 0x65730018052dffff | ff ff 2d 05 18 00 73 65
stack at sp + 3 slots: 0x0000000800c417a0 is a pointer to class: 
jdk.vm.ci.services.Services {0x0000000800c417a0}
 - instance size:     2
 - klass size:        65
 - access:            public final synchronized 
 - state:             fully_initialized
 - name:              'jdk/vm/ci/services/Services'
 - super:             'java/lang/Object'
 - sub:               
 - arrays:            NULL
 - methods:           Array<T>(0x00007f2bfcc464b0)
 - method ordering:   Array<T>(0x0000000800928960)
 - default_methods:   Array<T>(0x0000000000000000)
 - local interfaces:  Array<T>(0x00000008005ce810)
 - trans. interfaces: Array<T>(0x00000008005ce810)
 - constants:         constant pool [427] {0x00007f2bfcc45590} for 'jdk/vm/ci/services/Services' cache=0x00007f2bfcc47780
 - class loader data:  loader data: 0x00007f2bf8027d30 of 'bootstrap'
 - source file:       'Services.java'
 - class annotations:       Array<T>(0x0000000000000000)
 - class type annotations:  Array<T>(0x0000000000000000)
 - field annotations:       Array<T>(0x0000000000000000)
 - field type annotations:  Array<T>(0x0000000000000000)
 - inner classes:     Array<T>(0x00007f2bfcc47750)
 - nest members:     Array<T>(0x00007f2bfcc47770)
 - permitted subclasses:     Array<T>(0x00000008005ce7a0)
 - java mirror:       a 'java/lang/Class'{0x00000000e02bc6f8} = 'jdk/vm/ci/services/Services'
 - vtable length      5  (start addr: 0x0000000800c41970)
 - itable length      2 (start addr: 0x0000000800c41998)
 - ---- static fields (3 words):
 - public static final 'IS_BUILDING_NATIVE_IMAGE' 'Z' @128 
 - public static final 'IS_IN_NATIVE_IMAGE' 'Z' @129 
 - private static volatile 'savedProperties' 'Ljava/util/Map;' @112 
 - static final 'JVMCI_ENABLED' 'Z' @130 
 - private static final 'servicesCache' 'Ljava/util/Map;' @116 
 - private static final 'MAX_UNICODE_IN_UTF8_LENGTH' 'I' @120 
 - private static final 'MAX_UTF8_PROPERTY_STRING_LENGTH' 'I' @124 
 - ---- non-static fields (0 words):
 - non-static oop maps: 
stack at sp + 4 slots: 0x00007f2bfc518500 is pointing into the stack for thread: 0x00007f2bf80b1c80
stack at sp + 5 slots: 0x00007f2bfff852fe: <offset 0x000000000093e2fe> in /nix/store/gpxl5qgg8kicmcvivwmybwjlpf7wh20l-graalvm17-ce-22.3.0/lib/server/libjvm.so at 0x00007f2bff647000
stack at sp + 6 slots: 0x00007f2bfc5183e0 is pointing into the stack for thread: 0x00007f2bf80b1c80
stack at sp + 7 slots: 0x00007f2bfc518440 is pointing into the stack for thread: 0x00007f2bf80b1c80


---------------  P R O C E S S  ---------------

Threads class SMR info:
_java_thread_list=0x00007f2b5001d900, length=27, elements={
0x00007f2bf8025fd0, 0x00007f2bf80a5f70, 0x00007f2bf80a73b0, 0x00007f2bf80adaf0,
0x00007f2bf80aeea0, 0x00007f2bf80b0290, 0x00007f2bf80b1c80, 0x00007f2bf80b3190,
0x00007f2bf80b41f0, 0x00007f2bf80d6f00, 0x00007f2bf811ed10, 0x00007f2bf831c360,
0x00007f2bf8364680, 0x00007f2bf83676c0, 0x00007f2b9002be00, 0x00007f2b9045d810,
0x00007f2b904de900, 0x00007f2b90668850, 0x00007f2b90728690, 0x00007f2bf8373e20,
0x00007f2bf8400870, 0x00007f2b80001210, 0x00007f2b64000ff0, 0x00007f2b88257550,
0x00007f2b68001a60, 0x00007f2b88256620, 0x00007f2b8825cca0
}

Java Threads: ( => current thread )
  0x00007f2bf8025fd0 JavaThread "main" [_thread_blocked, id=43, stack(0x00007f2bff462000,0x00007f2bff562000)]
  0x00007f2bf80a5f70 JavaThread "Reference Handler" daemon [_thread_blocked, id=47, stack(0x00007f2bfd479000,0x00007f2bfd579000)]
  0x00007f2bf80a73b0 JavaThread "Finalizer" daemon [_thread_blocked, id=48, stack(0x00007f2bfcb00000,0x00007f2bfcc00000)]
  0x00007f2bf80adaf0 JavaThread "Signal Dispatcher" daemon [_thread_blocked, id=49, stack(0x00007f2bfc71a000,0x00007f2bfc81a000)]
  0x00007f2bf80aeea0 JavaThread "Service Thread" daemon [_thread_blocked, id=50, stack(0x00007f2bfc61a000,0x00007f2bfc71a000)]
  0x00007f2bf80b0290 JavaThread "Monitor Deflation Thread" daemon [_thread_blocked, id=51, stack(0x00007f2bfc51a000,0x00007f2bfc61a000)]
=>0x00007f2bf80b1c80 JavaThread "JVMCI-native CompilerThread0" daemon [_thread_in_vm, id=52, stack(0x00007f2bfc31a000,0x00007f2bfc51a000)]
  0x00007f2bf80b3190 JavaThread "C1 CompilerThread0" daemon [_thread_blocked, id=53, stack(0x00007f2bfc11a000,0x00007f2bfc31a000)]
  0x00007f2bf80b41f0 JavaThread "Sweeper thread" daemon [_thread_blocked, id=54, stack(0x00007f2bfc01a000,0x00007f2bfc11a000)]
  0x00007f2bf80d6f00 JavaThread "Common-Cleaner" daemon [_thread_blocked, id=55, stack(0x00007f2bdf3b3000,0x00007f2bdf4b3000)]
  0x00007f2bf811ed10 JavaThread "Notification Thread" daemon [_thread_blocked, id=56, stack(0x00007f2bdf2b3000,0x00007f2bdf3b3000)]
  0x00007f2bf831c360 JavaThread "Active Thread: Equinox Container: e2be478a-0437-415a-ad4e-9637e220ecd9" [_thread_blocked, id=67, stack(0x00007f2bdcd00000,0x00007f2bdce00000)]
  0x00007f2bf8364680 JavaThread "Framework Event Dispatcher: Equinox Container: e2be478a-0437-415a-ad4e-9637e220ecd9" daemon [_thread_blocked, id=74, stack(0x00007f2bdcb00000,0x00007f2bdcc00000)]
  0x00007f2bf83676c0 JavaThread "Start Level: Equinox Container: e2be478a-0437-415a-ad4e-9637e220ecd9" daemon [_thread_blocked, id=75, stack(0x00007f2bdc900000,0x00007f2bdca00000)]
  0x00007f2b9002be00 JavaThread "SCR Component Actor" daemon [_thread_blocked, id=76, stack(0x00007f2bdc700000,0x00007f2bdc800000)]
  0x00007f2b9045d810 JavaThread "Worker-JM" [_thread_blocked, id=85, stack(0x00007f2bdc300000,0x00007f2bdc400000)]
  0x00007f2b904de900 JavaThread "Worker-0: Java indexing... " [_thread_blocked, id=86, stack(0x00007f2bdc100000,0x00007f2bdc200000)]
  0x00007f2b90668850 JavaThread "Java indexing" daemon [_thread_blocked, id=94, stack(0x00007f2ba6b00000,0x00007f2ba6c00000)]
  0x00007f2b90728690 JavaThread "Bundle File Closer" daemon [_thread_blocked, id=95, stack(0x00007f2ba6900000,0x00007f2ba6a00000)]
  0x00007f2bf8373e20 JavaThread "pool-3-thread-1" [_thread_blocked, id=109, stack(0x00007f2ba6500000,0x00007f2ba6600000)]
  0x00007f2bf8400870 JavaThread "pool-2-thread-1" [_thread_blocked, id=110, stack(0x00007f2bdc500000,0x00007f2bdc600000)]
  0x00007f2b80001210 JavaThread "Worker-3: Compacting resource model" [_thread_blocked, id=113, stack(0x00007f2ba6300000,0x00007f2ba6400000)]
  0x00007f2b64000ff0 JavaThread "Worker-4: Periodic workspace save." [_thread_blocked, id=117, stack(0x00007f2ba6100000,0x00007f2ba6200000)]
  0x00007f2b88257550 JavaThread "Thread-3" [_thread_blocked, id=151, stack(0x00007f2ba5d00000,0x00007f2ba5e00000)]
  0x00007f2b68001a60 JavaThread "Worker-5" [_thread_blocked, id=797, stack(0x00007f2ba6700000,0x00007f2ba6800000)]
  0x00007f2b88256620 JavaThread "Thread-11" [_thread_blocked, id=1292, stack(0x00007f2ba6d00000,0x00007f2ba6e00000)]
  0x00007f2b8825cca0 JavaThread "Thread-12" [_thread_blocked, id=1647, stack(0x00007f2ba5b00000,0x00007f2ba5c00000)]

Other Threads:
  0x00007f2bf80a16b0 VMThread "VM Thread" [stack: 0x00007f2bfd57b000,0x00007f2bfd67b000] [id=46] _threads_hazard_ptr=0x00007f2b5001d900
  0x00007f2bf81206b0 WatcherThread [stack: 0x00007f2bdf1b3000,0x00007f2bdf2b3000] [id=57]
  0x00007f2bf803d8d0 GCTaskThread "GC Thread#0" [stack: 0x00007f2bff025000,0x00007f2bff125000] [id=44]

Threads with active compile tasks:
JVMCI-native CompilerThread0  2464089 7293       4       org.eclipse.core.internal.preferences.StringPool::add (59 bytes)

VM state: synchronizing (normal execution)

VM Mutex/Monitor currently owned by a thread:  ([mutex/lock_event])
[0x00007f2bf8023120] Threads_lock - owner thread: 0x00007f2bf80a16b0
[0x00007f2bf80238d0] Heap_lock - owner thread: 0x00007f2b64000ff0

OutOfMemory and StackOverflow Exception counts:
OutOfMemoryError java_heap_errors=1
LinkageErrors=48

Heap address: 0x00000000e0000000, size: 512 MB, Compressed Oops mode: 32-bit

CDS archive(s) mapped at: [0x0000000800000000-0x0000000800bc8000-0x0000000800bc8000), size 12353536, SharedBaseAddress: 0x0000000800000000, ArchiveRelocationMode: 0.
Compressed class space mapped at: 0x0000000800c00000-0x0000000840c00000, reserved size: 1073741824
Narrow klass base: 0x0000000800000000, Narrow klass shift: 0, Narrow klass range: 0x100000000

GC Precious Log:
 CPUs: 8 total, 1 available
 Memory: 1024M
 Large Page Support: Disabled
 NUMA Support: Disabled
 Compressed Oops: Enabled (32-bit)
 Alignments: Space 512K, Generation 512K, Heap 2M
 Heap Min Capacity: 100M
 Heap Initial Capacity: 100M
 Heap Max Capacity: 512M
 Pre-touch: Disabled
 Parallel Workers: 1

Heap:
 PSYoungGen      total 59392K, used 44031K [0x00000000f5580000, 0x00000000fa100000, 0x0000000100000000)
  eden space 44032K, 99% used [0x00000000f5580000,0x00000000f807fff8,0x00000000f8080000)
  from space 15360K, 0% used [0x00000000f8080000,0x00000000f8080000,0x00000000f8f80000)
  to   space 14848K, 0% used [0x00000000f8f80000,0x00000000f8f80000,0x00000000f9e00000)
 ParOldGen       total 349696K, used 349694K [0x00000000e0000000, 0x00000000f5580000, 0x00000000f5580000)
  object space 349696K, 99% used [0x00000000e0000000,0x00000000f557f9c0,0x00000000f5580000)
 Metaspace       used 50727K, committed 51584K, reserved 1097728K
  class space    used 4921K, committed 5248K, reserved 1048576K

Card table byte_map: [0x00007f2bff125000,0x00007f2bff226000] _byte_map_base: 0x00007f2bfea25000

Marking Bits: (ParMarkBitMap*) 0x00007f2c008754c0
 Begin Bits: [0x00007f2bfdf78000, 0x00007f2bfe778000)
 End Bits:   [0x00007f2bfe778000, 0x00007f2bfef78000)

Polling page: 0x00007f2bff43f000

Metaspace:

Usage:
  Non-class:     44.73 MB used.
      Class:      4.81 MB used.
       Both:     49.54 MB used.

Virtual space:
  Non-class space:       48.00 MB reserved,      45.25 MB ( 94%) committed,  6 nodes.
      Class space:        1.00 GB reserved,       5.12 MB ( <1%) committed,  1 nodes.
             Both:        1.05 GB reserved,      50.38 MB (  5%) committed. 

Chunk freelists:
   Non-Class:  2.83 MB
       Class:  2.91 MB
        Both:  5.74 MB

MaxMetaspaceSize: unlimited
CompressedClassSpaceSize: 1.00 GB
Initial GC threshold: 21.00 MB
Current GC threshold: 83.75 MB
CDS: on
MetaspaceReclaimPolicy: balanced
 - commit_granule_bytes: 65536.
 - commit_granule_words: 8192.
 - virtual_space_node_default_size: 1048576.
 - enlarge_chunks_in_place: 1.
 - new_chunks_are_fully_committed: 0.
 - uncommit_free_chunks: 1.
 - use_allocation_guard: 0.
 - handle_deallocations: 1.


Internal statistics:

num_allocs_failed_limit: 6.
num_arena_births: 336.
num_arena_deaths: 66.
num_vsnodes_births: 7.
num_vsnodes_deaths: 0.
num_space_committed: 804.
num_space_uncommitted: 0.
num_chunks_returned_to_freelist: 89.
num_chunks_taken_from_freelist: 2425.
num_chunk_merges: 31.
num_chunk_splits: 1576.
num_chunks_enlarged: 993.
num_purges: 8.
num_inconsistent_stats: 0.

CodeHeap 'non-profiled nmethods': size=120036Kb used=2497Kb max_used=2497Kb free=117538Kb
 bounds [0x00007f2be6f7a000, 0x00007f2be71fa000, 0x00007f2bee4b3000]
CodeHeap 'profiled nmethods': size=120032Kb used=13838Kb max_used=13838Kb free=106193Kb
 bounds [0x00007f2bdfa42000, 0x00007f2be07d2000, 0x00007f2be6f7a000]
CodeHeap 'non-nmethods': size=5692Kb used=1352Kb max_used=1362Kb free=4339Kb
 bounds [0x00007f2bdf4b3000, 0x00007f2bdf723000, 0x00007f2bdfa42000]
 total_blobs=6534 nmethods=5852 adapters=574
 compilation: enabled
              stopped_count=0, restarted_count=0
 full_count=0

JVMCI Events (20 events):
Event: 1800.102 Thread 0x00007f2bf80b1c80 compacted oop handles in JVMCI runtime 0 from 53 to 53
Event: 1800.102 Thread 0x00007f2bf80b1c80 releasing handles for JVMCI runtime 0: oop handles=53, metadata handles={total=96, live=93, blocks=30}
Event: 1800.102 Thread 0x00007f2bf80b1c80 detached from JVMCI runtime 0
Event: 1912.705 Thread 0x00007f2bf80b1c80 attached to JVMCI runtime 0
Event: 1912.707 Thread 0x00007f2bf80b1c80 created JavaVM[9]@0x00007f2ba559e340 for JVMCI runtime 0
Event: 1915.076 Thread 0x00007f2bf80b1c80 initializing JVMCI runtime 0
Event: 1915.076 Thread 0x00007f2bf80b1c80 done waiting for JavaVM references initialization in JVMCI runtime 0
Event: 2137.004 Thread 0x00007f2bf80b1c80 initialized JVMCI runtime 0
Event: 2182.327 Thread 0x00007f2bf80b1c80 compacted oop handles in JVMCI runtime 0 from 57 to 55
Event: 2188.601 Thread 0x00007f2bf80b1c80 detaching from JVMCI runtime 0: releasing idle compiler thread (0 other threads still attached)
Event: 2188.601 Thread 0x00007f2bf80b1c80 shutting down HotSpotJVMCIRuntime for JVMCI runtime 0
Event: 2188.601 Thread 0x00007f2bf80b1c80 shut down JVMCI runtime 0
Event: 2188.603 Thread 0x00007f2bf80b1c80 destroyed JavaVM[9]@0x00007f2ba559e340 for JVMCI runtime 0
Event: 2188.603 Thread 0x00007f2bf80b1c80 compacted oop handles in JVMCI runtime 0 from 55 to 55
Event: 2188.603 Thread 0x00007f2bf80b1c80 releasing handles for JVMCI runtime 0: oop handles=55, metadata handles={total=128, live=116, blocks=30}
Event: 2188.603 Thread 0x00007f2bf80b1c80 detached from JVMCI runtime 0
Event: 2452.174 Thread 0x00007f2bf80b1c80 attached to JVMCI runtime 0
Event: 2452.176 Thread 0x00007f2bf80b1c80 created JavaVM[10]@0x00007f2ba559e340 for JVMCI runtime 0
Event: 2454.313 Thread 0x00007f2bf80b1c80 initializing JVMCI runtime 0
Event: 2454.313 Thread 0x00007f2bf80b1c80 done waiting for JavaVM references initialization in JVMCI runtime 0

Compilation events (20 events):
Event: 1943.605 Thread 0x00007f2bf80b3190 7284       3       org.eclipse.core.runtime.SubMonitor::isCanceled (20 bytes)
Event: 1948.206 Thread 0x00007f2bf80b3190 nmethod 7284 0x00007f2be07b9210 code [0x00007f2be07b93c0, 0x00007f2be07b97c0]
Event: 1948.206 Thread 0x00007f2bf80b3190 7285       3       java.util.concurrent.locks.ReentrantLock$NonfairSync::tryAcquire (27 bytes)
Event: 1952.622 Thread 0x00007f2bf80b3190 nmethod 7285 0x00007f2be07b9910 code [0x00007f2be07b9ac0, 0x00007f2be07b9d20]
Event: 2002.606 Thread 0x00007f2bf80b3190 7286 % !   3       org.eclipse.jdt.internal.core.index.DiskIndex::mergeWith @ 262 (599 bytes)
Event: 2007.586 Thread 0x00007f2bf80b3190 nmethod 7286% 0x00007f2be07b9e10 code [0x00007f2be07ba640, 0x00007f2be07c0680]
Event: 2182.327 Thread 0x00007f2bf80b1c80 nmethod 7282 0x00007f2be71e9f10 code [0x00007f2be71ea0a0, 0x00007f2be71ea270]
Event: 2199.330 Thread 0x00007f2bf80b3190 7287       3       java.util.concurrent.locks.AbstractQueuedSynchronizer::acquire (20 bytes)
Event: 2199.330 Thread 0x00007f2bf80b3190 nmethod 7287 0x00007f2be07c2e90 code [0x00007f2be07c3040, 0x00007f2be07c3410]
Event: 2226.125 Thread 0x00007f2bf80b3190 7288       3       jdk.internal.reflect.UTF8::utf8Length (81 bytes)
Event: 2226.126 Thread 0x00007f2bf80b3190 nmethod 7288 0x00007f2be07c3510 code [0x00007f2be07c3740, 0x00007f2be07c4050]
Event: 2236.579 Thread 0x00007f2bf80b3190 7289  s    3       org.eclipse.jdt.internal.core.search.processing.JobManager::currentJob (35 bytes)
Event: 2236.580 Thread 0x00007f2bf80b3190 nmethod 7289 0x00007f2be07c4410 code [0x00007f2be07c45e0, 0x00007f2be07c4f30]
Event: 2236.580 Thread 0x00007f2bf80b3190 7290       3       java.util.LinkedList::get (14 bytes)
Event: 2236.580 Thread 0x00007f2bf80b3190 nmethod 7290 0x00007f2be07c5090 code [0x00007f2be07c5280, 0x00007f2be07c5680]
Event: 2278.694 Thread 0x00007f2bf80b3190 7291       1       org.eclipse.jdt.ls.core.internal.LanguageServer::getParentProcessId (5 bytes)
Event: 2278.694 Thread 0x00007f2bf80b3190 nmethod 7291 0x00007f2be71ea410 code [0x00007f2be71ea5a0, 0x00007f2be71ea670]
Event: 2353.488 Thread 0x00007f2bf80b3190 7292       3       java.lang.StringBuffer::<init> (6 bytes)
Event: 2357.991 Thread 0x00007f2bf80b3190 nmethod 7292 0x00007f2be07c5810 code [0x00007f2be07c59c0, 0x00007f2be07c5b00]
Event: 2452.174 Thread 0x00007f2bf80b1c80 7293       4       org.eclipse.core.internal.preferences.StringPool::add (59 bytes)

GC Heap History (20 events):
Event: 2440.977 GC heap before
{Heap before GC invocations=1044 (full 980):
 PSYoungGen      total 59392K, used 44032K [0x00000000f5580000, 0x00000000fa100000, 0x0000000100000000)
  eden space 44032K, 100% used [0x00000000f5580000,0x00000000f8080000,0x00000000f8080000)
  from space 15360K, 0% used [0x00000000f8080000,0x00000000f8080000,0x00000000f8f80000)
  to   space 14848K, 0% used [0x00000000f8f80000,0x00000000f8f80000,0x00000000f9e00000)
 ParOldGen       total 349696K, used 349694K [0x00000000e0000000, 0x00000000f5580000, 0x00000000f5580000)
  object space 349696K, 99% used [0x00000000e0000000,0x00000000f557f948,0x00000000f5580000)
 Metaspace       used 50727K, committed 51584K, reserved 1097728K
  class space    used 4921K, committed 5248K, reserved 1048576K
}
Event: 2443.181 GC heap after
{Heap after GC invocations=1044 (full 980):
 PSYoungGen      total 58880K, used 44031K [0x00000000f5580000, 0x00000000fa100000, 0x0000000100000000)
  eden space 44032K, 99% used [0x00000000f5580000,0x00000000f807ffc8,0x00000000f8080000)
  from space 14848K, 0% used [0x00000000f8f80000,0x00000000f8f80000,0x00000000f9e00000)
  to   space 15360K, 0% used [0x00000000f8080000,0x00000000f8080000,0x00000000f8f80000)
 ParOldGen       total 349696K, used 349691K [0x00000000e0000000, 0x00000000f5580000, 0x00000000f5580000)
  object space 349696K, 99% used [0x00000000e0000000,0x00000000f557efe8,0x00000000f5580000)
 Metaspace       used 50727K, committed 51584K, reserved 1097728K
  class space    used 4921K, committed 5248K, reserved 1048576K
}
Event: 2443.182 GC heap before
{Heap before GC invocations=1045 (full 981):
 PSYoungGen      total 58880K, used 44032K [0x00000000f5580000, 0x00000000fa100000, 0x0000000100000000)
  eden space 44032K, 100% used [0x00000000f5580000,0x00000000f8080000,0x00000000f8080000)
  from space 14848K, 0% used [0x00000000f8f80000,0x00000000f8f80000,0x00000000f9e00000)
  to   space 15360K, 0% used [0x00000000f8080000,0x00000000f8080000,0x00000000f8f80000)
 ParOldGen       total 349696K, used 349691K [0x00000000e0000000, 0x00000000f5580000, 0x00000000f5580000)
  object space 349696K, 99% used [0x00000000e0000000,0x00000000f557efe8,0x00000000f5580000)
 Metaspace       used 50727K, committed 51584K, reserved 1097728K
  class space    used 4921K, committed 5248K, reserved 1048576K
}
Event: 2445.279 GC heap after
{Heap after GC invocations=1045 (full 981):
 PSYoungGen      total 59392K, used 44032K [0x00000000f5580000, 0x00000000fa100000, 0x0000000100000000)
  eden space 44032K, 100% used [0x00000000f5580000,0x00000000f8080000,0x00000000f8080000)
  from space 15360K, 0% used [0x00000000f8080000,0x00000000f8080000,0x00000000f8f80000)
  to   space 14848K, 0% used [0x00000000f8f80000,0x00000000f8f80000,0x00000000f9e00000)
 ParOldGen       total 349696K, used 349691K [0x00000000e0000000, 0x00000000f5580000, 0x00000000f5580000)
  object space 349696K, 99% used [0x00000000e0000000,0x00000000f557efc8,0x00000000f5580000)
 Metaspace       used 50727K, committed 51584K, reserved 1097728K
  class space    used 4921K, committed 5248K, reserved 1048576K
}
Event: 2445.282 GC heap before
{Heap before GC invocations=1046 (full 982):
 PSYoungGen      total 59392K, used 44032K [0x00000000f5580000, 0x00000000fa100000, 0x0000000100000000)
  eden space 44032K, 100% used [0x00000000f5580000,0x00000000f8080000,0x00000000f8080000)
  from space 15360K, 0% used [0x00000000f8080000,0x00000000f8080000,0x00000000f8f80000)
  to   space 14848K, 0% used [0x00000000f8f80000,0x00000000f8f80000,0x00000000f9e00000)
 ParOldGen       total 349696K, used 349694K [0x00000000e0000000, 0x00000000f5580000, 0x00000000f5580000)
  object space 349696K, 99% used [0x00000000e0000000,0x00000000f557fac0,0x00000000f5580000)
 Metaspace       used 50727K, committed 51584K, reserved 1097728K
  class space    used 4921K, committed 5248K, reserved 1048576K
}
Event: 2447.583 GC heap after
{Heap after GC invocations=1046 (full 982):
 PSYoungGen      total 58880K, used 44031K [0x00000000f5580000, 0x00000000fa100000, 0x0000000100000000)
  eden space 44032K, 99% used [0x00000000f5580000,0x00000000f807ffc8,0x00000000f8080000)
  from space 14848K, 0% used [0x00000000f8f80000,0x00000000f8f80000,0x00000000f9e00000)
  to   space 15360K, 0% used [0x00000000f8080000,0x00000000f8080000,0x00000000f8f80000)
 ParOldGen       total 349696K, used 349692K [0x00000000e0000000, 0x00000000f5580000, 0x00000000f5580000)
  object space 349696K, 99% used [0x00000000e0000000,0x00000000f557f228,0x00000000f5580000)
 Metaspace       used 50727K, committed 51584K, reserved 1097728K
  class space    used 4921K, committed 5248K, reserved 1048576K
}
Event: 2447.584 GC heap before
{Heap before GC invocations=1047 (full 983):
 PSYoungGen      total 58880K, used 44031K [0x00000000f5580000, 0x00000000fa100000, 0x0000000100000000)
  eden space 44032K, 99% used [0x00000000f5580000,0x00000000f807fff8,0x00000000f8080000)
  from space 14848K, 0% used [0x00000000f8f80000,0x00000000f8f80000,0x00000000f9e00000)
  to   space 15360K, 0% used [0x00000000f8080000,0x00000000f8080000,0x00000000f8f80000)
 ParOldGen       total 349696K, used 349692K [0x00000000e0000000, 0x00000000f5580000, 0x00000000f5580000)
  object space 349696K, 99% used [0x00000000e0000000,0x00000000f557f228,0x00000000f5580000)
 Metaspace       used 50727K, committed 51584K, reserved 1097728K
  class space    used 4921K, committed 5248K, reserved 1048576K
}
Event: 2449.893 GC heap after
{Heap after GC invocations=1047 (full 983):
 PSYoungGen      total 59392K, used 44031K [0x00000000f5580000, 0x00000000fa100000, 0x0000000100000000)
  eden space 44032K, 99% used [0x00000000f5580000,0x00000000f807ffe0,0x00000000f8080000)
  from space 15360K, 0% used [0x00000000f8080000,0x00000000f8080000,0x00000000f8f80000)
  to   space 14848K, 0% used [0x00000000f8f80000,0x00000000f8f80000,0x00000000f9e00000)
 ParOldGen       total 349696K, used 349692K [0x00000000e0000000, 0x00000000f5580000, 0x00000000f5580000)
  object space 349696K, 99% used [0x00000000e0000000,0x00000000f557f228,0x00000000f5580000)
 Metaspace       used 50727K, committed 51584K, reserved 1097728K
  class space    used 4921K, committed 5248K, reserved 1048576K
}
Event: 2449.893 GC heap before
{Heap before GC invocations=1048 (full 984):
 PSYoungGen      total 59392K, used 44031K [0x00000000f5580000, 0x00000000fa100000, 0x0000000100000000)
  eden space 44032K, 99% used [0x00000000f5580000,0x00000000f807fff8,0x00000000f8080000)
  from space 15360K, 0% used [0x00000000f8080000,0x00000000f8080000,0x00000000f8f80000)
  to   space 14848K, 0% used [0x00000000f8f80000,0x00000000f8f80000,0x00000000f9e00000)
 ParOldGen       total 349696K, used 349692K [0x00000000e0000000, 0x00000000f5580000, 0x00000000f5580000)
  object space 349696K, 99% used [0x00000000e0000000,0x00000000f557f228,0x00000000f5580000)
 Metaspace       used 50727K, committed 51584K, reserved 1097728K
  class space    used 4921K, committed 5248K, reserved 1048576K
}
Event: 2452.173 GC heap after
{Heap after GC invocations=1048 (full 984):
 PSYoungGen      total 58880K, used 44031K [0x00000000f5580000, 0x00000000fa100000, 0x0000000100000000)
  eden space 44032K, 99% used [0x00000000f5580000,0x00000000f807fff8,0x00000000f8080000)
  from space 14848K, 0% used [0x00000000f8f80000,0x00000000f8f80000,0x00000000f9e00000)
  to   space 15360K, 0% used [0x00000000f8080000,0x00000000f8080000,0x00000000f8f80000)
 ParOldGen       total 349696K, used 349692K [0x00000000e0000000, 0x00000000f5580000, 0x00000000f5580000)
  object space 349696K, 99% used [0x00000000e0000000,0x00000000f557f228,0x00000000f5580000)
 Metaspace       used 50727K, committed 51584K, reserved 1097728K
  class space    used 4921K, committed 5248K, reserved 1048576K
}
Event: 2452.177 GC heap before
{Heap before GC invocations=1049 (full 985):
 PSYoungGen      total 58880K, used 44031K [0x00000000f5580000, 0x00000000fa100000, 0x0000000100000000)
  eden space 44032K, 99% used [0x00000000f5580000,0x00000000f807fff8,0x00000000f8080000)
  from space 14848K, 0% used [0x00000000f8f80000,0x00000000f8f80000,0x00000000f9e00000)
  to   space 15360K, 0% used [0x00000000f8080000,0x00000000f8080000,0x00000000f8f80000)
 ParOldGen       total 349696K, used 349694K [0x00000000e0000000, 0x00000000f5580000, 0x00000000f5580000)
  object space 349696K, 99% used [0x00000000e0000000,0x00000000f557fae8,0x00000000f5580000)
 Metaspace       used 50727K, committed 51584K, reserved 1097728K
  class space    used 4921K, committed 5248K, reserved 1048576K
}
Event: 2454.313 GC heap after
{Heap after GC invocations=1049 (full 985):
 PSYoungGen      total 59392K, used 44031K [0x00000000f5580000, 0x00000000fa100000, 0x0000000100000000)
  eden space 44032K, 99% used [0x00000000f5580000,0x00000000f807ffc8,0x00000000f8080000)
  from space 15360K, 0% used [0x00000000f8080000,0x00000000f8080000,0x00000000f8f80000)
  to   space 14848K, 0% used [0x00000000f8f80000,0x00000000f8f80000,0x00000000f9e00000)
 ParOldGen       total 349696K, used 349693K [0x00000000e0000000, 0x00000000f5580000, 0x00000000f5580000)
  object space 349696K, 99% used [0x00000000e0000000,0x00000000f557f640,0x00000000f5580000)
 Metaspace       used 50727K, committed 51584K, reserved 1097728K
  class space    used 4921K, committed 5248K, reserved 1048576K
}
Event: 2454.314 GC heap before
{Heap before GC invocations=1050 (full 986):
 PSYoungGen      total 59392K, used 44031K [0x00000000f5580000, 0x00000000fa100000, 0x0000000100000000)
  eden space 44032K, 99% used [0x00000000f5580000,0x00000000f807fff8,0x00000000f8080000)
  from space 15360K, 0% used [0x00000000f8080000,0x00000000f8080000,0x00000000f8f80000)
  to   space 14848K, 0% used [0x00000000f8f80000,0x00000000f8f80000,0x00000000f9e00000)
 ParOldGen       total 349696K, used 349693K [0x00000000e0000000, 0x00000000f5580000, 0x00000000f5580000)
  object space 349696K, 99% used [0x00000000e0000000,0x00000000f557f640,0x00000000f5580000)
 Metaspace       used 50727K, committed 51584K, reserved 1097728K
  class space    used 4921K, committed 5248K, reserved 1048576K
}
Event: 2456.886 GC heap after
{Heap after GC invocations=1050 (full 986):
 PSYoungGen      total 58880K, used 44031K [0x00000000f5580000, 0x00000000fa100000, 0x0000000100000000)
  eden space 44032K, 99% used [0x00000000f5580000,0x00000000f807fff8,0x00000000f8080000)
  from space 14848K, 0% used [0x00000000f8f80000,0x00000000f8f80000,0x00000000f9e00000)
  to   space 15360K, 0% used [0x00000000f8080000,0x00000000f8080000,0x00000000f8f80000)
 ParOldGen       total 349696K, used 349693K [0x00000000e0000000, 0x00000000f5580000, 0x00000000f5580000)
  object space 349696K, 99% used [0x00000000e0000000,0x00000000f557f608,0x00000000f5580000)
 Metaspace       used 50727K, committed 51584K, reserved 1097728K
  class space    used 4921K, committed 5248K, reserved 1048576K
}
Event: 2456.889 GC heap before
{Heap before GC invocations=1051 (full 987):
 PSYoungGen      total 58880K, used 44031K [0x00000000f5580000, 0x00000000fa100000, 0x0000000100000000)
  eden space 44032K, 99% used [0x00000000f5580000,0x00000000f807fff8,0x00000000f8080000)
  from space 14848K, 0% used [0x00000000f8f80000,0x00000000f8f80000,0x00000000f9e00000)
  to   space 15360K, 0% used [0x00000000f8080000,0x00000000f8080000,0x00000000f8f80000)
 ParOldGen       total 349696K, used 349695K [0x00000000e0000000, 0x00000000f5580000, 0x00000000f5580000)
  object space 349696K, 99% used [0x00000000e0000000,0x00000000f557fea0,0x00000000f5580000)
 Metaspace       used 50727K, committed 51584K, reserved 1097728K
  class space    used 4921K, committed 5248K, reserved 1048576K
}
Event: 2459.298 GC heap after
{Heap after GC invocations=1051 (full 987):
 PSYoungGen      total 59392K, used 44031K [0x00000000f5580000, 0x00000000fa100000, 0x0000000100000000)
  eden space 44032K, 99% used [0x00000000f5580000,0x00000000f807fff8,0x00000000f8080000)
  from space 15360K, 0% used [0x00000000f8080000,0x00000000f8080000,0x00000000f8f80000)
  to   space 14848K, 0% used [0x00000000f8f80000,0x00000000f8f80000,0x00000000f9e00000)
 ParOldGen       total 349696K, used 349693K [0x00000000e0000000, 0x00000000f5580000, 0x00000000f5580000)
  object space 349696K, 99% used [0x00000000e0000000,0x00000000f557f530,0x00000000f5580000)
 Metaspace       used 50727K, committed 51584K, reserved 1097728K
  class space    used 4921K, committed 5248K, reserved 1048576K
}
Event: 2459.298 GC heap before
{Heap before GC invocations=1052 (full 988):
 PSYoungGen      total 59392K, used 44031K [0x00000000f5580000, 0x00000000fa100000, 0x0000000100000000)
  eden space 44032K, 99% used [0x00000000f5580000,0x00000000f807fff8,0x00000000f8080000)
  from space 15360K, 0% used [0x00000000f8080000,0x00000000f8080000,0x00000000f8f80000)
  to   space 14848K, 0% used [0x00000000f8f80000,0x00000000f8f80000,0x00000000f9e00000)
 ParOldGen       total 349696K, used 349693K [0x00000000e0000000, 0x00000000f5580000, 0x00000000f5580000)
  object space 349696K, 99% used [0x00000000e0000000,0x00000000f557f6d8,0x00000000f5580000)
 Metaspace       used 50727K, committed 51584K, reserved 1097728K
  class space    used 4921K, committed 5248K, reserved 1048576K
}
Event: 2461.581 GC heap after
{Heap after GC invocations=1052 (full 988):
 PSYoungGen      total 58880K, used 44031K [0x00000000f5580000, 0x00000000fa100000, 0x0000000100000000)
  eden space 44032K, 99% used [0x00000000f5580000,0x00000000f807fff8,0x00000000f8080000)
  from space 14848K, 0% used [0x00000000f8f80000,0x00000000f8f80000,0x00000000f9e00000)
  to   space 15360K, 0% used [0x00000000f8080000,0x00000000f8080000,0x00000000f8f80000)
 ParOldGen       total 349696K, used 349693K [0x00000000e0000000, 0x00000000f5580000, 0x00000000f5580000)
  object space 349696K, 99% used [0x00000000e0000000,0x00000000f557f548,0x00000000f5580000)
 Metaspace       used 50727K, committed 51584K, reserved 1097728K
  class space    used 4921K, committed 5248K, reserved 1048576K
}
Event: 2461.581 GC heap before
{Heap before GC invocations=1053 (full 989):
 PSYoungGen      total 58880K, used 44031K [0x00000000f5580000, 0x00000000fa100000, 0x0000000100000000)
  eden space 44032K, 99% used [0x00000000f5580000,0x00000000f807fff8,0x00000000f8080000)
  from space 14848K, 0% used [0x00000000f8f80000,0x00000000f8f80000,0x00000000f9e00000)
  to   space 15360K, 0% used [0x00000000f8080000,0x00000000f8080000,0x00000000f8f80000)
 ParOldGen       total 349696K, used 349693K [0x00000000e0000000, 0x00000000f5580000, 0x00000000f5580000)
  object space 349696K, 99% used [0x00000000e0000000,0x00000000f557f548,0x00000000f5580000)
 Metaspace       used 50727K, committed 51584K, reserved 1097728K
  class space    used 4921K, committed 5248K, reserved 1048576K
}
Event: 2463.982 GC heap after
{Heap after GC invocations=1053 (full 989):
 PSYoungGen      total 59392K, used 44031K [0x00000000f5580000, 0x00000000fa100000, 0x0000000100000000)
  eden space 44032K, 99% used [0x00000000f5580000,0x00000000f807fff8,0x00000000f8080000)
  from space 15360K, 0% used [0x00000000f8080000,0x00000000f8080000,0x00000000f8f80000)
  to   space 14848K, 0% used [0x00000000f8f80000,0x00000000f8f80000,0x00000000f9e00000)
 ParOldGen       total 349696K, used 349693K [0x00000000e0000000, 0x00000000f5580000, 0x00000000f5580000)
  object space 349696K, 99% used [0x00000000e0000000,0x00000000f557f548,0x00000000f5580000)
 Metaspace       used 50727K, committed 51584K, reserved 1097728K
  class space    used 4921K, committed 5248K, reserved 1048576K
}

Dll operation events (8 events):
Event: 0.014 Loaded shared library /nix/store/gpxl5qgg8kicmcvivwmybwjlpf7wh20l-graalvm17-ce-22.3.0/lib/libjava.so
Event: 0.026 Loaded shared library /nix/store/gpxl5qgg8kicmcvivwmybwjlpf7wh20l-graalvm17-ce-22.3.0/lib/libjsvml.so
Event: 0.415 Loaded shared library /nix/store/gpxl5qgg8kicmcvivwmybwjlpf7wh20l-graalvm17-ce-22.3.0/lib/libnio.so
Event: 0.426 Loaded shared library /nix/store/gpxl5qgg8kicmcvivwmybwjlpf7wh20l-graalvm17-ce-22.3.0/lib/libzip.so
Event: 0.431 Loaded shared library /nix/store/gpxl5qgg8kicmcvivwmybwjlpf7wh20l-graalvm17-ce-22.3.0/lib/libjvmcicompiler.so
Event: 0.883 Loaded shared library /nix/store/gpxl5qgg8kicmcvivwmybwjlpf7wh20l-graalvm17-ce-22.3.0/lib/libjimage.so
Event: 3.206 Loaded shared library /nix/store/gpxl5qgg8kicmcvivwmybwjlpf7wh20l-graalvm17-ce-22.3.0/lib/libnet.so
Event: 5.175 Loaded shared library /home/runner/Final-Project/.cache/jdt-language-server/config/org.eclipse.equinox.launcher/org.eclipse.equinox.launcher.gtk.linux.x86_64_1.2.400.v20211117-0650/eclipse_11600.so

Deoptimization events (20 events):
Event: 94.786 Thread 0x00007f2bf8400870 Uncommon trap: trap_request=0xffffffcd fr.pc=0x00007f2be716c90d relative=0x00000000000007ad
Event: 94.786 Thread 0x00007f2bf8400870 Uncommon trap: reason=intrinsic_or_type_checked_inlining action=reinterpret pc=0x00007f2be716c90d method=org.eclipse.jdt.internal.compiler.util.SimpleLookupTable.get(Ljava/lang/Object;)Ljava/lang/Object; @ 0 jvmci
Event: 94.786 Thread 0x00007f2bf8400870 DEOPT PACKING pc=0x00007f2be716c90d sp=0x00007f2bdc5fce50
Event: 94.786 Thread 0x00007f2bf8400870 DEOPT UNPACKING pc=0x00007f2bdf505325 sp=0x00007f2bdc5fc320 mode 3
Event: 94.786 Thread 0x00007f2bf8400870 Uncommon trap: trap_request=0xffffffcd fr.pc=0x00007f2be712c2cd relative=0x0000000000000c2d
Event: 94.786 Thread 0x00007f2bf8400870 Uncommon trap: reason=intrinsic_or_type_checked_inlining action=reinterpret pc=0x00007f2be712c2cd method=org.eclipse.jdt.internal.compiler.util.SimpleLookupTable.put(Ljava/lang/Object;Ljava/lang/Object;)Ljava/lang/Object; @ 0 jvmci
Event: 94.786 Thread 0x00007f2bf8400870 DEOPT PACKING pc=0x00007f2be712c2cd sp=0x00007f2bdc5fcc40
Event: 94.786 Thread 0x00007f2bf8400870 DEOPT UNPACKING pc=0x00007f2bdf505325 sp=0x00007f2bdc5fc130 mode 3
Event: 94.884 Thread 0x00007f2b88256620 DEOPT PACKING pc=0x00007f2be061cd55 sp=0x00007f2ba67fc8c0
Event: 94.884 Thread 0x00007f2b88256620 DEOPT UNPACKING pc=0x00007f2bdf505325 sp=0x00007f2ba67fbf88 mode 0
Event: 95.186 Thread 0x00007f2b64000ff0 DEOPT PACKING pc=0x00007f2be061cd55 sp=0x00007f2ba61fcc30
Event: 95.186 Thread 0x00007f2b64000ff0 DEOPT UNPACKING pc=0x00007f2bdf505325 sp=0x00007f2ba61fc2f8 mode 0
Event: 98.491 Thread 0x00007f2b64000ff0 DEOPT PACKING pc=0x00007f2be061cd55 sp=0x00007f2ba61fcb20
Event: 98.491 Thread 0x00007f2b64000ff0 DEOPT UNPACKING pc=0x00007f2bdf505325 sp=0x00007f2ba61fc1e8 mode 0
Event: 98.581 Thread 0x00007f2b64000ff0 DEOPT PACKING pc=0x00007f2be061cd55 sp=0x00007f2ba61fcdd0
Event: 98.581 Thread 0x00007f2b64000ff0 DEOPT UNPACKING pc=0x00007f2bdf505325 sp=0x00007f2ba61fc498 mode 0
Event: 1881.702 Thread 0x00007f2b64000ff0 DEOPT PACKING pc=0x00007f2bdfbc6c36 sp=0x00007f2ba61fd600
Event: 1881.702 Thread 0x00007f2b64000ff0 DEOPT UNPACKING pc=0x00007f2bdf505325 sp=0x00007f2ba61fcb38 mode 0
Event: 2226.125 Thread 0x00007f2b64000ff0 DEOPT PACKING pc=0x00007f2bdfbc61c0 sp=0x00007f2ba61fd540
Event: 2226.125 Thread 0x00007f2b64000ff0 DEOPT UNPACKING pc=0x00007f2bdf505325 sp=0x00007f2ba61fca60 mode 0

Classes unloaded (20 events):
Event: 106.683 Thread 0x00007f2bf80a16b0 Unloading class 0x0000000800d8c400 'java/lang/invoke/LambdaForm$MH+0x0000000800d8c400'
Event: 106.683 Thread 0x00007f2bf80a16b0 Unloading class 0x0000000800d8c000 'java/lang/invoke/LambdaForm$MH+0x0000000800d8c000'
Event: 106.683 Thread 0x00007f2bf80a16b0 Unloading class 0x0000000800cb2800 'java/lang/invoke/LambdaForm$MH+0x0000000800cb2800'
Event: 106.683 Thread 0x00007f2bf80a16b0 Unloading class 0x0000000800cb2000 'java/lang/invoke/LambdaForm$MH+0x0000000800cb2000'
Event: 106.683 Thread 0x00007f2bf80a16b0 Unloading class 0x0000000800cb1c00 'java/lang/invoke/LambdaForm$MH+0x0000000800cb1c00'
Event: 106.683 Thread 0x00007f2bf80a16b0 Unloading class 0x0000000800cb1800 'java/lang/invoke/LambdaForm$MH+0x0000000800cb1800'
Event: 106.683 Thread 0x00007f2bf80a16b0 Unloading class 0x0000000800cb1000 'java/lang/invoke/LambdaForm$MH+0x0000000800cb1000'
Event: 106.683 Thread 0x00007f2bf80a16b0 Unloading class 0x0000000800cb0c00 'java/lang/invoke/LambdaForm$MH+0x0000000800cb0c00'
Event: 106.683 Thread 0x00007f2bf80a16b0 Unloading class 0x0000000800cb0800 'java/lang/invoke/LambdaForm$MH+0x0000000800cb0800'
Event: 106.683 Thread 0x00007f2bf80a16b0 Unloading class 0x0000000800cb0000 'java/lang/invoke/LambdaForm$MH+0x0000000800cb0000'
Event: 106.683 Thread 0x00007f2bf80a16b0 Unloading class 0x0000000800c85000 'jdk/internal/reflect/GeneratedMethodAccessor5'
Event: 106.683 Thread 0x00007f2bf80a16b0 Unloading class 0x0000000800c84c00 'jdk/internal/reflect/GeneratedMethodAccessor4'
Event: 106.683 Thread 0x00007f2bf80a16b0 Unloading class 0x0000000800c84800 'jdk/internal/reflect/GeneratedMethodAccessor3'
Event: 106.683 Thread 0x00007f2bf80a16b0 Unloading class 0x0000000800c84400 'jdk/internal/reflect/GeneratedMethodAccessor2'
Event: 106.683 Thread 0x00007f2bf80a16b0 Unloading class 0x0000000800c84000 'jdk/internal/reflect/GeneratedMethodAccessor1'
Event: 106.683 Thread 0x00007f2bf80a16b0 Unloading class 0x0000000800c01c00 'java/lang/invoke/LambdaForm$DMH+0x0000000800c01c00'
Event: 2328.182 Thread 0x00007f2bf80a16b0 Unloading class 0x0000000800cb2800 'jdk/internal/reflect/GeneratedSerializationConstructorAccessor6'
Event: 2348.590 Thread 0x00007f2bf80a16b0 Unloading class 0x0000000800d9d000 'jdk/internal/reflect/GeneratedSerializationConstructorAccessor5'
Event: 2348.590 Thread 0x00007f2bf80a16b0 Unloading class 0x0000000800db8400 'jdk/internal/reflect/GeneratedSerializationConstructorAccessor4'
Event: 2415.176 Thread 0x00007f2bf80a16b0 Unloading class 0x0000000800cb2000 'jdk/internal/reflect/GeneratedSerializationConstructorAccessor7'

Classes redefined (0 events):
No events

Internal exceptions (20 events):
Event: 22.715 Thread 0x00007f2b80001210 Exception <a 'sun/nio/fs/UnixException'{0x00000000f6368778}> (0x00000000f6368778) 
thrown [src/hotspot/share/prims/jni.cpp, line 516]
Event: 22.814 Thread 0x00007f2b80001210 Exception <a 'java/io/FileNotFoundException'{0x00000000f63ce118}> (0x00000000f63ce118) 
thrown [src/hotspot/share/prims/jni.cpp, line 516]
Event: 22.872 Thread 0x00007f2b80001210 Exception <a 'java/io/FileNotFoundException'{0x00000000f63dd4a0}> (0x00000000f63dd4a0) 
thrown [src/hotspot/share/prims/jni.cpp, line 516]
Event: 22.872 Thread 0x00007f2b80001210 Exception <a 'java/io/FileNotFoundException'{0x00000000f63de4b8}> (0x00000000f63de4b8) 
thrown [src/hotspot/share/prims/jni.cpp, line 516]
Event: 22.986 Thread 0x00007f2bf8400870 Exception <a 'java/lang/NoSuchMethodError'{0x00000000f6490848}: 'java.lang.Object java.lang.invoke.DirectMethodHandle$Holder.invokeInterface(java.lang.Object, java.lang.Object, java.lang.Object)'> (0x00000000f6490848) 
thrown [src/hotspot/share/interpreter/linkResolver.cpp, line 758]
Event: 23.791 Thread 0x00007f2bf8400870 Exception <a 'java/io/FileNotFoundException'{0x00000000f5607ad0}> (0x00000000f5607ad0) 
thrown [src/hotspot/share/prims/jni.cpp, line 516]
Event: 24.679 Thread 0x00007f2b90668850 Exception <a 'sun/nio/fs/UnixException'{0x00000000f5e00470}> (0x00000000f5e00470) 
thrown [src/hotspot/share/prims/jni.cpp, line 516]
Event: 24.989 Thread 0x00007f2bf8400870 Exception <a 'java/lang/NoSuchMethodError'{0x00000000f605f238}: 'int java.lang.invoke.DirectMethodHandle$Holder.invokeSpecial(java.lang.Object, java.lang.Object, java.lang.Object)'> (0x00000000f605f238) 
thrown [src/hotspot/share/interpreter/linkResolver.cpp, line 758]
Event: 25.073 Thread 0x00007f2bf8400870 Exception <a 'java/lang/NoSuchMethodError'{0x00000000f60965b8}: 'int java.lang.invoke.DirectMethodHandle$Holder.invokeStatic(java.lang.Object, java.lang.Object, java.lang.Object, int)'> (0x00000000f60965b8) 
thrown [src/hotspot/share/interpreter/linkResolver.cpp, line 758]
Event: 25.087 Thread 0x00007f2bf8400870 Exception <a 'java/lang/NoSuchMethodError'{0x00000000f6121800}: 'int java.lang.invoke.DirectMethodHandle$Holder.invokeVirtual(java.lang.Object, java.lang.Object, java.lang.Object)'> (0x00000000f6121800) 
thrown [src/hotspot/share/interpreter/linkResolver.cpp, line 758]
Event: 29.299 Thread 0x00007f2b7c0010d0 Exception <a 'java/io/FileNotFoundException'{0x00000000f6470628}> (0x00000000f6470628) 
thrown [src/hotspot/share/prims/jni.cpp, line 516]
Event: 29.376 Thread 0x00007f2b7c0010d0 Exception <a 'java/io/FileNotFoundException'{0x00000000f64a6678}> (0x00000000f64a6678) 
thrown [src/hotspot/share/prims/jni.cpp, line 516]
Event: 29.376 Thread 0x00007f2b7c0010d0 Exception <a 'java/io/FileNotFoundException'{0x00000000f64a7948}> (0x00000000f64a7948) 
thrown [src/hotspot/share/prims/jni.cpp, line 516]
Event: 29.791 Thread 0x00007f2b90668850 Exception <a 'sun/nio/fs/UnixException'{0x00000000f67ea520}> (0x00000000f67ea520) 
thrown [src/hotspot/share/prims/jni.cpp, line 516]
Event: 29.982 Thread 0x00007f2b88256620 Exception <a 'java/lang/NoSuchMethodError'{0x00000000f68ba208}: 'java.lang.Object java.lang.invoke.DirectMethodHandle$Holder.invokeStatic(java.lang.Object, int, java.lang.Object, java.lang.Object, java.lang.Object, java.lang.Object)'> (0x00000000f68ba208) 
thrown [src/hotspot/share/interpreter/linkResolver.cpp, line 758]
Event: 30.897 Thread 0x00007f2b88256620 Exception <a 'java/lang/NoSuchMethodError'{0x00000000f5c2a6d0}: 'void java.lang.invoke.DirectMethodHandle$Holder.invokeSpecial(java.lang.Object, java.lang.Object, int)'> (0x00000000f5c2a6d0) 
thrown [src/hotspot/share/interpreter/linkResolver.cpp, line 758]
Event: 32.078 Thread 0x00007f2b88256620 Exception <a 'java/lang/NoSuchMethodError'{0x00000000f5876010}: 'int java.lang.invoke.DirectMethodHandle$Holder.invokeSpecialIFC(java.lang.Object, java.lang.Object, java.lang.Object, java.lang.Object)'> (0x00000000f5876010) 
thrown [src/hotspot/share/interpreter/linkResolver.cpp, line 758]
Event: 47.372 Thread 0x00007f2bf80b1c80 Exception <a 'java/lang/IllegalAccessError'{0x00000000f63f4e50}: class java.util.jar.JarEntry tried to access method 'void java.util.zip.ZipEntry.setExtra0(byte[], boolean, boolean)' (java.util.jar.JarEntry and java.util.zip.ZipEntry are in module java.base of loader 'bootstrap')> (0x00000000f63f4e50) 
thrown [src/hotspot/share/interpreter/linkResolver.cpp, line 586]
Event: 47.373 Thread 0x00007f2bf80b1c80 Exception <a 'java/lang/IllegalAccessError'{0x00000000f63f5220}: class java.util.jar.JarEntry tried to access method 'void java.util.zip.ZipEntry.setExtra0(byte[], boolean, boolean)' (java.util.jar.JarEntry and java.util.zip.ZipEntry are in module java.base of loader 'bootstrap')> (0x00000000f63f5220) 
thrown [src/hotspot/share/interpreter/linkResolver.cpp, line 586]
Event: 2463.982 Thread 0x00007f2bf80b1c80 Exception <a 'java/lang/OutOfMemoryError'{0x00000000e00c5010}> (0x00000000e00c5010) 
thrown [src/hotspot/share/gc/shared/memAllocator.cpp, line 136]

VM Operations (20 events):
Event: 2440.976 Executing VM operation: ParallelGCFailedAllocation done
Event: 2440.977 Executing VM operation: ParallelGCFailedAllocation
Event: 2443.181 Executing VM operation: ParallelGCFailedAllocation done
Event: 2443.181 Executing VM operation: ParallelGCFailedAllocation
Event: 2445.279 Executing VM operation: ParallelGCFailedAllocation done
Event: 2445.282 Executing VM operation: ParallelGCFailedAllocation
Event: 2447.583 Executing VM operation: ParallelGCFailedAllocation done
Event: 2447.583 Executing VM operation: ParallelGCFailedAllocation
Event: 2449.893 Executing VM operation: ParallelGCFailedAllocation done
Event: 2449.893 Executing VM operation: ParallelGCFailedAllocation
Event: 2452.173 Executing VM operation: ParallelGCFailedAllocation done
Event: 2452.174 Executing VM operation: ParallelGCFailedAllocation
Event: 2454.314 Executing VM operation: ParallelGCFailedAllocation done
Event: 2454.314 Executing VM operation: ParallelGCFailedAllocation
Event: 2456.886 Executing VM operation: ParallelGCFailedAllocation done
Event: 2456.889 Executing VM operation: ParallelGCFailedAllocation
Event: 2459.298 Executing VM operation: ParallelGCFailedAllocation done
Event: 2459.298 Executing VM operation: ParallelGCFailedAllocation
Event: 2463.982 Executing VM operation: ParallelGCFailedAllocation done
Event: 2463.983 Executing VM operation: ParallelGCFailedAllocation

Events (20 events):
Event: 1414.816 loading class java/util/stream/Nodes$CollectorTask
Event: 1430.412 loading class java/util/stream/Nodes$CollectorTask done
Event: 1430.412 loading class java/util/stream/Nodes$CollectorTask$OfRef done
Event: 1443.126 loading class java/util/function/LongFunction
Event: 1443.126 loading class java/util/function/LongFunction done
Event: 1491.007 loading class java/util/stream/Nodes$ConcNode
Event: 1491.008 loading class java/util/stream/Nodes$AbstractConcNode
Event: 1512.579 loading class java/util/stream/Nodes$AbstractConcNode done
Event: 1514.804 loading class java/util/stream/Nodes$ConcNode done
Event: 1652.294 Thread 0x00007f2b68003a10 Thread exited: 0x00007f2b68003a10
Event: 1662.385 loading class java/io/ObjectOutputStream$BlockDataOutputStream
Event: 1662.385 loading class java/io/ObjectOutputStream$BlockDataOutputStream done
Event: 1662.385 loading class java/io/ObjectOutputStream$HandleTable
Event: 1662.385 loading class java/io/ObjectOutputStream$HandleTable done
Event: 1662.385 loading class java/io/ObjectOutputStream$ReplaceTable
Event: 1662.386 loading class java/io/ObjectOutputStream$ReplaceTable done
Event: 1895.084 loading class java/io/UnsupportedEncodingException
Event: 1895.084 loading class java/io/UnsupportedEncodingException done
Event: 1912.705 loading class java/nio/charset/CharacterCodingException
Event: 1912.705 loading class java/nio/charset/CharacterCodingException done


Dynamic libraries:
e0000000-f4d00000 rw-p 00000000 00:00 0 
f4d00000-fa100000 rw-p 00000000 00:00 0 
fa100000-100000000 ---p 00000000 00:00 0 
800000000-800449000 rw-p 00001000 00:67e 707969865                       /nix/store/gpxl5qgg8kicmcvivwmybwjlpf7wh20l-graalvm17-ce-22.3.0/lib/server/classes.jsa
800449000-800bc8000 r--p 0044a000 00:67e 707969865                       /nix/store/gpxl5qgg8kicmcvivwmybwjlpf7wh20l-graalvm17-ce-22.3.0/lib/server/classes.jsa
800bc8000-800c00000 ---p 00000000 00:00 0 
800c00000-800c10000 rw-p 00000000 00:00 0 
800c10000-800c30000 rw-p 00000000 00:00 0 
800c30000-800cb0000 rw-p 00000000 00:00 0 
800cb0000-800cf0000 rw-p 00000000 00:00 0 
800cf0000-800db0000 rw-p 00000000 00:00 0 
800db0000-800df0000 rw-p 00000000 00:00 0 
800df0000-801120000 rw-p 00000000 00:00 0 
801120000-840c00000 ---p 00000000 00:00 0 
55bafe719000-55bafe71a000 r-xp 00000000 00:67e 672029940                 /nix/store/gpxl5qgg8kicmcvivwmybwjlpf7wh20l-graalvm17-ce-22.3.0/bin/.java-wrapped
55bafe71b000-55bafe71c000 r--p 00001000 00:67e 672029940                 /nix/store/gpxl5qgg8kicmcvivwmybwjlpf7wh20l-graalvm17-ce-22.3.0/bin/.java-wrapped
55bafe71c000-55bafe71d000 rw-p 00002000 00:67e 672029940                 /nix/store/gpxl5qgg8kicmcvivwmybwjlpf7wh20l-graalvm17-ce-22.3.0/bin/.java-wrapped
55bafe71d000-55bafe71e000 rw-p 00004000 00:67e 672029940                 /nix/store/gpxl5qgg8kicmcvivwmybwjlpf7wh20l-graalvm17-ce-22.3.0/bin/.java-wrapped
55bafe71e000-55bafe71f000 rw-p 00005000 00:67e 672029940                 /nix/store/gpxl5qgg8kicmcvivwmybwjlpf7wh20l-graalvm17-ce-22.3.0/bin/.java-wrapped
55baff219000-55baff261000 rw-p 00000000 00:00 0                          [heap]
7f2b4c000000-7f2b4c0af000 rw-p 00000000 00:00 0 
7f2b4c0af000-7f2b50000000 ---p 00000000 00:00 0 
7f2b50000000-7f2b500ac000 rw-p 00000000 00:00 0 
7f2b500ac000-7f2b54000000 ---p 00000000 00:00 0 
7f2b54000000-7f2b540e2000 rw-p 00000000 00:00 0 
7f2b540e2000-7f2b58000000 ---p 00000000 00:00 0 
7f2b5a4b3000-7f2b64000000 r--s 00000000 00:67e 707804677                 /nix/store/gpxl5qgg8kicmcvivwmybwjlpf7wh20l-graalvm17-ce-22.3.0/lib/modules
7f2b64000000-7f2b640c0000 rw-p 00000000 00:00 0 
7f2b640c0000-7f2b68000000 ---p 00000000 00:00 0 
7f2b68000000-7f2b68021000 rw-p 00000000 00:00 0 
7f2b68021000-7f2b6c000000 ---p 00000000 00:00 0 
7f2b6c000000-7f2b6c315000 rw-p 00000000 00:00 0 
7f2b6c315000-7f2b70000000 ---p 00000000 00:00 0 
7f2b70000000-7f2b70021000 rw-p 00000000 00:00 0 
7f2b70021000-7f2b74000000 ---p 00000000 00:00 0 
7f2b74000000-7f2b74152000 rw-p 00000000 00:00 0 
7f2b74152000-7f2b78000000 ---p 00000000 00:00 0 
7f2b78000000-7f2b78021000 rw-p 00000000 00:00 0 
7f2b78021000-7f2b7c000000 ---p 00000000 00:00 0 
7f2b7c000000-7f2b7c047000 rw-p 00000000 00:00 0 
7f2b7c047000-7f2b80000000 ---p 00000000 00:00 0 
7f2b80000000-7f2b80049000 rw-p 00000000 00:00 0 
7f2b80049000-7f2b84000000 ---p 00000000 00:00 0 
7f2b84000000-7f2b84021000 rw-p 00000000 00:00 0 
7f2b84021000-7f2b88000000 ---p 00000000 00:00 0 
7f2b88000000-7f2b88266000 rw-p 00000000 00:00 0 
7f2b88266000-7f2b8c000000 ---p 00000000 00:00 0 
7f2b8c800000-7f2b8cbd0000 rw-p 00000000 00:00 0 
7f2b8cbd0000-7f2b8cbf0000 rw-p 00000000 00:00 0 
7f2b8cbf0000-7f2b8cd40000 rw-p 00000000 00:00 0 
7f2b8cd40000-7f2b8d000000 ---p 00000000 00:00 0 
7f2b8d400000-7f2b8d550000 rw-p 00000000 00:00 0 
7f2b8d550000-7f2b8dbf0000 rw-p 00000000 00:00 0 
7f2b8dbf0000-7f2b8dc00000 rw-p 00000000 00:00 0 
7f2b8e800000-7f2b8eaf0000 rw-p 00000000 00:00 0 
7f2b8eaf0000-7f2b8ebf0000 rw-p 00000000 00:00 0 
7f2b8ebf0000-7f2b8eff0000 rw-p 00000000 00:00 0 
7f2b8eff0000-7f2b8f0f0000 rw-p 00000000 00:00 0 
7f2b8f0f0000-7f2b8f1f0000 rw-p 00000000 00:00 0 
7f2b8f1f0000-7f2b8f7f0000 rw-p 00000000 00:00 0 
7f2b8f7f0000-7f2b8f8f0000 rw-p 00000000 00:00 0 
7f2b8f8f0000-7f2b8f9f0000 rw-p 00000000 00:00 0 
7f2b8f9f0000-7f2b90000000 rw-p 00000000 00:00 0 
7f2b90000000-7f2b908ac000 rw-p 00000000 00:00 0 
7f2b908ac000-7f2b94000000 ---p 00000000 00:00 0 
7f2b94000000-7f2b94021000 rw-p 00000000 00:00 0 
7f2b94021000-7f2b98000000 ---p 00000000 00:00 0 
7f2b98000000-7f2b98021000 rw-p 00000000 00:00 0 
7f2b98021000-7f2b9c000000 ---p 00000000 00:00 0 
7f2b9c000000-7f2b9c021000 rw-p 00000000 00:00 0 
7f2b9c021000-7f2ba0000000 ---p 00000000 00:00 0 
7f2ba0000000-7f2ba002f000 rw-p 00000000 00:00 0 
7f2ba002f000-7f2ba4000000 ---p 00000000 00:00 0 
7f2ba4200000-7f2ba4210000 r-xp 00000000 00:677 310                       /home/runner/Final-Project/.cache/jdt-language-server/config/org.eclipse.equinox.launcher/org.eclipse.equinox.launcher.gtk.linux.x86_64_1.2.400.v20211117-0650/eclipse_11600.so
7f2ba4210000-7f2ba440f000 ---p 00010000 00:677 310                       /home/runner/Final-Project/.cache/jdt-language-server/config/org.eclipse.equinox.launcher/org.eclipse.equinox.launcher.gtk.linux.x86_64_1.2.400.v20211117-0650/eclipse_11600.so
7f2ba440f000-7f2ba4410000 r--p 0000f000 00:677 310                       /home/runner/Final-Project/.cache/jdt-language-server/config/org.eclipse.equinox.launcher/org.eclipse.equinox.launcher.gtk.linux.x86_64_1.2.400.v20211117-0650/eclipse_11600.so
7f2ba4410000-7f2ba4411000 rw-p 00010000 00:677 310                       /home/runner/Final-Project/.cache/jdt-language-server/config/org.eclipse.equinox.launcher/org.eclipse.equinox.launcher.gtk.linux.x86_64_1.2.400.v20211117-0650/eclipse_11600.so
7f2ba4900000-7f2ba4a00000 ---p 00000000 00:00 0 
7f2ba4a00000-7f2ba4faf000 r--p 01122000 00:67e 707802136                 /nix/store/gpxl5qgg8kicmcvivwmybwjlpf7wh20l-graalvm17-ce-22.3.0/lib/libjvmcicompiler.so
7f2ba4faf000-7f2ba5100000 r--p 00000000 00:00 0 
7f2ba5100000-7f2ba513d000 rw-p 00000000 00:00 0 
7f2ba513d000-7f2ba565d000 rw-p 0185f000 00:67e 707802136                 /nix/store/gpxl5qgg8kicmcvivwmybwjlpf7wh20l-graalvm17-ce-22.3.0/lib/libjvmcicompiler.so
7f2ba565d000-7f2ba5a44000 r--p 01d7f000 00:67e 707802136                 /nix/store/gpxl5qgg8kicmcvivwmybwjlpf7wh20l-graalvm17-ce-22.3.0/lib/libjvmcicompiler.so
7f2ba5b00000-7f2ba5b04000 ---p 00000000 00:00 0 
7f2ba5b04000-7f2ba5c00000 rw-p 00000000 00:00 0 
7f2ba5d00000-7f2ba5d04000 ---p 00000000 00:00 0 
7f2ba5d04000-7f2ba5e00000 rw-p 00000000 00:00 0 
7f2ba5f00000-7f2ba5f04000 ---p 00000000 00:00 0 
7f2ba5f04000-7f2ba6000000 rw-p 00000000 00:00 0 
7f2ba6100000-7f2ba6104000 ---p 00000000 00:00 0 
7f2ba6104000-7f2ba6200000 rw-p 00000000 00:00 0 
7f2ba6300000-7f2ba6304000 ---p 00000000 00:00 0 
7f2ba6304000-7f2ba6400000 rw-p 00000000 00:00 0 
7f2ba6500000-7f2ba6504000 ---p 00000000 00:00 0 
7f2ba6504000-7f2ba6600000 rw-p 00000000 00:00 0 
7f2ba6700000-7f2ba6704000 ---p 00000000 00:00 0 
7f2ba6704000-7f2ba6800000 rw-p 00000000 00:00 0 
7f2ba6900000-7f2ba6904000 ---p 00000000 00:00 0 
7f2ba6904000-7f2ba6a00000 rw-p 00000000 00:00 0 
7f2ba6b00000-7f2ba6b04000 ---p 00000000 00:00 0 
7f2ba6b04000-7f2ba6c00000 rw-p 00000000 00:00 0 
7f2ba6d00000-7f2ba6d04000 ---p 00000000 00:00 0 
7f2ba6d04000-7f2ba6e00000 rw-p 00000000 00:00 0 
7f2ba7a68000-7f2ba7f00000 rw-p 00000000 00:00 0 
7f2ba8000000-7f2ba8021000 rw-p 00000000 00:00 0 
7f2ba8021000-7f2bac000000 ---p 00000000 00:00 0 
7f2bac000000-7f2bac021000 rw-p 00000000 00:00 0 
7f2bac021000-7f2bb0000000 ---p 00000000 00:00 0 
7f2bb0000000-7f2bb0021000 rw-p 00000000 00:00 0 
7f2bb0021000-7f2bb4000000 ---p 00000000 00:00 0 
7f2bb4000000-7f2bb4021000 rw-p 00000000 00:00 0 
7f2bb4021000-7f2bb8000000 ---p 00000000 00:00 0 
7f2bb8000000-7f2bb80e7000 rw-p 00000000 00:00 0 
7f2bb80e7000-7f2bbc000000 ---p 00000000 00:00 0 
7f2bbc000000-7f2bbcae1000 rw-p 00000000 00:00 0 
7f2bbcae1000-7f2bc0000000 ---p 00000000 00:00 0 
7f2bc0000000-7f2bc0021000 rw-p 00000000 00:00 0 
7f2bc0021000-7f2bc4000000 ---p 00000000 00:00 0 
7f2bc4000000-7f2bc4021000 rw-p 00000000 00:00 0 
7f2bc4021000-7f2bc8000000 ---p 00000000 00:00 0 
7f2bc8000000-7f2bc8021000 rw-p 00000000 00:00 0 
7f2bc8021000-7f2bcc000000 ---p 00000000 00:00 0 
7f2bcc000000-7f2bcc021000 rw-p 00000000 00:00 0 
7f2bcc021000-7f2bd0000000 ---p 00000000 00:00 0 
7f2bd0000000-7f2bd0021000 rw-p 00000000 00:00 0 
7f2bd0021000-7f2bd4000000 ---p 00000000 00:00 0 
7f2bd4000000-7f2bd4021000 rw-p 00000000 00:00 0 
7f2bd4021000-7f2bd8000000 ---p 00000000 00:00 0 
7f2bd8000000-7f2bd8061000 rw-p 00000000 00:00 0 
7f2bd8061000-7f2bdc000000 ---p 00000000 00:00 0 
7f2bdc100000-7f2bdc104000 ---p 00000000 00:00 0 
7f2bdc104000-7f2bdc200000 rw-p 00000000 00:00 0 
7f2bdc300000-7f2bdc304000 ---p 00000000 00:00 0 
7f2bdc304000-7f2bdc400000 rw-p 00000000 00:00 0 
7f2bdc500000-7f2bdc504000 ---p 00000000 00:00 0 
7f2bdc504000-7f2bdc600000 rw-p 00000000 00:00 0 
7f2bdc700000-7f2bdc704000 ---p 00000000 00:00 0 
7f2bdc704000-7f2bdc800000 rw-p 00000000 00:00 0 
7f2bdc900000-7f2bdc904000 ---p 00000000 00:00 0 
7f2bdc904000-7f2bdca00000 rw-p 00000000 00:00 0 
7f2bdcb00000-7f2bdcb04000 ---p 00000000 00:00 0 
7f2bdcb04000-7f2bdcc00000 rw-p 00000000 00:00 0 
7f2bdcd00000-7f2bdcd04000 ---p 00000000 00:00 0 
7f2bdcd04000-7f2bdce00000 rw-p 00000000 00:00 0 
7f2bdce00000-7f2bdef6a000 r-xp 00000000 00:67e 707802136                 /nix/store/gpxl5qgg8kicmcvivwmybwjlpf7wh20l-graalvm17-ce-22.3.0/lib/libjvmcicompiler.so
7f2bdef6a000-7f2bdf169000 ---p 0216a000 00:67e 707802136                 /nix/store/gpxl5qgg8kicmcvivwmybwjlpf7wh20l-graalvm17-ce-22.3.0/lib/libjvmcicompiler.so
7f2bdf169000-7f2bdf16a000 r--p 02169000 00:67e 707802136                 /nix/store/gpxl5qgg8kicmcvivwmybwjlpf7wh20l-graalvm17-ce-22.3.0/lib/libjvmcicompiler.so
7f2bdf16a000-7f2bdf16c000 rw-p 0216a000 00:67e 707802136                 /nix/store/gpxl5qgg8kicmcvivwmybwjlpf7wh20l-graalvm17-ce-22.3.0/lib/libjvmcicompiler.so
7f2bdf16c000-7f2bdf16d000 rw-p 00000000 00:00 0 
7f2bdf16d000-7f2bdf172000 rw-p 023c3000 00:67e 707802136                 /nix/store/gpxl5qgg8kicmcvivwmybwjlpf7wh20l-graalvm17-ce-22.3.0/lib/libjvmcicompiler.so
7f2bdf1b1000-7f2bdf1b2000 ---p 00000000 00:00 0 
7f2bdf1b2000-7f2bdf2b3000 rw-p 00000000 00:00 0 
7f2bdf2b3000-7f2bdf2b7000 ---p 00000000 00:00 0 
7f2bdf2b7000-7f2bdf3b3000 rw-p 00000000 00:00 0 
7f2bdf3b3000-7f2bdf3b7000 ---p 00000000 00:00 0 
7f2bdf3b7000-7f2bdf4b3000 rw-p 00000000 00:00 0 
7f2bdf4b3000-7f2bdf723000 rwxp 00000000 00:00 0 
7f2bdf723000-7f2bdfa42000 ---p 00000000 00:00 0 
7f2bdfa42000-7f2be07d2000 rwxp 00000000 00:00 0 
7f2be07d2000-7f2be6f7a000 ---p 00000000 00:00 0 
7f2be6f7a000-7f2be71fa000 rwxp 00000000 00:00 0 
7f2be71fa000-7f2bee4b3000 ---p 00000000 00:00 0 
7f2bee4b3000-7f2bf8000000 r--s 00000000 00:67e 707804677                 /nix/store/gpxl5qgg8kicmcvivwmybwjlpf7wh20l-graalvm17-ce-22.3.0/lib/modules
7f2bf8000000-7f2bf8406000 rw-p 00000000 00:00 0 
7f2bf8406000-7f2bfc000000 ---p 00000000 00:00 0 
7f2bfc01a000-7f2bfc01e000 ---p 00000000 00:00 0 
7f2bfc01e000-7f2bfc11a000 rw-p 00000000 00:00 0 
7f2bfc11a000-7f2bfc11e000 ---p 00000000 00:00 0 
7f2bfc11e000-7f2bfc31a000 rw-p 00000000 00:00 0 
7f2bfc31a000-7f2bfc31e000 ---p 00000000 00:00 0 
7f2bfc31e000-7f2bfc51a000 rw-p 00000000 00:00 0 
7f2bfc51a000-7f2bfc51e000 ---p 00000000 00:00 0 
7f2bfc51e000-7f2bfc61a000 rw-p 00000000 00:00 0 
7f2bfc61a000-7f2bfc61e000 ---p 00000000 00:00 0 
7f2bfc61e000-7f2bfc71a000 rw-p 00000000 00:00 0 
7f2bfc71a000-7f2bfc71e000 ---p 00000000 00:00 0 
7f2bfc71e000-7f2bfc81a000 rw-p 00000000 00:00 0 
7f2bfc81a000-7f2bfcb00000 r--p 00000000 00:26b 28444448                  /usr/lib/locale/locale-archive
7f2bfcb00000-7f2bfcb04000 ---p 00000000 00:00 0 
7f2bfcb04000-7f2bfcff0000 rw-p 00000000 00:00 0 
7f2bfcff0000-7f2bfd2f0000 rw-p 00000000 00:00 0 
7f2bfd2f0000-7f2bfd400000 rw-p 00000000 00:00 0 
7f2bfd416000-7f2bfd41a000 ---p 00000000 00:00 0 
7f2bfd41a000-7f2bfd438000 rw-p 00000000 00:00 0 
7f2bfd438000-7f2bfd43f000 r-xp 00000000 00:67e 707804676                 /nix/store/gpxl5qgg8kicmcvivwmybwjlpf7wh20l-graalvm17-ce-22.3.0/lib/libzip.so
7f2bfd43f000-7f2bfd440000 ---p 00007000 00:67e 707804676                 /nix/store/gpxl5qgg8kicmcvivwmybwjlpf7wh20l-graalvm17-ce-22.3.0/lib/libzip.so
7f2bfd440000-7f2bfd441000 r--p 00007000 00:67e 707804676                 /nix/store/gpxl5qgg8kicmcvivwmybwjlpf7wh20l-graalvm17-ce-22.3.0/lib/libzip.so
7f2bfd441000-7f2bfd442000 rw-p 00008000 00:67e 707804676                 /nix/store/gpxl5qgg8kicmcvivwmybwjlpf7wh20l-graalvm17-ce-22.3.0/lib/libzip.so
7f2bfd442000-7f2bfd444000 rw-p 0000b000 00:67e 707804676                 /nix/store/gpxl5qgg8kicmcvivwmybwjlpf7wh20l-graalvm17-ce-22.3.0/lib/libzip.so
7f2bfd444000-7f2bfd459000 r-xp 00000000 00:67e 707804666                 /nix/store/gpxl5qgg8kicmcvivwmybwjlpf7wh20l-graalvm17-ce-22.3.0/lib/libnet.so
7f2bfd459000-7f2bfd45a000 ---p 00015000 00:67e 707804666                 /nix/store/gpxl5qgg8kicmcvivwmybwjlpf7wh20l-graalvm17-ce-22.3.0/lib/libnet.so
7f2bfd45a000-7f2bfd45b000 r--p 00015000 00:67e 707804666                 /nix/store/gpxl5qgg8kicmcvivwmybwjlpf7wh20l-graalvm17-ce-22.3.0/lib/libnet.so
7f2bfd45b000-7f2bfd45c000 rw-p 00016000 00:67e 707804666                 /nix/store/gpxl5qgg8kicmcvivwmybwjlpf7wh20l-graalvm17-ce-22.3.0/lib/libnet.so
7f2bfd45c000-7f2bfd45f000 rw-p 0001b000 00:67e 707804666                 /nix/store/gpxl5qgg8kicmcvivwmybwjlpf7wh20l-graalvm17-ce-22.3.0/lib/libnet.so
7f2bfd45f000-7f2bfd472000 r-xp 00000000 00:67e 707804667                 /nix/store/gpxl5qgg8kicmcvivwmybwjlpf7wh20l-graalvm17-ce-22.3.0/lib/libnio.so
7f2bfd472000-7f2bfd473000 r--p 00012000 00:67e 707804667                 /nix/store/gpxl5qgg8kicmcvivwmybwjlpf7wh20l-graalvm17-ce-22.3.0/lib/libnio.so
7f2bfd473000-7f2bfd474000 rw-p 00013000 00:67e 707804667                 /nix/store/gpxl5qgg8kicmcvivwmybwjlpf7wh20l-graalvm17-ce-22.3.0/lib/libnio.so
7f2bfd474000-7f2bfd479000 rw-p 00019000 00:67e 707804667                 /nix/store/gpxl5qgg8kicmcvivwmybwjlpf7wh20l-graalvm17-ce-22.3.0/lib/libnio.so
7f2bfd479000-7f2bfd47d000 ---p 00000000 00:00 0 
7f2bfd47d000-7f2bfd579000 rw-p 00000000 00:00 0 
7f2bfd579000-7f2bfd57a000 ---p 00000000 00:00 0 
7f2bfd57a000-7f2bfd67b000 rw-p 00000000 00:00 0 
7f2bfd67b000-7f2bfd749000 r-xp 00000000 00:67e 707802132                 /nix/store/gpxl5qgg8kicmcvivwmybwjlpf7wh20l-graalvm17-ce-22.3.0/lib/libjsvml.so
7f2bfd749000-7f2bfd74a000 r--p 000cd000 00:67e 707802132                 /nix/store/gpxl5qgg8kicmcvivwmybwjlpf7wh20l-graalvm17-ce-22.3.0/lib/libjsvml.so
7f2bfd74a000-7f2bfd74b000 rw-p 000ce000 00:67e 707802132                 /nix/store/gpxl5qgg8kicmcvivwmybwjlpf7wh20l-graalvm17-ce-22.3.0/lib/libjsvml.so
7f2bfd74b000-7f2bff023000 rw-p 00000000 00:00 0 
7f2bff023000-7f2bff024000 ---p 00000000 00:00 0 
7f2bff024000-7f2bff1cc000 rw-p 00000000 00:00 0 
7f2bff1cc000-7f2bff1f6000 rw-p 00000000 00:00 0 
7f2bff1f6000-7f2bff225000 ---p 00000000 00:00 0 
7f2bff225000-7f2bff22b000 rw-p 00000000 00:00 0 
7f2bff22b000-7f2bff311000 ---p 00000000 00:00 0 
7f2bff311000-7f2bff32d000 rw-p 00000000 00:00 0 
7f2bff32d000-7f2bff3fc000 ---p 00000000 00:00 0 
7f2bff3fc000-7f2bff401000 rw-p 00000000 00:00 0 
7f2bff401000-7f2bff408000 ---p 00000000 00:00 0 
7f2bff408000-7f2bff42c000 r-xp 00000000 00:67e 707802124                 /nix/store/gpxl5qgg8kicmcvivwmybwjlpf7wh20l-graalvm17-ce-22.3.0/lib/libjava.so
7f2bff42c000-7f2bff42d000 ---p 00024000 00:67e 707802124                 /nix/store/gpxl5qgg8kicmcvivwmybwjlpf7wh20l-graalvm17-ce-22.3.0/lib/libjava.so
7f2bff42d000-7f2bff42e000 r--p 00024000 00:67e 707802124                 /nix/store/gpxl5qgg8kicmcvivwmybwjlpf7wh20l-graalvm17-ce-22.3.0/lib/libjava.so
7f2bff42e000-7f2bff42f000 rw-p 00025000 00:67e 707802124                 /nix/store/gpxl5qgg8kicmcvivwmybwjlpf7wh20l-graalvm17-ce-22.3.0/lib/libjava.so
7f2bff42f000-7f2bff430000 rw-p 00000000 00:00 0 
7f2bff430000-7f2bff437000 rw-p 0002f000 00:67e 707802124                 /nix/store/gpxl5qgg8kicmcvivwmybwjlpf7wh20l-graalvm17-ce-22.3.0/lib/libjava.so
7f2bff437000-7f2bff43f000 rw-s 00000000 00:4b 382                        /tmp/hsperfdata_runner/30
7f2bff43f000-7f2bff440000 ---p 00000000 00:00 0 
7f2bff440000-7f2bff441000 r--p 00000000 00:00 0 
7f2bff441000-7f2bff442000 rwxp 00000000 00:00 0 
7f2bff442000-7f2bff45d000 r-xp 00000000 00:67e 707802128                 /nix/store/gpxl5qgg8kicmcvivwmybwjlpf7wh20l-graalvm17-ce-22.3.0/lib/libjimage.so
7f2bff45d000-7f2bff45e000 ---p 0001b000 00:67e 707802128                 /nix/store/gpxl5qgg8kicmcvivwmybwjlpf7wh20l-graalvm17-ce-22.3.0/lib/libjimage.so
7f2bff45e000-7f2bff460000 r--p 0001b000 00:67e 707802128                 /nix/store/gpxl5qgg8kicmcvivwmybwjlpf7wh20l-graalvm17-ce-22.3.0/lib/libjimage.so
7f2bff460000-7f2bff461000 rw-p 0001d000 00:67e 707802128                 /nix/store/gpxl5qgg8kicmcvivwmybwjlpf7wh20l-graalvm17-ce-22.3.0/lib/libjimage.so
7f2bff461000-7f2bff462000 rw-p 00024000 00:67e 707802128                 /nix/store/gpxl5qgg8kicmcvivwmybwjlpf7wh20l-graalvm17-ce-22.3.0/lib/libjimage.so
7f2bff462000-7f2bff466000 ---p 00000000 00:00 0 
7f2bff466000-7f2bff562000 rw-p 00000000 00:00 0 
7f2bff562000-7f2bff570000 r--p 00000000 00:67e 600592023                 /nix/store/4nlgxhb09sdr51nc9hdm8az5b08vzkgx-glibc-2.35-163/lib/libm.so.6
7f2bff570000-7f2bff5e3000 r-xp 0000e000 00:67e 600592023                 /nix/store/4nlgxhb09sdr51nc9hdm8az5b08vzkgx-glibc-2.35-163/lib/libm.so.6
7f2bff5e3000-7f2bff640000 r--p 00081000 00:67e 600592023                 /nix/store/4nlgxhb09sdr51nc9hdm8az5b08vzkgx-glibc-2.35-163/lib/libm.so.6
7f2bff640000-7f2bff641000 r--p 000dd000 00:67e 600592023                 /nix/store/4nlgxhb09sdr51nc9hdm8az5b08vzkgx-glibc-2.35-163/lib/libm.so.6
7f2bff641000-7f2bff642000 rw-p 000de000 00:67e 600592023                 /nix/store/4nlgxhb09sdr51nc9hdm8az5b08vzkgx-glibc-2.35-163/lib/libm.so.6
7f2bff642000-7f2bff643000 r--p 00000000 00:67e 600592042                 /nix/store/4nlgxhb09sdr51nc9hdm8az5b08vzkgx-glibc-2.35-163/lib/librt.so.1
7f2bff643000-7f2bff644000 r-xp 00001000 00:67e 600592042                 /nix/store/4nlgxhb09sdr51nc9hdm8az5b08vzkgx-glibc-2.35-163/lib/librt.so.1
7f2bff644000-7f2bff645000 r--p 00002000 00:67e 600592042                 /nix/store/4nlgxhb09sdr51nc9hdm8az5b08vzkgx-glibc-2.35-163/lib/librt.so.1
7f2bff645000-7f2bff646000 r--p 00002000 00:67e 600592042                 /nix/store/4nlgxhb09sdr51nc9hdm8az5b08vzkgx-glibc-2.35-163/lib/librt.so.1
7f2bff646000-7f2bff647000 rw-p 00003000 00:67e 600592042                 /nix/store/4nlgxhb09sdr51nc9hdm8az5b08vzkgx-glibc-2.35-163/lib/librt.so.1
7f2bff647000-7f2c0075a000 r-xp 00000000 00:67e 707972962                 /nix/store/gpxl5qgg8kicmcvivwmybwjlpf7wh20l-graalvm17-ce-22.3.0/lib/server/libjvm.so
7f2c0075a000-7f2c0075b000 ---p 01113000 00:67e 707972962                 /nix/store/gpxl5qgg8kicmcvivwmybwjlpf7wh20l-graalvm17-ce-22.3.0/lib/server/libjvm.so
7f2c0075b000-7f2c00810000 r--p 01113000 00:67e 707972962                 /nix/store/gpxl5qgg8kicmcvivwmybwjlpf7wh20l-graalvm17-ce-22.3.0/lib/server/libjvm.so
7f2c00810000-7f2c00844000 rw-p 011c8000 00:67e 707972962                 /nix/store/gpxl5qgg8kicmcvivwmybwjlpf7wh20l-graalvm17-ce-22.3.0/lib/server/libjvm.so
7f2c00844000-7f2c008a0000 rw-p 00000000 00:00 0 
7f2c008a0000-7f2c008c8000 r--p 00000000 00:67e 600592014                 /nix/store/4nlgxhb09sdr51nc9hdm8az5b08vzkgx-glibc-2.35-163/lib/libc.so.6
7f2c008c8000-7f2c00a3e000 r-xp 00028000 00:67e 600592014                 /nix/store/4nlgxhb09sdr51nc9hdm8az5b08vzkgx-glibc-2.35-163/lib/libc.so.6
7f2c00a3e000-7f2c00a96000 r--p 0019e000 00:67e 600592014                 /nix/store/4nlgxhb09sdr51nc9hdm8az5b08vzkgx-glibc-2.35-163/lib/libc.so.6
7f2c00a96000-7f2c00a9a000 r--p 001f6000 00:67e 600592014                 /nix/store/4nlgxhb09sdr51nc9hdm8az5b08vzkgx-glibc-2.35-163/lib/libc.so.6
7f2c00a9a000-7f2c00a9c000 rw-p 001fa000 00:67e 600592014                 /nix/store/4nlgxhb09sdr51nc9hdm8az5b08vzkgx-glibc-2.35-163/lib/libc.so.6
7f2c00a9c000-7f2c00aab000 rw-p 00000000 00:00 0 
7f2c00aab000-7f2c00aac000 r--p 00000000 00:67e 600592019                 /nix/store/4nlgxhb09sdr51nc9hdm8az5b08vzkgx-glibc-2.35-163/lib/libdl.so.2
7f2c00aac000-7f2c00aad000 r-xp 00001000 00:67e 600592019                 /nix/store/4nlgxhb09sdr51nc9hdm8az5b08vzkgx-glibc-2.35-163/lib/libdl.so.2
7f2c00aad000-7f2c00aae000 r--p 00002000 00:67e 600592019                 /nix/store/4nlgxhb09sdr51nc9hdm8az5b08vzkgx-glibc-2.35-163/lib/libdl.so.2
7f2c00aae000-7f2c00aaf000 r--p 00002000 00:67e 600592019                 /nix/store/4nlgxhb09sdr51nc9hdm8az5b08vzkgx-glibc-2.35-163/lib/libdl.so.2
7f2c00aaf000-7f2c00ab0000 rw-p 00003000 00:67e 600592019                 /nix/store/4nlgxhb09sdr51nc9hdm8az5b08vzkgx-glibc-2.35-163/lib/libdl.so.2
7f2c00ab0000-7f2c00ab1000 r--p 00000000 00:67e 600592038                 /nix/store/4nlgxhb09sdr51nc9hdm8az5b08vzkgx-glibc-2.35-163/lib/libpthread.so.0
7f2c00ab1000-7f2c00ab2000 r-xp 00001000 00:67e 600592038                 /nix/store/4nlgxhb09sdr51nc9hdm8az5b08vzkgx-glibc-2.35-163/lib/libpthread.so.0
7f2c00ab2000-7f2c00ab3000 r--p 00002000 00:67e 600592038                 /nix/store/4nlgxhb09sdr51nc9hdm8az5b08vzkgx-glibc-2.35-163/lib/libpthread.so.0
7f2c00ab3000-7f2c00ab4000 r--p 00002000 00:67e 600592038                 /nix/store/4nlgxhb09sdr51nc9hdm8az5b08vzkgx-glibc-2.35-163/lib/libpthread.so.0
7f2c00ab4000-7f2c00ab5000 rw-p 00003000 00:67e 600592038                 /nix/store/4nlgxhb09sdr51nc9hdm8az5b08vzkgx-glibc-2.35-163/lib/libpthread.so.0
7f2c00ab5000-7f2c00ac3000 r-xp 00000000 00:67e 707802129                 /nix/store/gpxl5qgg8kicmcvivwmybwjlpf7wh20l-graalvm17-ce-22.3.0/lib/libjli.so
7f2c00ac3000-7f2c00ac4000 ---p 0000e000 00:67e 707802129                 /nix/store/gpxl5qgg8kicmcvivwmybwjlpf7wh20l-graalvm17-ce-22.3.0/lib/libjli.so
7f2c00ac4000-7f2c00ac5000 r--p 0000e000 00:67e 707802129                 /nix/store/gpxl5qgg8kicmcvivwmybwjlpf7wh20l-graalvm17-ce-22.3.0/lib/libjli.so
7f2c00ac5000-7f2c00ac6000 rw-p 0000f000 00:67e 707802129                 /nix/store/gpxl5qgg8kicmcvivwmybwjlpf7wh20l-graalvm17-ce-22.3.0/lib/libjli.so
7f2c00ac6000-7f2c00ac7000 rw-p 00012000 00:67e 707802129                 /nix/store/gpxl5qgg8kicmcvivwmybwjlpf7wh20l-graalvm17-ce-22.3.0/lib/libjli.so
7f2c00ac7000-7f2c00aca000 r--p 00000000 00:67e 678822167                 /nix/store/026hln0aq1hyshaxsdvhg0kmcm6yf45r-zlib-1.2.13/lib/libz.so.1.2.13
7f2c00aca000-7f2c00adc000 r-xp 00003000 00:67e 678822167                 /nix/store/026hln0aq1hyshaxsdvhg0kmcm6yf45r-zlib-1.2.13/lib/libz.so.1.2.13
7f2c00adc000-7f2c00ae3000 r--p 00015000 00:67e 678822167                 /nix/store/026hln0aq1hyshaxsdvhg0kmcm6yf45r-zlib-1.2.13/lib/libz.so.1.2.13
7f2c00ae3000-7f2c00ae4000 r--p 0001b000 00:67e 678822167                 /nix/store/026hln0aq1hyshaxsdvhg0kmcm6yf45r-zlib-1.2.13/lib/libz.so.1.2.13
7f2c00ae4000-7f2c00ae5000 rw-p 0001c000 00:67e 678822167                 /nix/store/026hln0aq1hyshaxsdvhg0kmcm6yf45r-zlib-1.2.13/lib/libz.so.1.2.13
7f2c00ae5000-7f2c00ae7000 rw-p 00000000 00:00 0 
7f2c00ae7000-7f2c00ae9000 r--p 00000000 00:67e 600592008                 /nix/store/4nlgxhb09sdr51nc9hdm8az5b08vzkgx-glibc-2.35-163/lib/ld-linux-x86-64.so.2
7f2c00ae9000-7f2c00b10000 r-xp 00002000 00:67e 600592008                 /nix/store/4nlgxhb09sdr51nc9hdm8az5b08vzkgx-glibc-2.35-163/lib/ld-linux-x86-64.so.2
7f2c00b10000-7f2c00b1c000 r--p 00029000 00:67e 600592008                 /nix/store/4nlgxhb09sdr51nc9hdm8az5b08vzkgx-glibc-2.35-163/lib/ld-linux-x86-64.so.2
7f2c00b1c000-7f2c00b1e000 r--p 00034000 00:67e 600592008                 /nix/store/4nlgxhb09sdr51nc9hdm8az5b08vzkgx-glibc-2.35-163/lib/ld-linux-x86-64.so.2
7f2c00b1e000-7f2c00b20000 rw-p 00036000 00:67e 600592008                 /nix/store/4nlgxhb09sdr51nc9hdm8az5b08vzkgx-glibc-2.35-163/lib/ld-linux-x86-64.so.2
7fffdeaa3000-7fffdeac7000 rw-p 00000000 00:00 0                          [stack]
7fffdeb86000-7fffdeb8a000 r--p 00000000 00:00 0                          [vvar]
7fffdeb8a000-7fffdeb8c000 r-xp 00000000 00:00 0                          [vdso]
ffffffffff600000-ffffffffff601000 --xp 00000000 00:00 0                  [vsyscall]


VM Arguments:
jvm_args: -XX:ThreadPriorityPolicy=1 -XX:+UnlockExperimentalVMOptions -XX:+EnableJVMCIProduct -XX:JVMCIThreadsPerNativeLibraryRuntime=1 -XX:-UnlockExperimentalVMOptions -Declipse.application=org.eclipse.jdt.ls.core.id1 -Dosgi.bundles.defaultStartLevel=4 -Declipse.product=org.eclipse.jdt.ls.core.product -Dlog.level=ALL -Xverify:none -XX:+UseParallelGC -XX:GCTimeRatio=4 -XX:AdaptiveSizePolicyWeight=90 -Dsun.zip.disableMemoryMapping=true -Xmx512m -Xms100m 
java_command: /nix/store/a7s9klvriqi68xz3qjc0qyfl5h86xc16-jdt-language-server-1.9.0/share/java/plugins/org.eclipse.equinox.launcher_1.6.400.v20210924-0641.jar --add-modules=ALL-SYSTEM --add-opens java.base/java.util=ALL-UNNAMED --add-opens java.base/java.lang=ALL-UNNAMED -configuration /home/runner/Final-Project/.cache/jdt-language-server/config -data /home/runner/Final-Project/.cache/jdt-language-server/data/home/runner/Final-Project
java_class_path (initial): /nix/store/a7s9klvriqi68xz3qjc0qyfl5h86xc16-jdt-language-server-1.9.0/share/java/plugins/org.eclipse.equinox.launcher_1.6.400.v20210924-0641.jar
Launcher Type: SUN_STANDARD

[Global flags]
    uintx AdaptiveSizePolicyWeight                 = 90                                        {product} {command line}
     intx CICompilerCount                          = 2                                         {product} {ergonomic}
     bool EnableJVMCIProduct                       = true                                {JVMCI product} {jimage}
    uintx GCTimeRatio                              = 4                                         {product} {command line}
   size_t InitialHeapSize                          = 104857600                                 {product} {command line}
     uint JVMCIThreadsPerNativeLibraryRuntime      = 1                                   {JVMCI product} {jimage}
   size_t MaxHeapSize                              = 536870912                                 {product} {command line}
   size_t MaxNewSize                               = 178782208                                 {product} {ergonomic}
   size_t MinHeapDeltaBytes                        = 524288                                    {product} {ergonomic}
   size_t MinHeapSize                              = 104857600                                 {product} {command line}
   size_t NewSize                                  = 34603008                                  {product} {ergonomic}
    uintx NonNMethodCodeHeapSize                   = 5826188                                {pd product} {ergonomic}
    uintx NonProfiledCodeHeapSize                  = 122916026                              {pd product} {ergonomic}
   size_t OldSize                                  = 70254592                                  {product} {ergonomic}
    uintx ProfiledCodeHeapSize                     = 122916026                              {pd product} {ergonomic}
    uintx ReservedCodeCacheSize                    = 251658240                              {pd product} {ergonomic}
     bool SegmentedCodeCache                       = true                                      {product} {ergonomic}
   size_t SoftMaxHeapSize                          = 536870912                              {manageable} {ergonomic}
     intx ThreadPriorityPolicy                     = 1                                         {product} {jimage}
     bool UseCompressedClassPointers               = true                           {product lp64_product} {ergonomic}
     bool UseCompressedOops                        = true                           {product lp64_product} {ergonomic}
     bool UseParallelGC                            = true                                      {product} {command line}

Logging:
Log output configuration:
 #0: stdout all=warning uptime,level,tags
 #1: stderr all=off uptime,level,tags

Environment Variables:
JAVA_HOME=/nix/store/gpxl5qgg8kicmcvivwmybwjlpf7wh20l-graalvm17-ce-22.3.0
PATH=/nix/store/1d6ian3r8kdzspw8hacjhl3xkp40g1lj-binutils-wrapper-2.39/bin:/nix/store/dq0xwmsk1g0i2ayg6pb7y87na2knzylh-gcc-wrapper-11.3.0/bin:/nix/store/bap4d0lpcrhpwmpb8ayjcgkmvfj62lnq-bash-interactive-5.1-p16/bin:/nix/store/pr5n59mb4jzmfx6kanwxly0l07p861fg-patchelf-0.15.0/bin:/nix/store/1gf2flfqnpqbr1b4p4qz2f72y42bs56r-gcc-11.3.0/bin:/nix/store/57xv61c5zi8pphjbcwxxjlgc34p61ic9-glibc-2.35-163-bin/bin:/nix/store/a7gvj343m05j2s32xcnwr35v31ynlypr-coreutils-9.1/bin:/nix/store/039g378vc3pc3dvi9dzdlrd0i4q93qwf-binutils-2.39/bin:/nix/store/gpxl5qgg8kicmcvivwmybwjlpf7wh20l-graalvm17-ce-22.3.0/bin:/nix/store/6z9ag3ihc8mq2hzsw48lhbznvzny65nz-apache-maven-3.8.6/bin:/nix/store/a7s9klvriqi68xz3qjc0qyfl5h86xc16-jdt-language-server-1.9.0/bin:/nix/store/48ifl2w60a3zp7yskbpnvn8jp9jdsb7k-java-debug/bin:/nix/store/mydc6f4k2z73xlcz7ilif3v2lcaiqvza-findutils-4.9.0/bin:/nix/store/j9p3g8472iijd50vhdprx0nmk2fqn5gv-diffutils-3.8/bin:/nix/store/89zs7rms6x00xfq4dq6m7mjnhkr8a6r4-gnused-4.8/bin:/nix/store/86bp03jkmsl6f92w0yzg4s59g5mhxwmy-gnugrep-3.7/bin:/nix/store/hwcdqw4jrjnd37wxqgsd47hd0j8bnj09-gawk-5.1.1/bin:/nix/store/cfbhw8r8ags41vwqaz47r583d0p4h4a1-gnutar-1.34/bin:/nix/store/p3m1ndl1lapwrlh698bnb5lvvxh67378-gzip-1.12/bin:/nix/store/a8mhcagrsly7c7mpjrpsnaahk4aax056-bzip2-1.0.8-bin/bin:/nix/store/mblgz65m3zv9x548a3d5m96fj2pbwr09-gnumake-4.3/bin:/nix/store/dsd5gz46hdbdk2rfdimqddhq6m8m8fqs-bash-5.1-p16/bin:/nix/store/v7ljksji50mg3w61dykaa3n3y79n6nil-patch-2.7.6/bin:/nix/store/zlcnmqq14jz5x9439jf937mvayyl63da-xz-5.2.7-bin/bin:/nix/store/y6aj732zm9m87c82fpvf103a1xb22blp-file-5.43/bin:/nix/store/yq0vlv3d2f5si3ibawpq5ay2pc6knixp-nix-2.18.0pre20230808_c0e6466/bin:/nix/store/i4kzir3m7mrisxmf5xvlnkw01x4qaqr4-prybar-elisp-0.0.0-e0d9a52/bin:/nix/store/lwwivxf6h7x3cvxp9zv8sj0mv7dak99r-prybar-lua-0.0.0-e0d9a52/bin:/nix/store/gxj28g1cg4hq3qanmjv07156h800qr58-prybar-python3-0.0.0-e0d9a52/bin:/nix/store/hshkjnxrgidigf8x75vg6lqng2xlx9i3-prybar-sqlite-0.0.0-e0d9a52/bin:/nix/store/c4w01bpjgyy5ixmwdk8m1pw87zq4sl
LD_LIBRARY_PATH=/nix/store/a4pff549sk2idnkpzk5nsfps3mdkdnvm-cups-2.4.2-lib/lib:/nix/store/72mqxxhh3cy5yifh92wh2yb8cl2hikyy-cairo-1.16.0/lib:/nix/store/2k366jrbsra97gjfxwvrhvixjfxdach5-glib-2.74.1/lib:/nix/store/2j2znigd8ak37rlwh9khz0ry3clqlw1l-gtk+3-3.24.34/lib:/nix/store/hisqvx32cd57apbpcsnkpx6k3549wql1-libglvnd-1.4.0/lib:/nix/store/p36pgcv991mq5srvg765b78yqpxvk3qs-mesa-21.3.3-drivers/lib:/nix/store/mav4251if1ahjq5vkpwycyyvnmy459c4-pulseaudio-14.2/lib
DISPLAY=:0
LANG=en_US.UTF-8

Signal Handlers:
   SIGSEGV: crash_handler in libjvm.so, mask=11100100010111111101111111111110, flags=SA_RESTART|SA_SIGINFO
    SIGBUS: crash_handler in libjvm.so, mask=11100100010111111101111111111110, flags=SA_RESTART|SA_SIGINFO
    SIGFPE: crash_handler in libjvm.so, mask=11100100010111111101111111111110, flags=SA_RESTART|SA_SIGINFO
   SIGPIPE: IsolateEnterStub_IgnoreSIGPIPEStartupHook_noopSignalHandler_8f19bff2f35b5f630d83b364d6b2339320d4ec70_216e8361c6bc87a8f89f58cc10d3b2fd4415bf87 in libjvmcicompiler.so, mask=00000000000000000000000000000000, flags=SA_RESTART
  *** Handler was modified!
  *** Expected: javaSignalHandler in libjvm.so, mask=11100100110111111111111111111110, flags=SA_RESTART|SA_SIGINFO
   SIGXFSZ: javaSignalHandler in libjvm.so, mask=11100100010111111101111111111110, flags=SA_RESTART|SA_SIGINFO
    SIGILL: crash_handler in libjvm.so, mask=11100100010111111101111111111110, flags=SA_RESTART|SA_SIGINFO
   SIGUSR2: SR_handler in libjvm.so, mask=00000000000000000000000000000000, flags=SA_RESTART|SA_SIGINFO
    SIGHUP: UserHandler in libjvm.so, mask=11100100010111111101111111111110, flags=SA_RESTART|SA_SIGINFO
    SIGINT: UserHandler in libjvm.so, mask=11100100010111111101111111111110, flags=SA_RESTART|SA_SIGINFO
   SIGTERM: UserHandler in libjvm.so, mask=11100100010111111101111111111110, flags=SA_RESTART|SA_SIGINFO
   SIGQUIT: UserHandler in libjvm.so, mask=11100100010111111101111111111110, flags=SA_RESTART|SA_SIGINFO
  *** Handler was modified!
  *** Expected: javaSignalHandler in libjvm.so, mask=11100100110111111111111111111110, flags=SA_RESTART|SA_SIGINFO
   SIGTRAP: crash_handler in libjvm.so, mask=11100100010111111101111111111110, flags=SA_RESTART|SA_SIGINFO


---------------  S Y S T E M  ---------------

OS:
DISTRIB_ID=Ubuntu
DISTRIB_RELEASE=20.04
DISTRIB_CODENAME=focal
DISTRIB_DESCRIPTION="Ubuntu 20.04.2 LTS"
uname: Linux 6.2.0-1019-gcp #21~22.04.1-Ubuntu SMP Thu Nov 16 18:18:34 UTC 2023 x86_64
OS uptime: 0 days 8:27 hours
libc: glibc 2.35 NPTL 2.35 
rlimit (soft/hard): STACK 8192k/infinity , CORE infinity/infinity , NPROC infinity/infinity , NOFILE 5242/5242 , AS infinity/infinity , CPU infinity/infinity , DATA infinity/infinity , FSIZE infinity/infinity , MEMLOCK 8192k/8192k
load average: 8.04 13.01 13.21

/proc/meminfo:
MemTotal:       65835928 kB
MemFree:        44243132 kB
MemAvailable:   55433848 kB
Buffers:         1889108 kB
Cached:          9026116 kB
SwapCached:            0 kB
Active:          6058648 kB
Inactive:       13676476 kB
Active(anon):       5760 kB
Inactive(anon):  8746792 kB
Active(file):    6052888 kB
Inactive(file):  4929684 kB
Unevictable:       28816 kB
Mlocked:           28816 kB
SwapTotal:             0 kB
SwapFree:              0 kB
Zswap:                 0 kB
Zswapped:              0 kB
Dirty:             14696 kB
Writeback:             0 kB
AnonPages:       8669236 kB
Mapped:          1515636 kB
Shmem:             13604 kB
KReclaimable:     934596 kB
Slab:            1316204 kB
SReclaimable:     934596 kB
SUnreclaim:       381608 kB
KernelStack:       71508 kB
PageTables:       139568 kB
SecPageTables:         0 kB
NFS_Unstable:          0 kB
Bounce:                0 kB
WritebackTmp:          0 kB
CommitLimit:    32917964 kB
Committed_AS:   26115176 kB
VmallocTotal:   34359738367 kB
VmallocUsed:       96148 kB
VmallocChunk:          0 kB
Percpu:            32992 kB
HardwareCorrupted:     0 kB
AnonHugePages:    956416 kB
ShmemHugePages:        0 kB
ShmemPmdMapped:        0 kB
FileHugePages:         0 kB
FilePmdMapped:         0 kB
HugePages_Total:       0
HugePages_Free:        0
HugePages_Rsvd:        0
HugePages_Surp:        0
Hugepagesize:       2048 kB
Hugetlb:               0 kB
DirectMap4k:      209720 kB
DirectMap2M:     8175616 kB
DirectMap1G:    60817408 kB

/sys/kernel/mm/transparent_hugepage/enabled: always [madvise] never
/sys/kernel/mm/transparent_hugepage/defrag (defrag/compaction efforts parameter): always defer defer+madvise [madvise] never

Process Memory:
Virtual Size: 4447300K (peak: 4505384K)
Resident Set Size: 755868K (peak: 803988K) (anon: 558988K, file: 196880K, shmem: 0K)
Swapped out: 0K
C-Heap outstanding allocations: 37407K, retained: 12164K
glibc malloc tunables: (default)

/proc/sys/kernel/threads-max (system-wide limit on the number of threads): 514278
/proc/sys/vm/max_map_count (maximum number of memory map areas a process may have): 65530
/proc/sys/kernel/pid_max (system-wide limit on number of process identifiers): 4194304

container (cgroup) information:
container_type: cgroupv2
cpu_cpuset_cpus: not supported
cpu_memory_nodes: not supported
active_processor_count: 1
cpu_quota: 50000
cpu_period: 100000
cpu_shares: no shares
memory_limit_in_bytes: 1048576 k
memory_and_swap_limit_in_bytes: unlimited
memory_soft_limit_in_bytes: 524288 k
memory_usage_in_bytes: 608964 k
memory_max_usage_in_bytes: not supported
maximum number of tasks: not supported
current number of tasks: not supported

KVM virtualization detected
Steal ticks since vm start: 7447
Steal ticks percentage since vm start:  0.004

CPU: total 8 (initial active 1) (4 cores per cpu, 2 threads per core) family 6 model 79 stepping 0 microcode 0xffffffff, cx8, cmov, fxsr, ht, mmx, 3dnowpref, sse, sse2, sse3, ssse3, sse4.1, sse4.2, popcnt, lzcnt, tsc, tscinvbit, avx, avx2, aes, erms, clmul, bmi1, bmi2, rtm, adx, fma, vzeroupper, clflush, hv
CPU Model and flags from /proc/cpuinfo:
model name	: Intel(R) Xeon(R) CPU @ 2.20GHz
flags		: fpu vme de pse tsc msr pae mce cx8 apic sep mtrr pge mca cmov pat pse36 clflush mmx fxsr sse sse2 ss ht syscall nx pdpe1gb rdtscp lm constant_tsc rep_good nopl xtopology nonstop_tsc cpuid tsc_known_freq pni pclmulqdq ssse3 fma cx16 pcid sse4_1 sse4_2 x2apic movbe popcnt aes xsave avx f16c rdrand hypervisor lahf_lm abm 3dnowprefetch invpcid_single pti ssbd ibrs ibpb stibp fsgsbase tsc_adjust bmi1 hle avx2 smep bmi2 erms invpcid rtm rdseed adx smap xsaveopt arat md_clear arch_capabilities

Online cpus: 0-7
Offline cpus: 
BIOS frequency limitation: <Not Available>
Frequency switch latency (ns): <Not Available>
Available cpu frequencies: <Not Available>
Current governor: <Not Available>
Core performance/turbo boost: <Not Available>

Memory: 4k page, physical 1048576k(439600k free), swap 0k(0k free)
Page Sizes: 4k

vm_info: OpenJDK 64-Bit Server VM (17.0.5+8-jvmci-22.3-b08) for linux-amd64 JRE (17.0.5+8-jvmci-22.3-b08), built on Oct 19 2022 09:01:27 by "buildslave" with gcc 10.3.0

END.
